<?xml version="1.0" encoding="UTF-8"?>
<!-- Generated by org.testng.reporters.JUnitXMLReporter -->
<testsuite ignored="0" hostname="DESKTOP-QJLSV9M" failures="0" tests="7" name="RESTAPITest" time="12.369" errors="0" timestamp="2023-06-05T12:37:15 IST">
  <testcase classname="com.Raffloux.ApiTest.LoginApiPN" name="RafflouxRestApiValidations" time="5.09"/>
  <testcase classname="com.Raffloux.ApiTest.LoginApiPN" name="RafflouxRestApiValidations" time="0.473"/>
  <testcase classname="com.Raffloux.ApiTest.LoginApiPN" name="RafflouxRestApiValidations" time="2.986"/>
  <testcase classname="com.Raffloux.ApiTest.LoginApiPN" name="RafflouxRestApiValidations" time="0.48"/>
  <testcase classname="com.Raffloux.ApiTest.LoginApiPN" name="RafflouxRestApiValidations" time="0.211"/>
  <testcase classname="com.Raffloux.ApiTest.LoginApiPN" name="RafflouxRestApiValidations" time="0.176"/>
  <testcase classname="com.Raffloux.ApiTest.LoginApiPN" name="RafflouxRestApiValidations" time="0.424"/>
</testsuite> <!-- RESTAPITest -->
