<?xml version="1.0" encoding="UTF-8"?>
<testng-results ignored="0" total="7" passed="7" failed="0" skipped="0">
  <reporter-output>
  </reporter-output>
  <suite started-at="2023-06-05T12:37:02 IST" name="Testsuite" finished-at="2023-06-05T12:37:15 IST" duration-ms="12369">
    <groups>
    </groups>
    <test started-at="2023-06-05T12:37:02 IST" name="RESTAPITest" finished-at="2023-06-05T12:37:15 IST" duration-ms="12369">
      <class name="com.Raffloux.ApiTest.LoginApiPN">
        <test-method is-config="true" signature="setUp()[pri:0, instance:com.Raffloux.ApiTest.LoginApiPN@d83da2e]" started-at="2023-06-05T12:37:02 IST" name="setUp" finished-at="2023-06-05T12:37:02 IST" duration-ms="645" status="PASS">
          <reporter-output>
          </reporter-output>
        </test-method> <!-- setUp -->
        <test-method is-config="true" signature="beforeMethod()[pri:0, instance:com.Raffloux.ApiTest.LoginApiPN@d83da2e]" started-at="2023-06-05T12:37:04 IST" name="beforeMethod" finished-at="2023-06-05T12:37:04 IST" duration-ms="5" status="PASS">
          <reporter-output>
          </reporter-output>
        </test-method> <!-- beforeMethod -->
        <test-method signature="RafflouxRestApiValidations(java.lang.String,java.lang.String,java.lang.String,java.lang.String,java.lang.String,double,java.lang.String)[pri:0, instance:com.Raffloux.ApiTest.LoginApiPN@d83da2e]" started-at="2023-06-05T12:37:04 IST" name="RafflouxRestApiValidations" data-provider="LoginSheet" finished-at="2023-06-05T12:37:09 IST" duration-ms="5090" status="PASS">
          <params>
            <param index="0">
              <value>
                <![CDATA[ROW:2]]>
              </value>
            </param>
            <param index="1">
              <value>
                <![CDATA[ SignIn by using valid emailID and password]]>
              </value>
            </param>
            <param index="2">
              <value>
                <![CDATA[POST]]>
              </value>
            </param>
            <param index="3">
              <value>
                <![CDATA[/v1/signIn]]>
              </value>
            </param>
            <param index="4">
              <value>
                <![CDATA[{
    "email":"veera.raghavan@rhibhus.com",
    "password": "Abcd@12345"
}]]>
              </value>
            </param>
            <param index="5">
              <value>
                <![CDATA[200.0]]>
              </value>
            </param>
            <param index="6">
              <value>
                <![CDATA[{"status":200,"data":[{"jwt":"eyJhbGciOiJI]]>
              </value>
            </param>
          </params>
          <reporter-output>
          </reporter-output>
        </test-method> <!-- RafflouxRestApiValidations -->
        <test-method is-config="true" signature="afterMethod()[pri:0, instance:com.Raffloux.ApiTest.LoginApiPN@d83da2e]" started-at="2023-06-05T12:37:09 IST" name="afterMethod" finished-at="2023-06-05T12:37:10 IST" duration-ms="379" status="PASS">
          <reporter-output>
          </reporter-output>
        </test-method> <!-- afterMethod -->
        <test-method is-config="true" signature="beforeMethod()[pri:0, instance:com.Raffloux.ApiTest.LoginApiPN@d83da2e]" started-at="2023-06-05T12:37:10 IST" name="beforeMethod" finished-at="2023-06-05T12:37:10 IST" duration-ms="0" status="PASS">
          <reporter-output>
          </reporter-output>
        </test-method> <!-- beforeMethod -->
        <test-method signature="RafflouxRestApiValidations(java.lang.String,java.lang.String,java.lang.String,java.lang.String,java.lang.String,double,java.lang.String)[pri:0, instance:com.Raffloux.ApiTest.LoginApiPN@d83da2e]" started-at="2023-06-05T12:37:10 IST" name="RafflouxRestApiValidations" data-provider="LoginSheet" finished-at="2023-06-05T12:37:10 IST" duration-ms="473" status="PASS">
          <params>
            <param index="0">
              <value>
                <![CDATA[ROW:3]]>
              </value>
            </param>
            <param index="1">
              <value>
                <![CDATA[ SignIn by using Invalid emailID format ]]>
              </value>
            </param>
            <param index="2">
              <value>
                <![CDATA[POST]]>
              </value>
            </param>
            <param index="3">
              <value>
                <![CDATA[/v1/signIn]]>
              </value>
            </param>
            <param index="4">
              <value>
                <![CDATA[{
    "email":"veera.raghavan@rhi",
    "password": "Abcd@12345"
}]]>
              </value>
            </param>
            <param index="5">
              <value>
                <![CDATA[400.0]]>
              </value>
            </param>
            <param index="6">
              <value>
                <![CDATA["Invalid Request"]]>
              </value>
            </param>
          </params>
          <reporter-output>
          </reporter-output>
        </test-method> <!-- RafflouxRestApiValidations -->
        <test-method is-config="true" signature="afterMethod()[pri:0, instance:com.Raffloux.ApiTest.LoginApiPN@d83da2e]" started-at="2023-06-05T12:37:10 IST" name="afterMethod" finished-at="2023-06-05T12:37:10 IST" duration-ms="32" status="PASS">
          <reporter-output>
          </reporter-output>
        </test-method> <!-- afterMethod -->
        <test-method is-config="true" signature="beforeMethod()[pri:0, instance:com.Raffloux.ApiTest.LoginApiPN@d83da2e]" started-at="2023-06-05T12:37:10 IST" name="beforeMethod" finished-at="2023-06-05T12:37:10 IST" duration-ms="3" status="PASS">
          <reporter-output>
          </reporter-output>
        </test-method> <!-- beforeMethod -->
        <test-method signature="RafflouxRestApiValidations(java.lang.String,java.lang.String,java.lang.String,java.lang.String,java.lang.String,double,java.lang.String)[pri:0, instance:com.Raffloux.ApiTest.LoginApiPN@d83da2e]" started-at="2023-06-05T12:37:10 IST" name="RafflouxRestApiValidations" data-provider="LoginSheet" finished-at="2023-06-05T12:37:13 IST" duration-ms="2986" status="PASS">
          <params>
            <param index="0">
              <value>
                <![CDATA[ROW:4]]>
              </value>
            </param>
            <param index="1">
              <value>
                <![CDATA[ SignIn by using Invalid password format ]]>
              </value>
            </param>
            <param index="2">
              <value>
                <![CDATA[POST]]>
              </value>
            </param>
            <param index="3">
              <value>
                <![CDATA[/v1/signIn]]>
              </value>
            </param>
            <param index="4">
              <value>
                <![CDATA[{
    "email":"veera.raghavan@rhibhus.com",
    "password": "Abfrdsq"
}]]>
              </value>
            </param>
            <param index="5">
              <value>
                <![CDATA[400.0]]>
              </value>
            </param>
            <param index="6">
              <value>
                <![CDATA[{"status":400,"message":"Invalid Password"}]]>
              </value>
            </param>
          </params>
          <reporter-output>
          </reporter-output>
        </test-method> <!-- RafflouxRestApiValidations -->
        <test-method is-config="true" signature="afterMethod()[pri:0, instance:com.Raffloux.ApiTest.LoginApiPN@d83da2e]" started-at="2023-06-05T12:37:13 IST" name="afterMethod" finished-at="2023-06-05T12:37:13 IST" duration-ms="15" status="PASS">
          <reporter-output>
          </reporter-output>
        </test-method> <!-- afterMethod -->
        <test-method signature="RafflouxRestApiValidations(java.lang.String,java.lang.String,java.lang.String,java.lang.String,java.lang.String,double,java.lang.String)[pri:0, instance:com.Raffloux.ApiTest.LoginApiPN@d83da2e]" started-at="2023-06-05T12:37:13 IST" name="RafflouxRestApiValidations" data-provider="LoginSheet" finished-at="2023-06-05T12:37:14 IST" duration-ms="480" status="PASS">
          <params>
            <param index="0">
              <value>
                <![CDATA[ROW:5]]>
              </value>
            </param>
            <param index="1">
              <value>
                <![CDATA[ SignIn by using unregrested emailID]]>
              </value>
            </param>
            <param index="2">
              <value>
                <![CDATA[POST]]>
              </value>
            </param>
            <param index="3">
              <value>
                <![CDATA[/v1/signIn]]>
              </value>
            </param>
            <param index="4">
              <value>
                <![CDATA[{
    "email":"veera.raghavan@hytj.com",
    "password": "Abcd@12345"
}]]>
              </value>
            </param>
            <param index="5">
              <value>
                <![CDATA[400.0]]>
              </value>
            </param>
            <param index="6">
              <value>
                <![CDATA[{"status":400,"message":"User Email Does Not Exists"}]]>
              </value>
            </param>
          </params>
          <reporter-output>
          </reporter-output>
        </test-method> <!-- RafflouxRestApiValidations -->
        <test-method is-config="true" signature="beforeMethod()[pri:0, instance:com.Raffloux.ApiTest.LoginApiPN@d83da2e]" started-at="2023-06-05T12:37:13 IST" name="beforeMethod" finished-at="2023-06-05T12:37:13 IST" duration-ms="0" status="PASS">
          <reporter-output>
          </reporter-output>
        </test-method> <!-- beforeMethod -->
        <test-method is-config="true" signature="afterMethod()[pri:0, instance:com.Raffloux.ApiTest.LoginApiPN@d83da2e]" started-at="2023-06-05T12:37:14 IST" name="afterMethod" finished-at="2023-06-05T12:37:14 IST" duration-ms="27" status="PASS">
          <reporter-output>
          </reporter-output>
        </test-method> <!-- afterMethod -->
        <test-method is-config="true" signature="beforeMethod()[pri:0, instance:com.Raffloux.ApiTest.LoginApiPN@d83da2e]" started-at="2023-06-05T12:37:14 IST" name="beforeMethod" finished-at="2023-06-05T12:37:14 IST" duration-ms="1" status="PASS">
          <reporter-output>
          </reporter-output>
        </test-method> <!-- beforeMethod -->
        <test-method signature="RafflouxRestApiValidations(java.lang.String,java.lang.String,java.lang.String,java.lang.String,java.lang.String,double,java.lang.String)[pri:0, instance:com.Raffloux.ApiTest.LoginApiPN@d83da2e]" started-at="2023-06-05T12:37:14 IST" name="RafflouxRestApiValidations" data-provider="LoginSheet" finished-at="2023-06-05T12:37:14 IST" duration-ms="211" status="PASS">
          <params>
            <param index="0">
              <value>
                <![CDATA[ROW:6]]>
              </value>
            </param>
            <param index="1">
              <value>
                <![CDATA[ SignIn by giving invalid payload format]]>
              </value>
            </param>
            <param index="2">
              <value>
                <![CDATA[POST]]>
              </value>
            </param>
            <param index="3">
              <value>
                <![CDATA[/v1/signIn]]>
              </value>
            </param>
            <param index="4">
              <value>
                <![CDATA[{
    :"veera.raghavan@rhibhus.com",
    "password": "Abcd@12345"
}]]>
              </value>
            </param>
            <param index="5">
              <value>
                <![CDATA[400.0]]>
              </value>
            </param>
            <param index="6">
              <value>
                <![CDATA[Unexpected token : in JSON at position 6]]>
              </value>
            </param>
          </params>
          <reporter-output>
          </reporter-output>
        </test-method> <!-- RafflouxRestApiValidations -->
        <test-method is-config="true" signature="afterMethod()[pri:0, instance:com.Raffloux.ApiTest.LoginApiPN@d83da2e]" started-at="2023-06-05T12:37:14 IST" name="afterMethod" finished-at="2023-06-05T12:37:14 IST" duration-ms="68" status="PASS">
          <reporter-output>
          </reporter-output>
        </test-method> <!-- afterMethod -->
        <test-method signature="RafflouxRestApiValidations(java.lang.String,java.lang.String,java.lang.String,java.lang.String,java.lang.String,double,java.lang.String)[pri:0, instance:com.Raffloux.ApiTest.LoginApiPN@d83da2e]" started-at="2023-06-05T12:37:14 IST" name="RafflouxRestApiValidations" data-provider="LoginSheet" finished-at="2023-06-05T12:37:14 IST" duration-ms="176" status="PASS">
          <params>
            <param index="0">
              <value>
                <![CDATA[ROW:7]]>
              </value>
            </param>
            <param index="1">
              <value>
                <![CDATA[ SignIn by null value]]>
              </value>
            </param>
            <param index="2">
              <value>
                <![CDATA[POST]]>
              </value>
            </param>
            <param index="3">
              <value>
                <![CDATA[/v2/signIn]]>
              </value>
            </param>
            <param index="4">
              <value>
                <![CDATA[{
    "email":"",
    "password": ""
}]]>
              </value>
            </param>
            <param index="5">
              <value>
                <![CDATA[403.0]]>
              </value>
            </param>
            <param index="6">
              <value>
                <![CDATA[{"message":"Missing Authentication Token"}]]>
              </value>
            </param>
          </params>
          <reporter-output>
          </reporter-output>
        </test-method> <!-- RafflouxRestApiValidations -->
        <test-method is-config="true" signature="beforeMethod()[pri:0, instance:com.Raffloux.ApiTest.LoginApiPN@d83da2e]" started-at="2023-06-05T12:37:14 IST" name="beforeMethod" finished-at="2023-06-05T12:37:14 IST" duration-ms="0" status="PASS">
          <reporter-output>
          </reporter-output>
        </test-method> <!-- beforeMethod -->
        <test-method is-config="true" signature="afterMethod()[pri:0, instance:com.Raffloux.ApiTest.LoginApiPN@d83da2e]" started-at="2023-06-05T12:37:14 IST" name="afterMethod" finished-at="2023-06-05T12:37:14 IST" duration-ms="74" status="PASS">
          <reporter-output>
          </reporter-output>
        </test-method> <!-- afterMethod -->
        <test-method is-config="true" signature="beforeMethod()[pri:0, instance:com.Raffloux.ApiTest.LoginApiPN@d83da2e]" started-at="2023-06-05T12:37:14 IST" name="beforeMethod" finished-at="2023-06-05T12:37:14 IST" duration-ms="1" status="PASS">
          <reporter-output>
          </reporter-output>
        </test-method> <!-- beforeMethod -->
        <test-method signature="RafflouxRestApiValidations(java.lang.String,java.lang.String,java.lang.String,java.lang.String,java.lang.String,double,java.lang.String)[pri:0, instance:com.Raffloux.ApiTest.LoginApiPN@d83da2e]" started-at="2023-06-05T12:37:14 IST" name="RafflouxRestApiValidations" data-provider="LoginSheet" finished-at="2023-06-05T12:37:15 IST" duration-ms="424" status="PASS">
          <params>
            <param index="0">
              <value>
                <![CDATA[ROW:8]]>
              </value>
            </param>
            <param index="1">
              <value>
                <![CDATA[ SignIn by pay load as null ]]>
              </value>
            </param>
            <param index="2">
              <value>
                <![CDATA[POST]]>
              </value>
            </param>
            <param index="3">
              <value>
                <![CDATA[/v3/signIn]]>
              </value>
            </param>
            <param index="4">
              <value>
                <![CDATA[{
 
}]]>
              </value>
            </param>
            <param index="5">
              <value>
                <![CDATA[403.0]]>
              </value>
            </param>
            <param index="6">
              <value>
                <![CDATA[{"message":"Missing Authentication Token"}]]>
              </value>
            </param>
          </params>
          <reporter-output>
          </reporter-output>
        </test-method> <!-- RafflouxRestApiValidations -->
        <test-method is-config="true" signature="afterMethod()[pri:0, instance:com.Raffloux.ApiTest.LoginApiPN@d83da2e]" started-at="2023-06-05T12:37:15 IST" name="afterMethod" finished-at="2023-06-05T12:37:15 IST" duration-ms="81" status="PASS">
          <reporter-output>
          </reporter-output>
        </test-method> <!-- afterMethod -->
        <test-method is-config="true" signature="tearDown()[pri:0, instance:com.Raffloux.ApiTest.LoginApiPN@d83da2e]" started-at="2023-06-05T12:37:15 IST" name="tearDown" finished-at="2023-06-05T12:37:15 IST" duration-ms="48" status="PASS">
          <reporter-output>
          </reporter-output>
        </test-method> <!-- tearDown -->
      </class> <!-- com.Raffloux.ApiTest.LoginApiPN -->
    </test> <!-- RESTAPITest -->
  </suite> <!-- Testsuite -->
</testng-results>
