<?xml version="1.0" encoding="UTF-8"?>
<testsuite name="TestSuite" time="5.093" tests="7" errors="0" skipped="0" failures="0">
  <properties>
[...]
</properties>
  <testcase name="RafflouxRestApiValidations" classname="com.Raffloux.ApiTest.LoginApiPN" time="5.093"/>
  <testcase name="RafflouxRestApiValidations" classname="com.Raffloux.ApiTest.LoginApiPN" time="0.475"/>
  <testcase name="RafflouxRestApiValidations" classname="com.Raffloux.ApiTest.LoginApiPN" time="2.986"/>
  <testcase name="RafflouxRestApiValidations" classname="com.Raffloux.ApiTest.LoginApiPN" time="0.479"/>
  <testcase name="RafflouxRestApiValidations" classname="com.Raffloux.ApiTest.LoginApiPN" time="0.207"/>
  <testcase name="RafflouxRestApiValidations" classname="com.Raffloux.ApiTest.LoginApiPN" time="0.177"/>
  <testcase name="RafflouxRestApiValidations" classname="com.Raffloux.ApiTest.LoginApiPN" time="0.424"/>
</testsuite>