<?xml version="1.0" encoding="UTF-8"?>
<testng-results ignored="0" total="118" passed="0" failed="1" skipped="117">
  <reporter-output>
  </reporter-output>
  <suite started-at="2023-06-05T11:43:08 IST" name="Testsuite" finished-at="2023-06-05T11:43:14 IST" duration-ms="6061">
    <groups>
    </groups>
    <test started-at="2023-06-05T11:43:08 IST" name="RESTAPITest" finished-at="2023-06-05T11:43:14 IST" duration-ms="6061">
      <class name="com.Raffloux.ApiTest.RafflouxApiTestClass">
        <test-method is-config="true" signature="setUp()[pri:0, instance:com.Raffloux.ApiTest.RafflouxApiTestClass@4ec4f3a0]" started-at="2023-06-05T11:43:08 IST" name="setUp" finished-at="2023-06-05T11:43:08 IST" duration-ms="0" status="SKIP">
          <reporter-output>
          </reporter-output>
        </test-method> <!-- setUp -->
        <test-method is-config="true" signature="beforeMethod()[pri:0, instance:com.Raffloux.ApiTest.RafflouxApiTestClass@4ec4f3a0]" started-at="2023-06-05T11:43:09 IST" name="beforeMethod" finished-at="2023-06-05T11:43:09 IST" duration-ms="0" status="SKIP">
          <reporter-output>
          </reporter-output>
        </test-method> <!-- beforeMethod -->
        <test-method signature="RestApiLoginValidations()[pri:1, instance:com.Raffloux.ApiTest.RafflouxApiTestClass@4ec4f3a0]" started-at="2023-06-05T11:43:09 IST" name="RestApiLoginValidations" finished-at="2023-06-05T11:43:09 IST" duration-ms="0" status="SKIP">
          <exception class="java.lang.NoClassDefFoundError">
            <message>
              <![CDATA[com/aventstack/extentreports/observer/ReportObserver]]>
            </message>
            <full-stacktrace>
              <![CDATA[java.lang.NoClassDefFoundError: com/aventstack/extentreports/observer/ReportObserver
at java.base/java.lang.ClassLoader.defineClass1(Native Method)
at java.base/java.lang.ClassLoader.defineClass(ClassLoader.java:1012)
at java.base/java.security.SecureClassLoader.defineClass(SecureClassLoader.java:150)
at java.base/jdk.internal.loader.BuiltinClassLoader.defineClass(BuiltinClassLoader.java:862)
at java.base/jdk.internal.loader.BuiltinClassLoader.findClassOnClassPathOrNull(BuiltinClassLoader.java:760)
at java.base/jdk.internal.loader.BuiltinClassLoader.loadClassOrNull(BuiltinClassLoader.java:681)
at java.base/jdk.internal.loader.BuiltinClassLoader.loadClass(BuiltinClassLoader.java:639)
at java.base/jdk.internal.loader.ClassLoaders$AppClassLoader.loadClass(ClassLoaders.java:188)
at java.base/java.lang.ClassLoader.loadClass(ClassLoader.java:520)
at com.Raffloux.ApiTest.LoginApiPN.setUp(LoginApiPN.java:32)
at java.base/jdk.internal.reflect.NativeMethodAccessorImpl.invoke0(Native Method)
at java.base/jdk.internal.reflect.NativeMethodAccessorImpl.invoke(NativeMethodAccessorImpl.java:77)
at java.base/jdk.internal.reflect.DelegatingMethodAccessorImpl.invoke(DelegatingMethodAccessorImpl.java:43)
at java.base/java.lang.reflect.Method.invoke(Method.java:568)
at org.testng.internal.invokers.MethodInvocationHelper.invokeMethod(MethodInvocationHelper.java:139)
at org.testng.internal.invokers.MethodInvocationHelper.invokeMethodConsideringTimeout(MethodInvocationHelper.java:69)
at org.testng.internal.invokers.ConfigInvoker.invokeConfigurationMethod(ConfigInvoker.java:361)
at org.testng.internal.invokers.ConfigInvoker.invokeConfigurations(ConfigInvoker.java:296)
at org.testng.SuiteRunner.privateRun(SuiteRunner.java:376)
at org.testng.SuiteRunner.run(SuiteRunner.java:330)
at org.testng.SuiteRunnerWorker.runSuite(SuiteRunnerWorker.java:52)
at org.testng.SuiteRunnerWorker.run(SuiteRunnerWorker.java:95)
at org.testng.TestNG.runSuitesSequentially(TestNG.java:1256)
at org.testng.TestNG.runSuitesLocally(TestNG.java:1176)
at org.testng.TestNG.runSuites(TestNG.java:1099)
at org.testng.TestNG.run(TestNG.java:1067)
at org.testng.remote.AbstractRemoteTestNG.run(AbstractRemoteTestNG.java:115)
at org.testng.remote.RemoteTestNG.initAndRun(RemoteTestNG.java:251)
at org.testng.remote.RemoteTestNG.main(RemoteTestNG.java:77)
Caused by: java.lang.ClassNotFoundException: com.aventstack.extentreports.observer.ReportObserver
at java.base/jdk.internal.loader.BuiltinClassLoader.loadClass(BuiltinClassLoader.java:641)
at java.base/jdk.internal.loader.ClassLoaders$AppClassLoader.loadClass(ClassLoaders.java:188)
at java.base/java.lang.ClassLoader.loadClass(ClassLoader.java:520)
... 29 more
]]>
            </full-stacktrace>
          </exception> <!-- java.lang.NoClassDefFoundError -->
          <reporter-output>
          </reporter-output>
        </test-method> <!-- RestApiLoginValidations -->
        <test-method is-config="true" signature="afterMethod()[pri:0, instance:com.Raffloux.ApiTest.RafflouxApiTestClass@4ec4f3a0]" started-at="2023-06-05T11:43:09 IST" name="afterMethod" finished-at="2023-06-05T11:43:09 IST" duration-ms="0" status="SKIP">
          <reporter-output>
          </reporter-output>
        </test-method> <!-- afterMethod -->
        <test-method signature="RestApiLoginValidations(java.lang.String,java.lang.String,java.lang.String,java.lang.String,java.lang.String,double,java.lang.String)[pri:2, instance:com.Raffloux.ApiTest.RafflouxApiTestClass@4ec4f3a0]" started-at="2023-06-05T11:43:09 IST" name="RestApiLoginValidations" data-provider="FunctSheet" finished-at="2023-06-05T11:43:14 IST" duration-ms="4868" status="FAIL">
          <exception class="org.testng.internal.reflect.MethodMatcherException">
            <message>
              <![CDATA[
[public void com.Raffloux.ApiTest.RafflouxApiTestClass.RestApiLoginValidations(java.lang.String,java.lang.String,java.lang.String,java.lang.String,java.lang.String,double,java.lang.String)] has no parameters defined but was found to be using a data provider (either explicitly specified or inherited from class level annotation).
Data provider mismatch
Method: RestApiLoginValidations([java.lang.String arg0, java.lang.String arg1, java.lang.String arg2, java.lang.String arg3, java.lang.String arg4, double arg5, java.lang.String arg6])
Arguments: [null,null,null]]]>
            </message>
            <full-stacktrace>
              <![CDATA[org.testng.internal.reflect.MethodMatcherException: 
[public void com.Raffloux.ApiTest.RafflouxApiTestClass.RestApiLoginValidations(java.lang.String,java.lang.String,java.lang.String,java.lang.String,java.lang.String,double,java.lang.String)] has no parameters defined but was found to be using a data provider (either explicitly specified or inherited from class level annotation).
Data provider mismatch
Method: RestApiLoginValidations([java.lang.String arg0, java.lang.String arg1, java.lang.String arg2, java.lang.String arg3, java.lang.String arg4, double arg5, java.lang.String arg6])
Arguments: [null,null,null]
at org.testng.internal.reflect.DataProviderMethodMatcher.getConformingArguments(DataProviderMethodMatcher.java:46)
at org.testng.internal.Parameters.injectParameters(Parameters.java:909)
at org.testng.internal.invokers.MethodRunner.runInSequence(MethodRunner.java:37)
at org.testng.internal.invokers.TestInvoker$MethodInvocationAgent.invoke(TestInvoker.java:969)
at org.testng.internal.invokers.TestInvoker.invokeTestMethods(TestInvoker.java:194)
at org.testng.internal.invokers.TestMethodWorker.invokeTestMethods(TestMethodWorker.java:148)
at org.testng.internal.invokers.TestMethodWorker.run(TestMethodWorker.java:128)
at java.base/java.util.ArrayList.forEach(ArrayList.java:1511)
at org.testng.TestRunner.privateRun(TestRunner.java:829)
at org.testng.TestRunner.run(TestRunner.java:602)
at org.testng.SuiteRunner.runTest(SuiteRunner.java:437)
at org.testng.SuiteRunner.runSequentially(SuiteRunner.java:431)
at org.testng.SuiteRunner.privateRun(SuiteRunner.java:391)
at org.testng.SuiteRunner.run(SuiteRunner.java:330)
at org.testng.SuiteRunnerWorker.runSuite(SuiteRunnerWorker.java:52)
at org.testng.SuiteRunnerWorker.run(SuiteRunnerWorker.java:95)
at org.testng.TestNG.runSuitesSequentially(TestNG.java:1256)
at org.testng.TestNG.runSuitesLocally(TestNG.java:1176)
at org.testng.TestNG.runSuites(TestNG.java:1099)
at org.testng.TestNG.run(TestNG.java:1067)
at org.testng.remote.AbstractRemoteTestNG.run(AbstractRemoteTestNG.java:115)
at org.testng.remote.RemoteTestNG.initAndRun(RemoteTestNG.java:251)
at org.testng.remote.RemoteTestNG.main(RemoteTestNG.java:77)
]]>
            </full-stacktrace>
          </exception> <!-- org.testng.internal.reflect.MethodMatcherException -->
          <reporter-output>
          </reporter-output>
        </test-method> <!-- RestApiLoginValidations -->
        <test-method is-config="true" signature="beforeMethod()[pri:0, instance:com.Raffloux.ApiTest.RafflouxApiTestClass@4ec4f3a0]" started-at="2023-06-05T11:43:11 IST" name="beforeMethod" finished-at="2023-06-05T11:43:11 IST" duration-ms="0" status="SKIP">
          <reporter-output>
          </reporter-output>
        </test-method> <!-- beforeMethod -->
        <test-method signature="RestApiLoginValidations(java.lang.String,java.lang.String,java.lang.String,java.lang.String,java.lang.String,double,java.lang.String)[pri:2, instance:com.Raffloux.ApiTest.RafflouxApiTestClass@4ec4f3a0]" started-at="2023-06-05T11:43:11 IST" name="RestApiLoginValidations" data-provider="FunctSheet" finished-at="2023-06-05T11:43:11 IST" duration-ms="1" status="SKIP">
          <params>
            <param index="0">
              <value>
                <![CDATA[ROW:2]]>
              </value>
            </param>
            <param index="1">
              <value>
                <![CDATA[fetchFeaturedRaffles by giving valid data]]>
              </value>
            </param>
            <param index="2">
              <value>
                <![CDATA[POST]]>
              </value>
            </param>
            <param index="3">
              <value>
                <![CDATA[/v1/fetchFeaturedRaffles]]>
              </value>
            </param>
            <param index="4">
              <value>
                <![CDATA[{}]]>
              </value>
            </param>
            <param index="5">
              <value>
                <![CDATA[200.0]]>
              </value>
            </param>
            <param index="6">
              <value>
                <![CDATA[[{"id":8197,"RaffleCode":3909,"QuantityOfItems":1,"MainImageUrl":"media23/rafNinjaBBQ_main.webp","Summary":".","Description":"Win an Ninja Woodfire Electric BBQ!\r\n

\r\nDiscover a new way to cook outdoors. Grill, smoke, air fry and more, all with real Woodfire flavours. Powered by electricity, simply plug in and go for hassle-free outdoor cooking, any day of the week. All the flavour without the fuss of gas or charcoal. Fire up the flavour with Woodfire Technology. The integrated smoker box burns 100% natural wood pellets to create authentic woodfire flavours - simply add 1 scoop of Woodfire Pellets. 7 ways to cook: Grill, Smoke, Air Fry, Roast, Bake, Reheat and Dehydrate.","ReservePrice":"0.00","NoOfTickets":null,"RaffleLength":null,"RaffleExpire":"2023-05-22T21:00:00.000Z","RaffleAdded":"2023-04-24T13:30:49.730Z","Featured":false,"TicketsSold":0,"TicketsLeft":null,"TicketStartInt":1,"CategoryID_id":6,"Condition_id":1,"DeliveryInformation_id":2,"Status_id":2,"Charity_id":null,"CharityAmount":"0","Title":"Ninja Woodfire BBQ","ProductSource":"","RetailPrice":"350.00","Specification":"ç7 ways to cook: \r\nGrill \r\nSmoke\r\nAir Fry \r\nRoast\r\nBake\r\nReheat\r\nDehydrate.","TargetPrice":"700.00","Seller_id":1,"CreatedDateTime":"2023-04-24T13:30:49.745Z","MiniImageUrl":"media23/rafNinjaBBQ_mini.webp","FacebookDescription":"Win an Ninja Woodfire Electric BBQ!","FacebookTitle":"Win an Ninja Woodfire Electric BBQ!","CreditsPerTicket":1,"Extended":false,"ExtendedDays":0,"isLive":true,"TicketsPerEntry":1,"MaxEntries":20,"isCharity":false,"CharityColorOverride":"","isFlash":false,"slug":"ninjabbq","VideoUrl_mp4":"","FeatureRaffleSort":0,"VideoLength_mp4":0,"VideoUrl_webm":"","NoWinners":1,"JiraKeyId":"NA","Sponsor_id":null,"MainImageAlt":"Win an Ninja Woodfire Electric BBQ!","MiniImageAlt":"Win an Ninja Woodfire Electric BBQ!","PromoImageAlt":"","PromoImageUrl":"","drawing_in":"2023-05-22T21:00:00.000Z","postal_tickets":"","ticket_entries":"","isSuperRaffle":false,"isUnlimitedTickets":false,"Winners":null,"isLiveDraw":false,"isSequentialTickets":false,"isAutoClone":false,"autoCloned":false,"clonedFrom_id":8580,"Video_NoSound":false,"VideoLiveDrawUrl":null,"MetaDescription":"Win an Ninja Woodfire Electric BBQ!","MetaTitle":"Win an Ninja Woodfire Electric BBQ!","XLImageAlt":"","XLImageUrl":"","isFreeRaffle":false,"isNew":false,"CharityTargetRaisedAmount":0,"CharityApproximateDonation":1000,"isUnlimitedEntries":true,"isGuaranteedDraw":false,"autoraffle":false,"custom_raffle_id":null,"displayed_winner_description":"","displayed_winner_img_url":null,"AllRaffleSort":0,"entry_cost_gbp":"0.99","is_unlimited_entries":false,"is_unlimited_raffle":false,"total_entries":699,"total_entries_per_player":50,"discounted_entry_cost_gbp":"1.00","discounted_entry_percentage":"0","disable_ticket_selector":false,"Youtube_Link":"","hide_tickets_checkout":false,"instant_win_image":null,"noOfTopPrizes":6,"cash_alternative":0,"isFeatured":true,"Sort":1,"Raffle_id":8909,"Website_id":6,"percentage_sold":58,"total_entries_sold":"405","is_launch_price":false,"time_left_days":-8,"is_timer_enabled":false},{"id":8212,"RaffleCode":4094,"QuantityOfItems":1,"MainImageUrl":"media23/raf3KMulti_main.webp","Summary":".","Description":"Welcome to THE 100!\r\n

\r\n£3,000 worth of prizes in total.\r\n

\r\nThe minimum win on this prize is £100. That's right every instant win on this raffle is £100 and there are 25 you could find! \r\n

\r\nThere is also a £500 Jackpot when the raffle draws. \r\n

\r\nYou will win an instant-win prize if you purchase a ticket number associated with a prize, if an instant-win prize ticket is unsold, it will not be won.\r\n

\r\nThere are 25 x £100 cash prizes hidden in this raffle and don't forget every ticket you buy will be in with a chance of winning the £500 Jackpot.","ReservePrice":"0.00","NoOfTickets":null,"RaffleLength":null,"RaffleExpire":"2023-06-24T21:00:00.000Z","RaffleAdded":"2023-05-22T10:38:07.529Z","Featured":false,"TicketsSold":0,"TicketsLeft":null,"TicketStartInt":1,"CategoryID_id":35,"Condition_id":1,"DeliveryInformation_id":2,"Status_id":2,"Charity_id":null,"CharityAmount":"0","Title":"The 100 Instant Win","ProductSource":"","RetailPrice":"500.00","Specification":".","TargetPrice":"6000.00","Seller_id":1,"CreatedDateTime":"2023-05-22T10:38:07.543Z","MiniImageUrl":"media23/raf3KMulti_mini.webp","FacebookDescription":"The 100 Instant Win","FacebookTitle":"The 100 Instant Win","CreditsPerTicket":1,"Extended":false,"ExtendedDays":0,"isLive":true,"TicketsPerEntry":1,"MaxEntries":20,"isCharity":false,"CharityColorOverride":"","isFlash":true,"slug":"the100","VideoUrl_mp4":"","FeatureRaffleSort":0,"VideoLength_mp4":0,"VideoUrl_webm":"","NoWinners":1,"JiraKeyId":"NA","Sponsor_id":null,"MainImageAlt":"The 100","MiniImageAlt":"The 100","PromoImageAlt":"The 100","PromoImageUrl":"media23/raf3KMulti_promo.webp","drawing_in":"2023-06-30T21:00:00.000Z","postal_tickets":"","ticket_entries":"","isSuperRaffle":false,"isUnlimitedTickets":false,"Winners":null,"isLiveDraw":false,"isSequentialTickets":false,"isAutoClone":false,"autoCloned":false,"clonedFrom_id":8841,"Video_NoSound":false,"VideoLiveDrawUrl":null,"MetaDescription":"The 100 Instant Win","MetaTitle":"The 100 Instant Win","XLImageAlt":"The 100","XLImageUrl":"media23/raf3KMulti_XL.webp","isFreeRaffle":false,"isNew":false,"CharityTargetRaisedAmount":0,"CharityApproximateDonation":1000,"isUnlimitedEntries":true,"isGuaranteedDraw":false,"autoraffle":false,"custom_raffle_id":null,"displayed_winner_description":"","displayed_winner_img_url":null,"AllRaffleSort":0,"entry_cost_gbp":"4.99","is_unlimited_entries":false,"is_unlimited_raffle":false,"total_entries":999,"total_entries_per_player":80,"discounted_entry_cost_gbp":"1.00","discounted_entry_percentage":"0","disable_ticket_selector":true,"Youtube_Link":"","hide_tickets_checkout":true,"instant_win_image":null,"noOfTopPrizes":25,"cash_alternative":0,"isFeatured":true,"Sort":0,"Raffle_id":9099,"Website_id":6,"percentage_sold":26,"total_entries_sold":"255","is_launch_price":false,"time_left_days":0,"is_timer_enabled":false},{"id":8205,"RaffleCode":3996,"QuantityOfItems":1,"MainImageUrl":"media23/rafAC_main.webp","Summary":".","Description":"This cash Instant Win raffle is out of this world! \r\n

\r\nNot only is there £2,000 up for grabs but there is also £28,000 of instant wins that could be found throughout the raffle!\r\n

\r\nWill you be fast enough to grab these instant wins and bag yourself some cash on the way to the chance of winning a whopping £2,000?\r\n

\r\nYou will win an instant-win prize if you purchase a ticket number associated with a prize, if an instant-win prize ticket is unsold, it will not be won. \r\n
]]>
              </value>
            </param>
          </params>
          <exception class="java.lang.NoClassDefFoundError">
            <message>
              <![CDATA[com/aventstack/extentreports/observer/ReportObserver]]>
            </message>
            <full-stacktrace>
              <![CDATA[java.lang.NoClassDefFoundError: com/aventstack/extentreports/observer/ReportObserver
at java.base/java.lang.ClassLoader.defineClass1(Native Method)
at java.base/java.lang.ClassLoader.defineClass(ClassLoader.java:1012)
at java.base/java.security.SecureClassLoader.defineClass(SecureClassLoader.java:150)
at java.base/jdk.internal.loader.BuiltinClassLoader.defineClass(BuiltinClassLoader.java:862)
at java.base/jdk.internal.loader.BuiltinClassLoader.findClassOnClassPathOrNull(BuiltinClassLoader.java:760)
at java.base/jdk.internal.loader.BuiltinClassLoader.loadClassOrNull(BuiltinClassLoader.java:681)
at java.base/jdk.internal.loader.BuiltinClassLoader.loadClass(BuiltinClassLoader.java:639)
at java.base/jdk.internal.loader.ClassLoaders$AppClassLoader.loadClass(ClassLoaders.java:188)
at java.base/java.lang.ClassLoader.loadClass(ClassLoader.java:520)
at com.Raffloux.ApiTest.LoginApiPN.setUp(LoginApiPN.java:32)
at java.base/jdk.internal.reflect.NativeMethodAccessorImpl.invoke0(Native Method)
at java.base/jdk.internal.reflect.NativeMethodAccessorImpl.invoke(NativeMethodAccessorImpl.java:77)
at java.base/jdk.internal.reflect.DelegatingMethodAccessorImpl.invoke(DelegatingMethodAccessorImpl.java:43)
at java.base/java.lang.reflect.Method.invoke(Method.java:568)
at org.testng.internal.invokers.MethodInvocationHelper.invokeMethod(MethodInvocationHelper.java:139)
at org.testng.internal.invokers.MethodInvocationHelper.invokeMethodConsideringTimeout(MethodInvocationHelper.java:69)
at org.testng.internal.invokers.ConfigInvoker.invokeConfigurationMethod(ConfigInvoker.java:361)
at org.testng.internal.invokers.ConfigInvoker.invokeConfigurations(ConfigInvoker.java:296)
at org.testng.SuiteRunner.privateRun(SuiteRunner.java:376)
at org.testng.SuiteRunner.run(SuiteRunner.java:330)
at org.testng.SuiteRunnerWorker.runSuite(SuiteRunnerWorker.java:52)
at org.testng.SuiteRunnerWorker.run(SuiteRunnerWorker.java:95)
at org.testng.TestNG.runSuitesSequentially(TestNG.java:1256)
at org.testng.TestNG.runSuitesLocally(TestNG.java:1176)
at org.testng.TestNG.runSuites(TestNG.java:1099)
at org.testng.TestNG.run(TestNG.java:1067)
at org.testng.remote.AbstractRemoteTestNG.run(AbstractRemoteTestNG.java:115)
at org.testng.remote.RemoteTestNG.initAndRun(RemoteTestNG.java:251)
at org.testng.remote.RemoteTestNG.main(RemoteTestNG.java:77)
Caused by: java.lang.ClassNotFoundException: com.aventstack.extentreports.observer.ReportObserver
at java.base/jdk.internal.loader.BuiltinClassLoader.loadClass(BuiltinClassLoader.java:641)
at java.base/jdk.internal.loader.ClassLoaders$AppClassLoader.loadClass(ClassLoaders.java:188)
at java.base/java.lang.ClassLoader.loadClass(ClassLoader.java:520)
... 29 more
]]>
            </full-stacktrace>
          </exception> <!-- java.lang.NoClassDefFoundError -->
          <reporter-output>
          </reporter-output>
        </test-method> <!-- RestApiLoginValidations -->
        <test-method is-config="true" signature="afterMethod()[pri:0, instance:com.Raffloux.ApiTest.RafflouxApiTestClass@4ec4f3a0]" started-at="2023-06-05T11:43:11 IST" name="afterMethod" finished-at="2023-06-05T11:43:11 IST" duration-ms="0" status="SKIP">
          <reporter-output>
          </reporter-output>
        </test-method> <!-- afterMethod -->
        <test-method is-config="true" signature="beforeMethod()[pri:0, instance:com.Raffloux.ApiTest.RafflouxApiTestClass@4ec4f3a0]" started-at="2023-06-05T11:43:11 IST" name="beforeMethod" finished-at="2023-06-05T11:43:11 IST" duration-ms="0" status="SKIP">
          <reporter-output>
          </reporter-output>
        </test-method> <!-- beforeMethod -->
        <test-method signature="RestApiLoginValidations(java.lang.String,java.lang.String,java.lang.String,java.lang.String,java.lang.String,double,java.lang.String)[pri:2, instance:com.Raffloux.ApiTest.RafflouxApiTestClass@4ec4f3a0]" started-at="2023-06-05T11:43:11 IST" name="RestApiLoginValidations" data-provider="FunctSheet" finished-at="2023-06-05T11:43:11 IST" duration-ms="1" status="SKIP">
          <params>
            <param index="0">
              <value>
                <![CDATA[ROW:3]]>
              </value>
            </param>
            <param index="1">
              <value>
                <![CDATA[fetchFeaturedRaffles by giving invalid endpoint]]>
              </value>
            </param>
            <param index="2">
              <value>
                <![CDATA[POST]]>
              </value>
            </param>
            <param index="3">
              <value>
                <![CDATA[/v2/fetchFeaturedRaff]]>
              </value>
            </param>
            <param index="4">
              <value>
                <![CDATA[{}]]>
              </value>
            </param>
            <param index="5">
              <value>
                <![CDATA[403.0]]>
              </value>
            </param>
            <param index="6">
              <value>
                <![CDATA[{"message":"Authorization header requires 'Credential' parameter. Authorization header requires 'Signature' parameter. Authorization header requires 'SignedHeaders' parameter. ]]>
              </value>
            </param>
          </params>
          <exception class="java.lang.NoClassDefFoundError">
            <message>
              <![CDATA[com/aventstack/extentreports/observer/ReportObserver]]>
            </message>
            <full-stacktrace>
              <![CDATA[java.lang.NoClassDefFoundError: com/aventstack/extentreports/observer/ReportObserver
at java.base/java.lang.ClassLoader.defineClass1(Native Method)
at java.base/java.lang.ClassLoader.defineClass(ClassLoader.java:1012)
at java.base/java.security.SecureClassLoader.defineClass(SecureClassLoader.java:150)
at java.base/jdk.internal.loader.BuiltinClassLoader.defineClass(BuiltinClassLoader.java:862)
at java.base/jdk.internal.loader.BuiltinClassLoader.findClassOnClassPathOrNull(BuiltinClassLoader.java:760)
at java.base/jdk.internal.loader.BuiltinClassLoader.loadClassOrNull(BuiltinClassLoader.java:681)
at java.base/jdk.internal.loader.BuiltinClassLoader.loadClass(BuiltinClassLoader.java:639)
at java.base/jdk.internal.loader.ClassLoaders$AppClassLoader.loadClass(ClassLoaders.java:188)
at java.base/java.lang.ClassLoader.loadClass(ClassLoader.java:520)
at com.Raffloux.ApiTest.LoginApiPN.setUp(LoginApiPN.java:32)
at java.base/jdk.internal.reflect.NativeMethodAccessorImpl.invoke0(Native Method)
at java.base/jdk.internal.reflect.NativeMethodAccessorImpl.invoke(NativeMethodAccessorImpl.java:77)
at java.base/jdk.internal.reflect.DelegatingMethodAccessorImpl.invoke(DelegatingMethodAccessorImpl.java:43)
at java.base/java.lang.reflect.Method.invoke(Method.java:568)
at org.testng.internal.invokers.MethodInvocationHelper.invokeMethod(MethodInvocationHelper.java:139)
at org.testng.internal.invokers.MethodInvocationHelper.invokeMethodConsideringTimeout(MethodInvocationHelper.java:69)
at org.testng.internal.invokers.ConfigInvoker.invokeConfigurationMethod(ConfigInvoker.java:361)
at org.testng.internal.invokers.ConfigInvoker.invokeConfigurations(ConfigInvoker.java:296)
at org.testng.SuiteRunner.privateRun(SuiteRunner.java:376)
at org.testng.SuiteRunner.run(SuiteRunner.java:330)
at org.testng.SuiteRunnerWorker.runSuite(SuiteRunnerWorker.java:52)
at org.testng.SuiteRunnerWorker.run(SuiteRunnerWorker.java:95)
at org.testng.TestNG.runSuitesSequentially(TestNG.java:1256)
at org.testng.TestNG.runSuitesLocally(TestNG.java:1176)
at org.testng.TestNG.runSuites(TestNG.java:1099)
at org.testng.TestNG.run(TestNG.java:1067)
at org.testng.remote.AbstractRemoteTestNG.run(AbstractRemoteTestNG.java:115)
at org.testng.remote.RemoteTestNG.initAndRun(RemoteTestNG.java:251)
at org.testng.remote.RemoteTestNG.main(RemoteTestNG.java:77)
Caused by: java.lang.ClassNotFoundException: com.aventstack.extentreports.observer.ReportObserver
at java.base/jdk.internal.loader.BuiltinClassLoader.loadClass(BuiltinClassLoader.java:641)
at java.base/jdk.internal.loader.ClassLoaders$AppClassLoader.loadClass(ClassLoaders.java:188)
at java.base/java.lang.ClassLoader.loadClass(ClassLoader.java:520)
... 29 more
]]>
            </full-stacktrace>
          </exception> <!-- java.lang.NoClassDefFoundError -->
          <reporter-output>
          </reporter-output>
        </test-method> <!-- RestApiLoginValidations -->
        <test-method is-config="true" signature="afterMethod()[pri:0, instance:com.Raffloux.ApiTest.RafflouxApiTestClass@4ec4f3a0]" started-at="2023-06-05T11:43:11 IST" name="afterMethod" finished-at="2023-06-05T11:43:11 IST" duration-ms="0" status="SKIP">
          <reporter-output>
          </reporter-output>
        </test-method> <!-- afterMethod -->
        <test-method is-config="true" signature="beforeMethod()[pri:0, instance:com.Raffloux.ApiTest.RafflouxApiTestClass@4ec4f3a0]" started-at="2023-06-05T11:43:11 IST" name="beforeMethod" finished-at="2023-06-05T11:43:11 IST" duration-ms="0" status="SKIP">
          <reporter-output>
          </reporter-output>
        </test-method> <!-- beforeMethod -->
        <test-method signature="RestApiLoginValidations(java.lang.String,java.lang.String,java.lang.String,java.lang.String,java.lang.String,double,java.lang.String)[pri:2, instance:com.Raffloux.ApiTest.RafflouxApiTestClass@4ec4f3a0]" started-at="2023-06-05T11:43:11 IST" name="RestApiLoginValidations" data-provider="FunctSheet" finished-at="2023-06-05T11:43:11 IST" duration-ms="1" status="SKIP">
          <params>
            <param index="0">
              <value>
                <![CDATA[ROW:4]]>
              </value>
            </param>
            <param index="1">
              <value>
                <![CDATA[fetchFeaturedRaffles by giving  wrong payload]]>
              </value>
            </param>
            <param index="2">
              <value>
                <![CDATA[POST]]>
              </value>
            </param>
            <param index="3">
              <value>
                <![CDATA[/v1/fetchFeaturedRaffles]]>
              </value>
            </param>
            <param index="4">
              <value>
                <![CDATA[{"idwrwer":"123"}]]>
              </value>
            </param>
            <param index="5">
              <value>
                <![CDATA[200.0]]>
              </value>
            </param>
            <param index="6">
              <value>
                <![CDATA[[{"id":8197,"RaffleCode":3909,"QuantityOfItems":1,"MainImageUrl":"media23/rafNinjaBBQ_main.webp","Summary":".","Description":"Win an Ninja Woodfire Electric BBQ!\r\n
]]>
              </value>
            </param>
          </params>
          <exception class="java.lang.NoClassDefFoundError">
            <message>
              <![CDATA[com/aventstack/extentreports/observer/ReportObserver]]>
            </message>
            <full-stacktrace>
              <![CDATA[java.lang.NoClassDefFoundError: com/aventstack/extentreports/observer/ReportObserver
at java.base/java.lang.ClassLoader.defineClass1(Native Method)
at java.base/java.lang.ClassLoader.defineClass(ClassLoader.java:1012)
at java.base/java.security.SecureClassLoader.defineClass(SecureClassLoader.java:150)
at java.base/jdk.internal.loader.BuiltinClassLoader.defineClass(BuiltinClassLoader.java:862)
at java.base/jdk.internal.loader.BuiltinClassLoader.findClassOnClassPathOrNull(BuiltinClassLoader.java:760)
at java.base/jdk.internal.loader.BuiltinClassLoader.loadClassOrNull(BuiltinClassLoader.java:681)
at java.base/jdk.internal.loader.BuiltinClassLoader.loadClass(BuiltinClassLoader.java:639)
at java.base/jdk.internal.loader.ClassLoaders$AppClassLoader.loadClass(ClassLoaders.java:188)
at java.base/java.lang.ClassLoader.loadClass(ClassLoader.java:520)
at com.Raffloux.ApiTest.LoginApiPN.setUp(LoginApiPN.java:32)
at java.base/jdk.internal.reflect.NativeMethodAccessorImpl.invoke0(Native Method)
at java.base/jdk.internal.reflect.NativeMethodAccessorImpl.invoke(NativeMethodAccessorImpl.java:77)
at java.base/jdk.internal.reflect.DelegatingMethodAccessorImpl.invoke(DelegatingMethodAccessorImpl.java:43)
at java.base/java.lang.reflect.Method.invoke(Method.java:568)
at org.testng.internal.invokers.MethodInvocationHelper.invokeMethod(MethodInvocationHelper.java:139)
at org.testng.internal.invokers.MethodInvocationHelper.invokeMethodConsideringTimeout(MethodInvocationHelper.java:69)
at org.testng.internal.invokers.ConfigInvoker.invokeConfigurationMethod(ConfigInvoker.java:361)
at org.testng.internal.invokers.ConfigInvoker.invokeConfigurations(ConfigInvoker.java:296)
at org.testng.SuiteRunner.privateRun(SuiteRunner.java:376)
at org.testng.SuiteRunner.run(SuiteRunner.java:330)
at org.testng.SuiteRunnerWorker.runSuite(SuiteRunnerWorker.java:52)
at org.testng.SuiteRunnerWorker.run(SuiteRunnerWorker.java:95)
at org.testng.TestNG.runSuitesSequentially(TestNG.java:1256)
at org.testng.TestNG.runSuitesLocally(TestNG.java:1176)
at org.testng.TestNG.runSuites(TestNG.java:1099)
at org.testng.TestNG.run(TestNG.java:1067)
at org.testng.remote.AbstractRemoteTestNG.run(AbstractRemoteTestNG.java:115)
at org.testng.remote.RemoteTestNG.initAndRun(RemoteTestNG.java:251)
at org.testng.remote.RemoteTestNG.main(RemoteTestNG.java:77)
Caused by: java.lang.ClassNotFoundException: com.aventstack.extentreports.observer.ReportObserver
at java.base/jdk.internal.loader.BuiltinClassLoader.loadClass(BuiltinClassLoader.java:641)
at java.base/jdk.internal.loader.ClassLoaders$AppClassLoader.loadClass(ClassLoaders.java:188)
at java.base/java.lang.ClassLoader.loadClass(ClassLoader.java:520)
... 29 more
]]>
            </full-stacktrace>
          </exception> <!-- java.lang.NoClassDefFoundError -->
          <reporter-output>
          </reporter-output>
        </test-method> <!-- RestApiLoginValidations -->
        <test-method is-config="true" signature="afterMethod()[pri:0, instance:com.Raffloux.ApiTest.RafflouxApiTestClass@4ec4f3a0]" started-at="2023-06-05T11:43:11 IST" name="afterMethod" finished-at="2023-06-05T11:43:11 IST" duration-ms="0" status="SKIP">
          <reporter-output>
          </reporter-output>
        </test-method> <!-- afterMethod -->
        <test-method is-config="true" signature="beforeMethod()[pri:0, instance:com.Raffloux.ApiTest.RafflouxApiTestClass@4ec4f3a0]" started-at="2023-06-05T11:43:11 IST" name="beforeMethod" finished-at="2023-06-05T11:43:11 IST" duration-ms="0" status="SKIP">
          <reporter-output>
          </reporter-output>
        </test-method> <!-- beforeMethod -->
        <test-method signature="RestApiLoginValidations(java.lang.String,java.lang.String,java.lang.String,java.lang.String,java.lang.String,double,java.lang.String)[pri:2, instance:com.Raffloux.ApiTest.RafflouxApiTestClass@4ec4f3a0]" started-at="2023-06-05T11:43:11 IST" name="RestApiLoginValidations" data-provider="FunctSheet" finished-at="2023-06-05T11:43:11 IST" duration-ms="0" status="SKIP">
          <params>
            <param index="0">
              <value>
                <![CDATA[ROW:5]]>
              </value>
            </param>
            <param index="1">
              <value>
                <![CDATA[Featured Raffles With Login by giving valid data]]>
              </value>
            </param>
            <param index="2">
              <value>
                <![CDATA[POST]]>
              </value>
            </param>
            <param index="3">
              <value>
                <![CDATA[/v1/fetchFeaturedRafflesWithLogin]]>
              </value>
            </param>
            <param index="4">
              <value>
                <![CDATA[{}]]>
              </value>
            </param>
            <param index="5">
              <value>
                <![CDATA[200.0]]>
              </value>
            </param>
            <param index="6">
              <value>
                <![CDATA[[{"id":8197,"RaffleCode":3909,"QuantityOfItems":1,"MainImageUrl":"media23/rafNinjaBBQ_main.webp","Summary":".","Description":"Win an Ninja Woodfire Electric BBQ!\r\n
]]>
              </value>
            </param>
          </params>
          <exception class="java.lang.NoClassDefFoundError">
            <message>
              <![CDATA[com/aventstack/extentreports/observer/ReportObserver]]>
            </message>
            <full-stacktrace>
              <![CDATA[java.lang.NoClassDefFoundError: com/aventstack/extentreports/observer/ReportObserver
at java.base/java.lang.ClassLoader.defineClass1(Native Method)
at java.base/java.lang.ClassLoader.defineClass(ClassLoader.java:1012)
at java.base/java.security.SecureClassLoader.defineClass(SecureClassLoader.java:150)
at java.base/jdk.internal.loader.BuiltinClassLoader.defineClass(BuiltinClassLoader.java:862)
at java.base/jdk.internal.loader.BuiltinClassLoader.findClassOnClassPathOrNull(BuiltinClassLoader.java:760)
at java.base/jdk.internal.loader.BuiltinClassLoader.loadClassOrNull(BuiltinClassLoader.java:681)
at java.base/jdk.internal.loader.BuiltinClassLoader.loadClass(BuiltinClassLoader.java:639)
at java.base/jdk.internal.loader.ClassLoaders$AppClassLoader.loadClass(ClassLoaders.java:188)
at java.base/java.lang.ClassLoader.loadClass(ClassLoader.java:520)
at com.Raffloux.ApiTest.LoginApiPN.setUp(LoginApiPN.java:32)
at java.base/jdk.internal.reflect.NativeMethodAccessorImpl.invoke0(Native Method)
at java.base/jdk.internal.reflect.NativeMethodAccessorImpl.invoke(NativeMethodAccessorImpl.java:77)
at java.base/jdk.internal.reflect.DelegatingMethodAccessorImpl.invoke(DelegatingMethodAccessorImpl.java:43)
at java.base/java.lang.reflect.Method.invoke(Method.java:568)
at org.testng.internal.invokers.MethodInvocationHelper.invokeMethod(MethodInvocationHelper.java:139)
at org.testng.internal.invokers.MethodInvocationHelper.invokeMethodConsideringTimeout(MethodInvocationHelper.java:69)
at org.testng.internal.invokers.ConfigInvoker.invokeConfigurationMethod(ConfigInvoker.java:361)
at org.testng.internal.invokers.ConfigInvoker.invokeConfigurations(ConfigInvoker.java:296)
at org.testng.SuiteRunner.privateRun(SuiteRunner.java:376)
at org.testng.SuiteRunner.run(SuiteRunner.java:330)
at org.testng.SuiteRunnerWorker.runSuite(SuiteRunnerWorker.java:52)
at org.testng.SuiteRunnerWorker.run(SuiteRunnerWorker.java:95)
at org.testng.TestNG.runSuitesSequentially(TestNG.java:1256)
at org.testng.TestNG.runSuitesLocally(TestNG.java:1176)
at org.testng.TestNG.runSuites(TestNG.java:1099)
at org.testng.TestNG.run(TestNG.java:1067)
at org.testng.remote.AbstractRemoteTestNG.run(AbstractRemoteTestNG.java:115)
at org.testng.remote.RemoteTestNG.initAndRun(RemoteTestNG.java:251)
at org.testng.remote.RemoteTestNG.main(RemoteTestNG.java:77)
Caused by: java.lang.ClassNotFoundException: com.aventstack.extentreports.observer.ReportObserver
at java.base/jdk.internal.loader.BuiltinClassLoader.loadClass(BuiltinClassLoader.java:641)
at java.base/jdk.internal.loader.ClassLoaders$AppClassLoader.loadClass(ClassLoaders.java:188)
at java.base/java.lang.ClassLoader.loadClass(ClassLoader.java:520)
... 29 more
]]>
            </full-stacktrace>
          </exception> <!-- java.lang.NoClassDefFoundError -->
          <reporter-output>
          </reporter-output>
        </test-method> <!-- RestApiLoginValidations -->
        <test-method is-config="true" signature="afterMethod()[pri:0, instance:com.Raffloux.ApiTest.RafflouxApiTestClass@4ec4f3a0]" started-at="2023-06-05T11:43:11 IST" name="afterMethod" finished-at="2023-06-05T11:43:11 IST" duration-ms="0" status="SKIP">
          <reporter-output>
          </reporter-output>
        </test-method> <!-- afterMethod -->
        <test-method is-config="true" signature="beforeMethod()[pri:0, instance:com.Raffloux.ApiTest.RafflouxApiTestClass@4ec4f3a0]" started-at="2023-06-05T11:43:11 IST" name="beforeMethod" finished-at="2023-06-05T11:43:11 IST" duration-ms="0" status="SKIP">
          <reporter-output>
          </reporter-output>
        </test-method> <!-- beforeMethod -->
        <test-method signature="RestApiLoginValidations(java.lang.String,java.lang.String,java.lang.String,java.lang.String,java.lang.String,double,java.lang.String)[pri:2, instance:com.Raffloux.ApiTest.RafflouxApiTestClass@4ec4f3a0]" started-at="2023-06-05T11:43:11 IST" name="RestApiLoginValidations" data-provider="FunctSheet" finished-at="2023-06-05T11:43:11 IST" duration-ms="1" status="SKIP">
          <params>
            <param index="0">
              <value>
                <![CDATA[ROW:6]]>
              </value>
            </param>
            <param index="1">
              <value>
                <![CDATA[ fetchFeaturedRafflesWithLogin by giving invalid endpoint]]>
              </value>
            </param>
            <param index="2">
              <value>
                <![CDATA[POST]]>
              </value>
            </param>
            <param index="3">
              <value>
                <![CDATA[/v2/fetchFeaturedRafflessL]]>
              </value>
            </param>
            <param index="4">
              <value>
                <![CDATA[{}]]>
              </value>
            </param>
            <param index="5">
              <value>
                <![CDATA[403.0]]>
              </value>
            </param>
            <param index="6">
              <value>
                <![CDATA[{"message":"Authorization header requires 'Credential' parameter. Authorization header requires 'Signature' parameter. Authorization header requires 'SignedHeaders' parameter. ]]>
              </value>
            </param>
          </params>
          <exception class="java.lang.NoClassDefFoundError">
            <message>
              <![CDATA[com/aventstack/extentreports/observer/ReportObserver]]>
            </message>
            <full-stacktrace>
              <![CDATA[java.lang.NoClassDefFoundError: com/aventstack/extentreports/observer/ReportObserver
at java.base/java.lang.ClassLoader.defineClass1(Native Method)
at java.base/java.lang.ClassLoader.defineClass(ClassLoader.java:1012)
at java.base/java.security.SecureClassLoader.defineClass(SecureClassLoader.java:150)
at java.base/jdk.internal.loader.BuiltinClassLoader.defineClass(BuiltinClassLoader.java:862)
at java.base/jdk.internal.loader.BuiltinClassLoader.findClassOnClassPathOrNull(BuiltinClassLoader.java:760)
at java.base/jdk.internal.loader.BuiltinClassLoader.loadClassOrNull(BuiltinClassLoader.java:681)
at java.base/jdk.internal.loader.BuiltinClassLoader.loadClass(BuiltinClassLoader.java:639)
at java.base/jdk.internal.loader.ClassLoaders$AppClassLoader.loadClass(ClassLoaders.java:188)
at java.base/java.lang.ClassLoader.loadClass(ClassLoader.java:520)
at com.Raffloux.ApiTest.LoginApiPN.setUp(LoginApiPN.java:32)
at java.base/jdk.internal.reflect.NativeMethodAccessorImpl.invoke0(Native Method)
at java.base/jdk.internal.reflect.NativeMethodAccessorImpl.invoke(NativeMethodAccessorImpl.java:77)
at java.base/jdk.internal.reflect.DelegatingMethodAccessorImpl.invoke(DelegatingMethodAccessorImpl.java:43)
at java.base/java.lang.reflect.Method.invoke(Method.java:568)
at org.testng.internal.invokers.MethodInvocationHelper.invokeMethod(MethodInvocationHelper.java:139)
at org.testng.internal.invokers.MethodInvocationHelper.invokeMethodConsideringTimeout(MethodInvocationHelper.java:69)
at org.testng.internal.invokers.ConfigInvoker.invokeConfigurationMethod(ConfigInvoker.java:361)
at org.testng.internal.invokers.ConfigInvoker.invokeConfigurations(ConfigInvoker.java:296)
at org.testng.SuiteRunner.privateRun(SuiteRunner.java:376)
at org.testng.SuiteRunner.run(SuiteRunner.java:330)
at org.testng.SuiteRunnerWorker.runSuite(SuiteRunnerWorker.java:52)
at org.testng.SuiteRunnerWorker.run(SuiteRunnerWorker.java:95)
at org.testng.TestNG.runSuitesSequentially(TestNG.java:1256)
at org.testng.TestNG.runSuitesLocally(TestNG.java:1176)
at org.testng.TestNG.runSuites(TestNG.java:1099)
at org.testng.TestNG.run(TestNG.java:1067)
at org.testng.remote.AbstractRemoteTestNG.run(AbstractRemoteTestNG.java:115)
at org.testng.remote.RemoteTestNG.initAndRun(RemoteTestNG.java:251)
at org.testng.remote.RemoteTestNG.main(RemoteTestNG.java:77)
Caused by: java.lang.ClassNotFoundException: com.aventstack.extentreports.observer.ReportObserver
at java.base/jdk.internal.loader.BuiltinClassLoader.loadClass(BuiltinClassLoader.java:641)
at java.base/jdk.internal.loader.ClassLoaders$AppClassLoader.loadClass(ClassLoaders.java:188)
at java.base/java.lang.ClassLoader.loadClass(ClassLoader.java:520)
... 29 more
]]>
            </full-stacktrace>
          </exception> <!-- java.lang.NoClassDefFoundError -->
          <reporter-output>
          </reporter-output>
        </test-method> <!-- RestApiLoginValidations -->
        <test-method is-config="true" signature="afterMethod()[pri:0, instance:com.Raffloux.ApiTest.RafflouxApiTestClass@4ec4f3a0]" started-at="2023-06-05T11:43:12 IST" name="afterMethod" finished-at="2023-06-05T11:43:12 IST" duration-ms="0" status="SKIP">
          <reporter-output>
          </reporter-output>
        </test-method> <!-- afterMethod -->
        <test-method is-config="true" signature="beforeMethod()[pri:0, instance:com.Raffloux.ApiTest.RafflouxApiTestClass@4ec4f3a0]" started-at="2023-06-05T11:43:12 IST" name="beforeMethod" finished-at="2023-06-05T11:43:12 IST" duration-ms="0" status="SKIP">
          <reporter-output>
          </reporter-output>
        </test-method> <!-- beforeMethod -->
        <test-method signature="RestApiLoginValidations(java.lang.String,java.lang.String,java.lang.String,java.lang.String,java.lang.String,double,java.lang.String)[pri:2, instance:com.Raffloux.ApiTest.RafflouxApiTestClass@4ec4f3a0]" started-at="2023-06-05T11:43:12 IST" name="RestApiLoginValidations" data-provider="FunctSheet" finished-at="2023-06-05T11:43:12 IST" duration-ms="0" status="SKIP">
          <params>
            <param index="0">
              <value>
                <![CDATA[ROW:7]]>
              </value>
            </param>
            <param index="1">
              <value>
                <![CDATA[fetchFeaturedRafflesWithLogin by giving  wrong payload]]>
              </value>
            </param>
            <param index="2">
              <value>
                <![CDATA[POST]]>
              </value>
            </param>
            <param index="3">
              <value>
                <![CDATA[/v1/fetchFeaturedRafflesWithLogin]]>
              </value>
            </param>
            <param index="4">
              <value>
                <![CDATA[{"idwe":"123"}]]>
              </value>
            </param>
            <param index="5">
              <value>
                <![CDATA[200.0]]>
              </value>
            </param>
            <param index="6">
              <value>
                <![CDATA[[{"id":8197,"RaffleCode":3909,"QuantityOfItems":1,"MainImageUrl":"media23/rafNinjaBBQ_main.webp","Summary":".","Description":"Win an Ninja Woodfire Electric BBQ!\r\n
]]>
              </value>
            </param>
          </params>
          <exception class="java.lang.NoClassDefFoundError">
            <message>
              <![CDATA[com/aventstack/extentreports/observer/ReportObserver]]>
            </message>
            <full-stacktrace>
              <![CDATA[java.lang.NoClassDefFoundError: com/aventstack/extentreports/observer/ReportObserver
at java.base/java.lang.ClassLoader.defineClass1(Native Method)
at java.base/java.lang.ClassLoader.defineClass(ClassLoader.java:1012)
at java.base/java.security.SecureClassLoader.defineClass(SecureClassLoader.java:150)
at java.base/jdk.internal.loader.BuiltinClassLoader.defineClass(BuiltinClassLoader.java:862)
at java.base/jdk.internal.loader.BuiltinClassLoader.findClassOnClassPathOrNull(BuiltinClassLoader.java:760)
at java.base/jdk.internal.loader.BuiltinClassLoader.loadClassOrNull(BuiltinClassLoader.java:681)
at java.base/jdk.internal.loader.BuiltinClassLoader.loadClass(BuiltinClassLoader.java:639)
at java.base/jdk.internal.loader.ClassLoaders$AppClassLoader.loadClass(ClassLoaders.java:188)
at java.base/java.lang.ClassLoader.loadClass(ClassLoader.java:520)
at com.Raffloux.ApiTest.LoginApiPN.setUp(LoginApiPN.java:32)
at java.base/jdk.internal.reflect.NativeMethodAccessorImpl.invoke0(Native Method)
at java.base/jdk.internal.reflect.NativeMethodAccessorImpl.invoke(NativeMethodAccessorImpl.java:77)
at java.base/jdk.internal.reflect.DelegatingMethodAccessorImpl.invoke(DelegatingMethodAccessorImpl.java:43)
at java.base/java.lang.reflect.Method.invoke(Method.java:568)
at org.testng.internal.invokers.MethodInvocationHelper.invokeMethod(MethodInvocationHelper.java:139)
at org.testng.internal.invokers.MethodInvocationHelper.invokeMethodConsideringTimeout(MethodInvocationHelper.java:69)
at org.testng.internal.invokers.ConfigInvoker.invokeConfigurationMethod(ConfigInvoker.java:361)
at org.testng.internal.invokers.ConfigInvoker.invokeConfigurations(ConfigInvoker.java:296)
at org.testng.SuiteRunner.privateRun(SuiteRunner.java:376)
at org.testng.SuiteRunner.run(SuiteRunner.java:330)
at org.testng.SuiteRunnerWorker.runSuite(SuiteRunnerWorker.java:52)
at org.testng.SuiteRunnerWorker.run(SuiteRunnerWorker.java:95)
at org.testng.TestNG.runSuitesSequentially(TestNG.java:1256)
at org.testng.TestNG.runSuitesLocally(TestNG.java:1176)
at org.testng.TestNG.runSuites(TestNG.java:1099)
at org.testng.TestNG.run(TestNG.java:1067)
at org.testng.remote.AbstractRemoteTestNG.run(AbstractRemoteTestNG.java:115)
at org.testng.remote.RemoteTestNG.initAndRun(RemoteTestNG.java:251)
at org.testng.remote.RemoteTestNG.main(RemoteTestNG.java:77)
Caused by: java.lang.ClassNotFoundException: com.aventstack.extentreports.observer.ReportObserver
at java.base/jdk.internal.loader.BuiltinClassLoader.loadClass(BuiltinClassLoader.java:641)
at java.base/jdk.internal.loader.ClassLoaders$AppClassLoader.loadClass(ClassLoaders.java:188)
at java.base/java.lang.ClassLoader.loadClass(ClassLoader.java:520)
... 29 more
]]>
            </full-stacktrace>
          </exception> <!-- java.lang.NoClassDefFoundError -->
          <reporter-output>
          </reporter-output>
        </test-method> <!-- RestApiLoginValidations -->
        <test-method is-config="true" signature="afterMethod()[pri:0, instance:com.Raffloux.ApiTest.RafflouxApiTestClass@4ec4f3a0]" started-at="2023-06-05T11:43:12 IST" name="afterMethod" finished-at="2023-06-05T11:43:12 IST" duration-ms="0" status="SKIP">
          <reporter-output>
          </reporter-output>
        </test-method> <!-- afterMethod -->
        <test-method is-config="true" signature="beforeMethod()[pri:0, instance:com.Raffloux.ApiTest.RafflouxApiTestClass@4ec4f3a0]" started-at="2023-06-05T11:43:12 IST" name="beforeMethod" finished-at="2023-06-05T11:43:12 IST" duration-ms="0" status="SKIP">
          <reporter-output>
          </reporter-output>
        </test-method> <!-- beforeMethod -->
        <test-method signature="RestApiLoginValidations(java.lang.String,java.lang.String,java.lang.String,java.lang.String,java.lang.String,double,java.lang.String)[pri:2, instance:com.Raffloux.ApiTest.RafflouxApiTestClass@4ec4f3a0]" started-at="2023-06-05T11:43:12 IST" name="RestApiLoginValidations" data-provider="FunctSheet" finished-at="2023-06-05T11:43:12 IST" duration-ms="0" status="SKIP">
          <params>
            <param index="0">
              <value>
                <![CDATA[ROW:8]]>
              </value>
            </param>
            <param index="1">
              <value>
                <![CDATA[All Raffles by giving valid data]]>
              </value>
            </param>
            <param index="2">
              <value>
                <![CDATA[POST]]>
              </value>
            </param>
            <param index="3">
              <value>
                <![CDATA[/v1/fetchAllRaffles]]>
              </value>
            </param>
            <param index="4">
              <value>
                <![CDATA[{}]]>
              </value>
            </param>
            <param index="5">
              <value>
                <![CDATA[200.0]]>
              </value>
            </param>
            <param index="6">
              <value>
                <![CDATA[[{"id":8197,"RaffleCode":3909,"QuantityOfItems":1,"MainImageUrl":"media23/rafNinjaBBQ_main.webp","Summary":".","Description":"Win an Ninja Woodfire Electric BBQ!\r\n
]]>
              </value>
            </param>
          </params>
          <exception class="java.lang.NoClassDefFoundError">
            <message>
              <![CDATA[com/aventstack/extentreports/observer/ReportObserver]]>
            </message>
            <full-stacktrace>
              <![CDATA[java.lang.NoClassDefFoundError: com/aventstack/extentreports/observer/ReportObserver
at java.base/java.lang.ClassLoader.defineClass1(Native Method)
at java.base/java.lang.ClassLoader.defineClass(ClassLoader.java:1012)
at java.base/java.security.SecureClassLoader.defineClass(SecureClassLoader.java:150)
at java.base/jdk.internal.loader.BuiltinClassLoader.defineClass(BuiltinClassLoader.java:862)
at java.base/jdk.internal.loader.BuiltinClassLoader.findClassOnClassPathOrNull(BuiltinClassLoader.java:760)
at java.base/jdk.internal.loader.BuiltinClassLoader.loadClassOrNull(BuiltinClassLoader.java:681)
at java.base/jdk.internal.loader.BuiltinClassLoader.loadClass(BuiltinClassLoader.java:639)
at java.base/jdk.internal.loader.ClassLoaders$AppClassLoader.loadClass(ClassLoaders.java:188)
at java.base/java.lang.ClassLoader.loadClass(ClassLoader.java:520)
at com.Raffloux.ApiTest.LoginApiPN.setUp(LoginApiPN.java:32)
at java.base/jdk.internal.reflect.NativeMethodAccessorImpl.invoke0(Native Method)
at java.base/jdk.internal.reflect.NativeMethodAccessorImpl.invoke(NativeMethodAccessorImpl.java:77)
at java.base/jdk.internal.reflect.DelegatingMethodAccessorImpl.invoke(DelegatingMethodAccessorImpl.java:43)
at java.base/java.lang.reflect.Method.invoke(Method.java:568)
at org.testng.internal.invokers.MethodInvocationHelper.invokeMethod(MethodInvocationHelper.java:139)
at org.testng.internal.invokers.MethodInvocationHelper.invokeMethodConsideringTimeout(MethodInvocationHelper.java:69)
at org.testng.internal.invokers.ConfigInvoker.invokeConfigurationMethod(ConfigInvoker.java:361)
at org.testng.internal.invokers.ConfigInvoker.invokeConfigurations(ConfigInvoker.java:296)
at org.testng.SuiteRunner.privateRun(SuiteRunner.java:376)
at org.testng.SuiteRunner.run(SuiteRunner.java:330)
at org.testng.SuiteRunnerWorker.runSuite(SuiteRunnerWorker.java:52)
at org.testng.SuiteRunnerWorker.run(SuiteRunnerWorker.java:95)
at org.testng.TestNG.runSuitesSequentially(TestNG.java:1256)
at org.testng.TestNG.runSuitesLocally(TestNG.java:1176)
at org.testng.TestNG.runSuites(TestNG.java:1099)
at org.testng.TestNG.run(TestNG.java:1067)
at org.testng.remote.AbstractRemoteTestNG.run(AbstractRemoteTestNG.java:115)
at org.testng.remote.RemoteTestNG.initAndRun(RemoteTestNG.java:251)
at org.testng.remote.RemoteTestNG.main(RemoteTestNG.java:77)
Caused by: java.lang.ClassNotFoundException: com.aventstack.extentreports.observer.ReportObserver
at java.base/jdk.internal.loader.BuiltinClassLoader.loadClass(BuiltinClassLoader.java:641)
at java.base/jdk.internal.loader.ClassLoaders$AppClassLoader.loadClass(ClassLoaders.java:188)
at java.base/java.lang.ClassLoader.loadClass(ClassLoader.java:520)
... 29 more
]]>
            </full-stacktrace>
          </exception> <!-- java.lang.NoClassDefFoundError -->
          <reporter-output>
          </reporter-output>
        </test-method> <!-- RestApiLoginValidations -->
        <test-method is-config="true" signature="afterMethod()[pri:0, instance:com.Raffloux.ApiTest.RafflouxApiTestClass@4ec4f3a0]" started-at="2023-06-05T11:43:12 IST" name="afterMethod" finished-at="2023-06-05T11:43:12 IST" duration-ms="0" status="SKIP">
          <reporter-output>
          </reporter-output>
        </test-method> <!-- afterMethod -->
        <test-method is-config="true" signature="beforeMethod()[pri:0, instance:com.Raffloux.ApiTest.RafflouxApiTestClass@4ec4f3a0]" started-at="2023-06-05T11:43:12 IST" name="beforeMethod" finished-at="2023-06-05T11:43:12 IST" duration-ms="0" status="SKIP">
          <reporter-output>
          </reporter-output>
        </test-method> <!-- beforeMethod -->
        <test-method signature="RestApiLoginValidations(java.lang.String,java.lang.String,java.lang.String,java.lang.String,java.lang.String,double,java.lang.String)[pri:2, instance:com.Raffloux.ApiTest.RafflouxApiTestClass@4ec4f3a0]" started-at="2023-06-05T11:43:12 IST" name="RestApiLoginValidations" data-provider="FunctSheet" finished-at="2023-06-05T11:43:12 IST" duration-ms="0" status="SKIP">
          <params>
            <param index="0">
              <value>
                <![CDATA[ROW:9]]>
              </value>
            </param>
            <param index="1">
              <value>
                <![CDATA[fetchAllRaffles by giving invalid endpoint]]>
              </value>
            </param>
            <param index="2">
              <value>
                <![CDATA[POST]]>
              </value>
            </param>
            <param index="3">
              <value>
                <![CDATA[/v2/fetchFeaturedRafflessL]]>
              </value>
            </param>
            <param index="4">
              <value>
                <![CDATA[{}]]>
              </value>
            </param>
            <param index="5">
              <value>
                <![CDATA[403.0]]>
              </value>
            </param>
            <param index="6">
              <value>
                <![CDATA[{"message":"Authorization header requires 'Credential' parameter. Authorization header requires 'Signature' parameter. Authorization header requires 'SignedHeaders' parameter. ]]>
              </value>
            </param>
          </params>
          <exception class="java.lang.NoClassDefFoundError">
            <message>
              <![CDATA[com/aventstack/extentreports/observer/ReportObserver]]>
            </message>
            <full-stacktrace>
              <![CDATA[java.lang.NoClassDefFoundError: com/aventstack/extentreports/observer/ReportObserver
at java.base/java.lang.ClassLoader.defineClass1(Native Method)
at java.base/java.lang.ClassLoader.defineClass(ClassLoader.java:1012)
at java.base/java.security.SecureClassLoader.defineClass(SecureClassLoader.java:150)
at java.base/jdk.internal.loader.BuiltinClassLoader.defineClass(BuiltinClassLoader.java:862)
at java.base/jdk.internal.loader.BuiltinClassLoader.findClassOnClassPathOrNull(BuiltinClassLoader.java:760)
at java.base/jdk.internal.loader.BuiltinClassLoader.loadClassOrNull(BuiltinClassLoader.java:681)
at java.base/jdk.internal.loader.BuiltinClassLoader.loadClass(BuiltinClassLoader.java:639)
at java.base/jdk.internal.loader.ClassLoaders$AppClassLoader.loadClass(ClassLoaders.java:188)
at java.base/java.lang.ClassLoader.loadClass(ClassLoader.java:520)
at com.Raffloux.ApiTest.LoginApiPN.setUp(LoginApiPN.java:32)
at java.base/jdk.internal.reflect.NativeMethodAccessorImpl.invoke0(Native Method)
at java.base/jdk.internal.reflect.NativeMethodAccessorImpl.invoke(NativeMethodAccessorImpl.java:77)
at java.base/jdk.internal.reflect.DelegatingMethodAccessorImpl.invoke(DelegatingMethodAccessorImpl.java:43)
at java.base/java.lang.reflect.Method.invoke(Method.java:568)
at org.testng.internal.invokers.MethodInvocationHelper.invokeMethod(MethodInvocationHelper.java:139)
at org.testng.internal.invokers.MethodInvocationHelper.invokeMethodConsideringTimeout(MethodInvocationHelper.java:69)
at org.testng.internal.invokers.ConfigInvoker.invokeConfigurationMethod(ConfigInvoker.java:361)
at org.testng.internal.invokers.ConfigInvoker.invokeConfigurations(ConfigInvoker.java:296)
at org.testng.SuiteRunner.privateRun(SuiteRunner.java:376)
at org.testng.SuiteRunner.run(SuiteRunner.java:330)
at org.testng.SuiteRunnerWorker.runSuite(SuiteRunnerWorker.java:52)
at org.testng.SuiteRunnerWorker.run(SuiteRunnerWorker.java:95)
at org.testng.TestNG.runSuitesSequentially(TestNG.java:1256)
at org.testng.TestNG.runSuitesLocally(TestNG.java:1176)
at org.testng.TestNG.runSuites(TestNG.java:1099)
at org.testng.TestNG.run(TestNG.java:1067)
at org.testng.remote.AbstractRemoteTestNG.run(AbstractRemoteTestNG.java:115)
at org.testng.remote.RemoteTestNG.initAndRun(RemoteTestNG.java:251)
at org.testng.remote.RemoteTestNG.main(RemoteTestNG.java:77)
Caused by: java.lang.ClassNotFoundException: com.aventstack.extentreports.observer.ReportObserver
at java.base/jdk.internal.loader.BuiltinClassLoader.loadClass(BuiltinClassLoader.java:641)
at java.base/jdk.internal.loader.ClassLoaders$AppClassLoader.loadClass(ClassLoaders.java:188)
at java.base/java.lang.ClassLoader.loadClass(ClassLoader.java:520)
... 29 more
]]>
            </full-stacktrace>
          </exception> <!-- java.lang.NoClassDefFoundError -->
          <reporter-output>
          </reporter-output>
        </test-method> <!-- RestApiLoginValidations -->
        <test-method is-config="true" signature="afterMethod()[pri:0, instance:com.Raffloux.ApiTest.RafflouxApiTestClass@4ec4f3a0]" started-at="2023-06-05T11:43:12 IST" name="afterMethod" finished-at="2023-06-05T11:43:12 IST" duration-ms="0" status="SKIP">
          <reporter-output>
          </reporter-output>
        </test-method> <!-- afterMethod -->
        <test-method is-config="true" signature="beforeMethod()[pri:0, instance:com.Raffloux.ApiTest.RafflouxApiTestClass@4ec4f3a0]" started-at="2023-06-05T11:43:12 IST" name="beforeMethod" finished-at="2023-06-05T11:43:12 IST" duration-ms="0" status="SKIP">
          <reporter-output>
          </reporter-output>
        </test-method> <!-- beforeMethod -->
        <test-method signature="RestApiLoginValidations(java.lang.String,java.lang.String,java.lang.String,java.lang.String,java.lang.String,double,java.lang.String)[pri:2, instance:com.Raffloux.ApiTest.RafflouxApiTestClass@4ec4f3a0]" started-at="2023-06-05T11:43:12 IST" name="RestApiLoginValidations" data-provider="FunctSheet" finished-at="2023-06-05T11:43:12 IST" duration-ms="0" status="SKIP">
          <params>
            <param index="0">
              <value>
                <![CDATA[ROW:10]]>
              </value>
            </param>
            <param index="1">
              <value>
                <![CDATA[fetchAllRaffles by giving  wrong payload]]>
              </value>
            </param>
            <param index="2">
              <value>
                <![CDATA[POST]]>
              </value>
            </param>
            <param index="3">
              <value>
                <![CDATA[/v1/fetchAllRaffles]]>
              </value>
            </param>
            <param index="4">
              <value>
                <![CDATA[{"idwe":"123"}]]>
              </value>
            </param>
            <param index="5">
              <value>
                <![CDATA[200.0]]>
              </value>
            </param>
            <param index="6">
              <value>
                <![CDATA[[{"id":8197,"RaffleCode":3909,"QuantityOfItems":1,"MainImageUrl":"media23/rafNinjaBBQ_main.webp","Summary":".","Description":"Win an Ninja Woodfire Electric BBQ!\r\n
]]>
              </value>
            </param>
          </params>
          <exception class="java.lang.NoClassDefFoundError">
            <message>
              <![CDATA[com/aventstack/extentreports/observer/ReportObserver]]>
            </message>
            <full-stacktrace>
              <![CDATA[java.lang.NoClassDefFoundError: com/aventstack/extentreports/observer/ReportObserver
at java.base/java.lang.ClassLoader.defineClass1(Native Method)
at java.base/java.lang.ClassLoader.defineClass(ClassLoader.java:1012)
at java.base/java.security.SecureClassLoader.defineClass(SecureClassLoader.java:150)
at java.base/jdk.internal.loader.BuiltinClassLoader.defineClass(BuiltinClassLoader.java:862)
at java.base/jdk.internal.loader.BuiltinClassLoader.findClassOnClassPathOrNull(BuiltinClassLoader.java:760)
at java.base/jdk.internal.loader.BuiltinClassLoader.loadClassOrNull(BuiltinClassLoader.java:681)
at java.base/jdk.internal.loader.BuiltinClassLoader.loadClass(BuiltinClassLoader.java:639)
at java.base/jdk.internal.loader.ClassLoaders$AppClassLoader.loadClass(ClassLoaders.java:188)
at java.base/java.lang.ClassLoader.loadClass(ClassLoader.java:520)
at com.Raffloux.ApiTest.LoginApiPN.setUp(LoginApiPN.java:32)
at java.base/jdk.internal.reflect.NativeMethodAccessorImpl.invoke0(Native Method)
at java.base/jdk.internal.reflect.NativeMethodAccessorImpl.invoke(NativeMethodAccessorImpl.java:77)
at java.base/jdk.internal.reflect.DelegatingMethodAccessorImpl.invoke(DelegatingMethodAccessorImpl.java:43)
at java.base/java.lang.reflect.Method.invoke(Method.java:568)
at org.testng.internal.invokers.MethodInvocationHelper.invokeMethod(MethodInvocationHelper.java:139)
at org.testng.internal.invokers.MethodInvocationHelper.invokeMethodConsideringTimeout(MethodInvocationHelper.java:69)
at org.testng.internal.invokers.ConfigInvoker.invokeConfigurationMethod(ConfigInvoker.java:361)
at org.testng.internal.invokers.ConfigInvoker.invokeConfigurations(ConfigInvoker.java:296)
at org.testng.SuiteRunner.privateRun(SuiteRunner.java:376)
at org.testng.SuiteRunner.run(SuiteRunner.java:330)
at org.testng.SuiteRunnerWorker.runSuite(SuiteRunnerWorker.java:52)
at org.testng.SuiteRunnerWorker.run(SuiteRunnerWorker.java:95)
at org.testng.TestNG.runSuitesSequentially(TestNG.java:1256)
at org.testng.TestNG.runSuitesLocally(TestNG.java:1176)
at org.testng.TestNG.runSuites(TestNG.java:1099)
at org.testng.TestNG.run(TestNG.java:1067)
at org.testng.remote.AbstractRemoteTestNG.run(AbstractRemoteTestNG.java:115)
at org.testng.remote.RemoteTestNG.initAndRun(RemoteTestNG.java:251)
at org.testng.remote.RemoteTestNG.main(RemoteTestNG.java:77)
Caused by: java.lang.ClassNotFoundException: com.aventstack.extentreports.observer.ReportObserver
at java.base/jdk.internal.loader.BuiltinClassLoader.loadClass(BuiltinClassLoader.java:641)
at java.base/jdk.internal.loader.ClassLoaders$AppClassLoader.loadClass(ClassLoaders.java:188)
at java.base/java.lang.ClassLoader.loadClass(ClassLoader.java:520)
... 29 more
]]>
            </full-stacktrace>
          </exception> <!-- java.lang.NoClassDefFoundError -->
          <reporter-output>
          </reporter-output>
        </test-method> <!-- RestApiLoginValidations -->
        <test-method is-config="true" signature="afterMethod()[pri:0, instance:com.Raffloux.ApiTest.RafflouxApiTestClass@4ec4f3a0]" started-at="2023-06-05T11:43:12 IST" name="afterMethod" finished-at="2023-06-05T11:43:12 IST" duration-ms="0" status="SKIP">
          <reporter-output>
          </reporter-output>
        </test-method> <!-- afterMethod -->
        <test-method is-config="true" signature="beforeMethod()[pri:0, instance:com.Raffloux.ApiTest.RafflouxApiTestClass@4ec4f3a0]" started-at="2023-06-05T11:43:12 IST" name="beforeMethod" finished-at="2023-06-05T11:43:12 IST" duration-ms="0" status="SKIP">
          <reporter-output>
          </reporter-output>
        </test-method> <!-- beforeMethod -->
        <test-method signature="RestApiLoginValidations(java.lang.String,java.lang.String,java.lang.String,java.lang.String,java.lang.String,double,java.lang.String)[pri:2, instance:com.Raffloux.ApiTest.RafflouxApiTestClass@4ec4f3a0]" started-at="2023-06-05T11:43:12 IST" name="RestApiLoginValidations" data-provider="FunctSheet" finished-at="2023-06-05T11:43:12 IST" duration-ms="0" status="SKIP">
          <params>
            <param index="0">
              <value>
                <![CDATA[ROW:11]]>
              </value>
            </param>
            <param index="1">
              <value>
                <![CDATA[All Raffles With Login]]>
              </value>
            </param>
            <param index="2">
              <value>
                <![CDATA[POST]]>
              </value>
            </param>
            <param index="3">
              <value>
                <![CDATA[/v1/fetchAllRafflesWithLogin]]>
              </value>
            </param>
            <param index="4">
              <value>
                <![CDATA[{}]]>
              </value>
            </param>
            <param index="5">
              <value>
                <![CDATA[200.0]]>
              </value>
            </param>
            <param index="6">
              <value>
                <![CDATA[[{"id":8197,"RaffleCode":3909,"QuantityOfItems":1,"MainImageUrl":"media23/rafNinjaBBQ_main.webp","Summary":".","Description":"Win an Ninja Woodfire Electric BBQ!\r\n
]]>
              </value>
            </param>
          </params>
          <exception class="java.lang.NoClassDefFoundError">
            <message>
              <![CDATA[com/aventstack/extentreports/observer/ReportObserver]]>
            </message>
            <full-stacktrace>
              <![CDATA[java.lang.NoClassDefFoundError: com/aventstack/extentreports/observer/ReportObserver
at java.base/java.lang.ClassLoader.defineClass1(Native Method)
at java.base/java.lang.ClassLoader.defineClass(ClassLoader.java:1012)
at java.base/java.security.SecureClassLoader.defineClass(SecureClassLoader.java:150)
at java.base/jdk.internal.loader.BuiltinClassLoader.defineClass(BuiltinClassLoader.java:862)
at java.base/jdk.internal.loader.BuiltinClassLoader.findClassOnClassPathOrNull(BuiltinClassLoader.java:760)
at java.base/jdk.internal.loader.BuiltinClassLoader.loadClassOrNull(BuiltinClassLoader.java:681)
at java.base/jdk.internal.loader.BuiltinClassLoader.loadClass(BuiltinClassLoader.java:639)
at java.base/jdk.internal.loader.ClassLoaders$AppClassLoader.loadClass(ClassLoaders.java:188)
at java.base/java.lang.ClassLoader.loadClass(ClassLoader.java:520)
at com.Raffloux.ApiTest.LoginApiPN.setUp(LoginApiPN.java:32)
at java.base/jdk.internal.reflect.NativeMethodAccessorImpl.invoke0(Native Method)
at java.base/jdk.internal.reflect.NativeMethodAccessorImpl.invoke(NativeMethodAccessorImpl.java:77)
at java.base/jdk.internal.reflect.DelegatingMethodAccessorImpl.invoke(DelegatingMethodAccessorImpl.java:43)
at java.base/java.lang.reflect.Method.invoke(Method.java:568)
at org.testng.internal.invokers.MethodInvocationHelper.invokeMethod(MethodInvocationHelper.java:139)
at org.testng.internal.invokers.MethodInvocationHelper.invokeMethodConsideringTimeout(MethodInvocationHelper.java:69)
at org.testng.internal.invokers.ConfigInvoker.invokeConfigurationMethod(ConfigInvoker.java:361)
at org.testng.internal.invokers.ConfigInvoker.invokeConfigurations(ConfigInvoker.java:296)
at org.testng.SuiteRunner.privateRun(SuiteRunner.java:376)
at org.testng.SuiteRunner.run(SuiteRunner.java:330)
at org.testng.SuiteRunnerWorker.runSuite(SuiteRunnerWorker.java:52)
at org.testng.SuiteRunnerWorker.run(SuiteRunnerWorker.java:95)
at org.testng.TestNG.runSuitesSequentially(TestNG.java:1256)
at org.testng.TestNG.runSuitesLocally(TestNG.java:1176)
at org.testng.TestNG.runSuites(TestNG.java:1099)
at org.testng.TestNG.run(TestNG.java:1067)
at org.testng.remote.AbstractRemoteTestNG.run(AbstractRemoteTestNG.java:115)
at org.testng.remote.RemoteTestNG.initAndRun(RemoteTestNG.java:251)
at org.testng.remote.RemoteTestNG.main(RemoteTestNG.java:77)
Caused by: java.lang.ClassNotFoundException: com.aventstack.extentreports.observer.ReportObserver
at java.base/jdk.internal.loader.BuiltinClassLoader.loadClass(BuiltinClassLoader.java:641)
at java.base/jdk.internal.loader.ClassLoaders$AppClassLoader.loadClass(ClassLoaders.java:188)
at java.base/java.lang.ClassLoader.loadClass(ClassLoader.java:520)
... 29 more
]]>
            </full-stacktrace>
          </exception> <!-- java.lang.NoClassDefFoundError -->
          <reporter-output>
          </reporter-output>
        </test-method> <!-- RestApiLoginValidations -->
        <test-method is-config="true" signature="afterMethod()[pri:0, instance:com.Raffloux.ApiTest.RafflouxApiTestClass@4ec4f3a0]" started-at="2023-06-05T11:43:12 IST" name="afterMethod" finished-at="2023-06-05T11:43:12 IST" duration-ms="0" status="SKIP">
          <reporter-output>
          </reporter-output>
        </test-method> <!-- afterMethod -->
        <test-method is-config="true" signature="beforeMethod()[pri:0, instance:com.Raffloux.ApiTest.RafflouxApiTestClass@4ec4f3a0]" started-at="2023-06-05T11:43:12 IST" name="beforeMethod" finished-at="2023-06-05T11:43:12 IST" duration-ms="0" status="SKIP">
          <reporter-output>
          </reporter-output>
        </test-method> <!-- beforeMethod -->
        <test-method signature="RestApiLoginValidations(java.lang.String,java.lang.String,java.lang.String,java.lang.String,java.lang.String,double,java.lang.String)[pri:2, instance:com.Raffloux.ApiTest.RafflouxApiTestClass@4ec4f3a0]" started-at="2023-06-05T11:43:12 IST" name="RestApiLoginValidations" data-provider="FunctSheet" finished-at="2023-06-05T11:43:12 IST" duration-ms="0" status="SKIP">
          <params>
            <param index="0">
              <value>
                <![CDATA[ROW:12]]>
              </value>
            </param>
            <param index="1">
              <value>
                <![CDATA[fetchAllRaffles With Login by giving invalid endpoint]]>
              </value>
            </param>
            <param index="2">
              <value>
                <![CDATA[POST]]>
              </value>
            </param>
            <param index="3">
              <value>
                <![CDATA[/v2/fetchFeaturedRafflessL]]>
              </value>
            </param>
            <param index="4">
              <value>
                <![CDATA[{}]]>
              </value>
            </param>
            <param index="5">
              <value>
                <![CDATA[403.0]]>
              </value>
            </param>
            <param index="6">
              <value>
                <![CDATA[{"message":"Authorization header requires 'Credential' parameter. Authorization header requires 'Signature' parameter. Authorization header requires 'SignedHeaders' parameter. ]]>
              </value>
            </param>
          </params>
          <exception class="java.lang.NoClassDefFoundError">
            <message>
              <![CDATA[com/aventstack/extentreports/observer/ReportObserver]]>
            </message>
            <full-stacktrace>
              <![CDATA[java.lang.NoClassDefFoundError: com/aventstack/extentreports/observer/ReportObserver
at java.base/java.lang.ClassLoader.defineClass1(Native Method)
at java.base/java.lang.ClassLoader.defineClass(ClassLoader.java:1012)
at java.base/java.security.SecureClassLoader.defineClass(SecureClassLoader.java:150)
at java.base/jdk.internal.loader.BuiltinClassLoader.defineClass(BuiltinClassLoader.java:862)
at java.base/jdk.internal.loader.BuiltinClassLoader.findClassOnClassPathOrNull(BuiltinClassLoader.java:760)
at java.base/jdk.internal.loader.BuiltinClassLoader.loadClassOrNull(BuiltinClassLoader.java:681)
at java.base/jdk.internal.loader.BuiltinClassLoader.loadClass(BuiltinClassLoader.java:639)
at java.base/jdk.internal.loader.ClassLoaders$AppClassLoader.loadClass(ClassLoaders.java:188)
at java.base/java.lang.ClassLoader.loadClass(ClassLoader.java:520)
at com.Raffloux.ApiTest.LoginApiPN.setUp(LoginApiPN.java:32)
at java.base/jdk.internal.reflect.NativeMethodAccessorImpl.invoke0(Native Method)
at java.base/jdk.internal.reflect.NativeMethodAccessorImpl.invoke(NativeMethodAccessorImpl.java:77)
at java.base/jdk.internal.reflect.DelegatingMethodAccessorImpl.invoke(DelegatingMethodAccessorImpl.java:43)
at java.base/java.lang.reflect.Method.invoke(Method.java:568)
at org.testng.internal.invokers.MethodInvocationHelper.invokeMethod(MethodInvocationHelper.java:139)
at org.testng.internal.invokers.MethodInvocationHelper.invokeMethodConsideringTimeout(MethodInvocationHelper.java:69)
at org.testng.internal.invokers.ConfigInvoker.invokeConfigurationMethod(ConfigInvoker.java:361)
at org.testng.internal.invokers.ConfigInvoker.invokeConfigurations(ConfigInvoker.java:296)
at org.testng.SuiteRunner.privateRun(SuiteRunner.java:376)
at org.testng.SuiteRunner.run(SuiteRunner.java:330)
at org.testng.SuiteRunnerWorker.runSuite(SuiteRunnerWorker.java:52)
at org.testng.SuiteRunnerWorker.run(SuiteRunnerWorker.java:95)
at org.testng.TestNG.runSuitesSequentially(TestNG.java:1256)
at org.testng.TestNG.runSuitesLocally(TestNG.java:1176)
at org.testng.TestNG.runSuites(TestNG.java:1099)
at org.testng.TestNG.run(TestNG.java:1067)
at org.testng.remote.AbstractRemoteTestNG.run(AbstractRemoteTestNG.java:115)
at org.testng.remote.RemoteTestNG.initAndRun(RemoteTestNG.java:251)
at org.testng.remote.RemoteTestNG.main(RemoteTestNG.java:77)
Caused by: java.lang.ClassNotFoundException: com.aventstack.extentreports.observer.ReportObserver
at java.base/jdk.internal.loader.BuiltinClassLoader.loadClass(BuiltinClassLoader.java:641)
at java.base/jdk.internal.loader.ClassLoaders$AppClassLoader.loadClass(ClassLoaders.java:188)
at java.base/java.lang.ClassLoader.loadClass(ClassLoader.java:520)
... 29 more
]]>
            </full-stacktrace>
          </exception> <!-- java.lang.NoClassDefFoundError -->
          <reporter-output>
          </reporter-output>
        </test-method> <!-- RestApiLoginValidations -->
        <test-method is-config="true" signature="afterMethod()[pri:0, instance:com.Raffloux.ApiTest.RafflouxApiTestClass@4ec4f3a0]" started-at="2023-06-05T11:43:12 IST" name="afterMethod" finished-at="2023-06-05T11:43:12 IST" duration-ms="0" status="SKIP">
          <reporter-output>
          </reporter-output>
        </test-method> <!-- afterMethod -->
        <test-method is-config="true" signature="beforeMethod()[pri:0, instance:com.Raffloux.ApiTest.RafflouxApiTestClass@4ec4f3a0]" started-at="2023-06-05T11:43:12 IST" name="beforeMethod" finished-at="2023-06-05T11:43:12 IST" duration-ms="0" status="SKIP">
          <reporter-output>
          </reporter-output>
        </test-method> <!-- beforeMethod -->
        <test-method signature="RestApiLoginValidations(java.lang.String,java.lang.String,java.lang.String,java.lang.String,java.lang.String,double,java.lang.String)[pri:2, instance:com.Raffloux.ApiTest.RafflouxApiTestClass@4ec4f3a0]" started-at="2023-06-05T11:43:12 IST" name="RestApiLoginValidations" data-provider="FunctSheet" finished-at="2023-06-05T11:43:12 IST" duration-ms="0" status="SKIP">
          <params>
            <param index="0">
              <value>
                <![CDATA[ROW:13]]>
              </value>
            </param>
            <param index="1">
              <value>
                <![CDATA[fetchAllRaffles With Login  by giving  wrong payload]]>
              </value>
            </param>
            <param index="2">
              <value>
                <![CDATA[POST]]>
              </value>
            </param>
            <param index="3">
              <value>
                <![CDATA[/v1/fetchAllRafflesWithLogin]]>
              </value>
            </param>
            <param index="4">
              <value>
                <![CDATA[{"idwe":"123"}]]>
              </value>
            </param>
            <param index="5">
              <value>
                <![CDATA[200.0]]>
              </value>
            </param>
            <param index="6">
              <value>
                <![CDATA[:[{"id":8197,"RaffleCode":3909,"QuantityOfItems":1,"MainImageUrl":"media23/rafNinjaBBQ_main.webp","Summary":".","Description":"Win an Ninja Woodfire Electric BBQ!\r\n

]]>
              </value>
            </param>
          </params>
          <exception class="java.lang.NoClassDefFoundError">
            <message>
              <![CDATA[com/aventstack/extentreports/observer/ReportObserver]]>
            </message>
            <full-stacktrace>
              <![CDATA[java.lang.NoClassDefFoundError: com/aventstack/extentreports/observer/ReportObserver
at java.base/java.lang.ClassLoader.defineClass1(Native Method)
at java.base/java.lang.ClassLoader.defineClass(ClassLoader.java:1012)
at java.base/java.security.SecureClassLoader.defineClass(SecureClassLoader.java:150)
at java.base/jdk.internal.loader.BuiltinClassLoader.defineClass(BuiltinClassLoader.java:862)
at java.base/jdk.internal.loader.BuiltinClassLoader.findClassOnClassPathOrNull(BuiltinClassLoader.java:760)
at java.base/jdk.internal.loader.BuiltinClassLoader.loadClassOrNull(BuiltinClassLoader.java:681)
at java.base/jdk.internal.loader.BuiltinClassLoader.loadClass(BuiltinClassLoader.java:639)
at java.base/jdk.internal.loader.ClassLoaders$AppClassLoader.loadClass(ClassLoaders.java:188)
at java.base/java.lang.ClassLoader.loadClass(ClassLoader.java:520)
at com.Raffloux.ApiTest.LoginApiPN.setUp(LoginApiPN.java:32)
at java.base/jdk.internal.reflect.NativeMethodAccessorImpl.invoke0(Native Method)
at java.base/jdk.internal.reflect.NativeMethodAccessorImpl.invoke(NativeMethodAccessorImpl.java:77)
at java.base/jdk.internal.reflect.DelegatingMethodAccessorImpl.invoke(DelegatingMethodAccessorImpl.java:43)
at java.base/java.lang.reflect.Method.invoke(Method.java:568)
at org.testng.internal.invokers.MethodInvocationHelper.invokeMethod(MethodInvocationHelper.java:139)
at org.testng.internal.invokers.MethodInvocationHelper.invokeMethodConsideringTimeout(MethodInvocationHelper.java:69)
at org.testng.internal.invokers.ConfigInvoker.invokeConfigurationMethod(ConfigInvoker.java:361)
at org.testng.internal.invokers.ConfigInvoker.invokeConfigurations(ConfigInvoker.java:296)
at org.testng.SuiteRunner.privateRun(SuiteRunner.java:376)
at org.testng.SuiteRunner.run(SuiteRunner.java:330)
at org.testng.SuiteRunnerWorker.runSuite(SuiteRunnerWorker.java:52)
at org.testng.SuiteRunnerWorker.run(SuiteRunnerWorker.java:95)
at org.testng.TestNG.runSuitesSequentially(TestNG.java:1256)
at org.testng.TestNG.runSuitesLocally(TestNG.java:1176)
at org.testng.TestNG.runSuites(TestNG.java:1099)
at org.testng.TestNG.run(TestNG.java:1067)
at org.testng.remote.AbstractRemoteTestNG.run(AbstractRemoteTestNG.java:115)
at org.testng.remote.RemoteTestNG.initAndRun(RemoteTestNG.java:251)
at org.testng.remote.RemoteTestNG.main(RemoteTestNG.java:77)
Caused by: java.lang.ClassNotFoundException: com.aventstack.extentreports.observer.ReportObserver
at java.base/jdk.internal.loader.BuiltinClassLoader.loadClass(BuiltinClassLoader.java:641)
at java.base/jdk.internal.loader.ClassLoaders$AppClassLoader.loadClass(ClassLoaders.java:188)
at java.base/java.lang.ClassLoader.loadClass(ClassLoader.java:520)
... 29 more
]]>
            </full-stacktrace>
          </exception> <!-- java.lang.NoClassDefFoundError -->
          <reporter-output>
          </reporter-output>
        </test-method> <!-- RestApiLoginValidations -->
[...]
            <full-stacktrace>
              <![CDATA[java.lang.NoClassDefFoundError: com/aventstack/extentreports/observer/ReportObserver
at java.base/java.lang.ClassLoader.defineClass1(Native Method)
at java.base/java.lang.ClassLoader.defineClass(ClassLoader.java:1012)
at java.base/java.security.SecureClassLoader.defineClass(SecureClassLoader.java:150)
at java.base/jdk.internal.loader.BuiltinClassLoader.defineClass(BuiltinClassLoader.java:862)
at java.base/jdk.internal.loader.BuiltinClassLoader.findClassOnClassPathOrNull(BuiltinClassLoader.java:760)
at java.base/jdk.internal.loader.BuiltinClassLoader.loadClassOrNull(BuiltinClassLoader.java:681)
at java.base/jdk.internal.loader.BuiltinClassLoader.loadClass(BuiltinClassLoader.java:639)
at java.base/jdk.internal.loader.ClassLoaders$AppClassLoader.loadClass(ClassLoaders.java:188)
at java.base/java.lang.ClassLoader.loadClass(ClassLoader.java:520)
at com.Raffloux.ApiTest.LoginApiPN.setUp(LoginApiPN.java:32)
at java.base/jdk.internal.reflect.NativeMethodAccessorImpl.invoke0(Native Method)
at java.base/jdk.internal.reflect.NativeMethodAccessorImpl.invoke(NativeMethodAccessorImpl.java:77)
at java.base/jdk.internal.reflect.DelegatingMethodAccessorImpl.invoke(DelegatingMethodAccessorImpl.java:43)
at java.base/java.lang.reflect.Method.invoke(Method.java:568)
at org.testng.internal.invokers.MethodInvocationHelper.invokeMethod(MethodInvocationHelper.java:139)
at org.testng.internal.invokers.MethodInvocationHelper.invokeMethodConsideringTimeout(MethodInvocationHelper.java:69)
at org.testng.internal.invokers.ConfigInvoker.invokeConfigurationMethod(ConfigInvoker.java:361)
at org.testng.internal.invokers.ConfigInvoker.invokeConfigurations(ConfigInvoker.java:296)
at org.testng.SuiteRunner.privateRun(SuiteRunner.java:376)
at org.testng.SuiteRunner.run(SuiteRunner.java:330)
at org.testng.SuiteRunnerWorker.runSuite(SuiteRunnerWorker.java:52)
at org.testng.SuiteRunnerWorker.run(SuiteRunnerWorker.java:95)
at org.testng.TestNG.runSuitesSequentially(TestNG.java:1256)
at org.testng.TestNG.runSuitesLocally(TestNG.java:1176)
at org.testng.TestNG.runSuites(TestNG.java:1099)
at org.testng.TestNG.run(TestNG.java:1067)
at org.testng.remote.AbstractRemoteTestNG.run(AbstractRemoteTestNG.java:115)
at org.testng.remote.RemoteTestNG.initAndRun(RemoteTestNG.java:251)
at org.testng.remote.RemoteTestNG.main(RemoteTestNG.java:77)
Caused by: java.lang.ClassNotFoundException: com.aventstack.extentreports.observer.ReportObserver
at java.base/jdk.internal.loader.BuiltinClassLoader.loadClass(BuiltinClassLoader.java:641)
at java.base/jdk.internal.loader.ClassLoaders$AppClassLoader.loadClass(ClassLoaders.java:188)
at java.base/java.lang.ClassLoader.loadClass(ClassLoader.java:520)
... 29 more
]]>
            </full-stacktrace>
          </exception> <!-- java.lang.NoClassDefFoundError -->
          <reporter-output>
          </reporter-output>
        </test-method> <!-- RafflouxRestApiValidations -->
        <test-method is-config="true" signature="beforeMethod()[pri:0, instance:com.Raffloux.ApiTest.LoginApiPN@67c27493]" started-at="2023-06-05T11:43:14 IST" name="beforeMethod" finished-at="2023-06-05T11:43:14 IST" duration-ms="0" status="SKIP">
          <reporter-output>
          </reporter-output>
        </test-method> <!-- beforeMethod -->
        <test-method is-config="true" signature="afterMethod()[pri:0, instance:com.Raffloux.ApiTest.LoginApiPN@67c27493]" started-at="2023-06-05T11:43:14 IST" name="afterMethod" finished-at="2023-06-05T11:43:14 IST" duration-ms="0" status="SKIP">
          <reporter-output>
          </reporter-output>
        </test-method> <!-- afterMethod -->
        <test-method signature="RafflouxRestApiValidations(java.lang.String,java.lang.String,java.lang.String,java.lang.String,java.lang.String,double,java.lang.String)[pri:0, instance:com.Raffloux.ApiTest.LoginApiPN@67c27493]" started-at="2023-06-05T11:43:14 IST" name="RafflouxRestApiValidations" data-provider="LoginSheet" finished-at="2023-06-05T11:43:14 IST" duration-ms="0" status="SKIP">
          <params>
            <param index="0">
              <value>
                <![CDATA[ROW:6]]>
              </value>
            </param>
            <param index="1">
              <value>
                <![CDATA[ SignIn by giving invalid payload format]]>
              </value>
            </param>
            <param index="2">
              <value>
                <![CDATA[POST]]>
              </value>
            </param>
            <param index="3">
              <value>
                <![CDATA[/v1/signIn]]>
              </value>
            </param>
            <param index="4">
              <value>
                <![CDATA[{
    :"veera.raghavan@rhibhus.com",
    "password": "Abcd@12345"
}]]>
              </value>
            </param>
            <param index="5">
              <value>
                <![CDATA[400.0]]>
              </value>
            </param>
            <param index="6">
              <value>
                <![CDATA[Unexpected token : in JSON at position 6]]>
              </value>
            </param>
          </params>
          <exception class="java.lang.NoClassDefFoundError">
            <message>
              <![CDATA[com/aventstack/extentreports/observer/ReportObserver]]>
            </message>
            <full-stacktrace>
              <![CDATA[java.lang.NoClassDefFoundError: com/aventstack/extentreports/observer/ReportObserver
at java.base/java.lang.ClassLoader.defineClass1(Native Method)
at java.base/java.lang.ClassLoader.defineClass(ClassLoader.java:1012)
at java.base/java.security.SecureClassLoader.defineClass(SecureClassLoader.java:150)
at java.base/jdk.internal.loader.BuiltinClassLoader.defineClass(BuiltinClassLoader.java:862)
at java.base/jdk.internal.loader.BuiltinClassLoader.findClassOnClassPathOrNull(BuiltinClassLoader.java:760)
at java.base/jdk.internal.loader.BuiltinClassLoader.loadClassOrNull(BuiltinClassLoader.java:681)
at java.base/jdk.internal.loader.BuiltinClassLoader.loadClass(BuiltinClassLoader.java:639)
at java.base/jdk.internal.loader.ClassLoaders$AppClassLoader.loadClass(ClassLoaders.java:188)
at java.base/java.lang.ClassLoader.loadClass(ClassLoader.java:520)
at com.Raffloux.ApiTest.LoginApiPN.setUp(LoginApiPN.java:32)
at java.base/jdk.internal.reflect.NativeMethodAccessorImpl.invoke0(Native Method)
at java.base/jdk.internal.reflect.NativeMethodAccessorImpl.invoke(NativeMethodAccessorImpl.java:77)
at java.base/jdk.internal.reflect.DelegatingMethodAccessorImpl.invoke(DelegatingMethodAccessorImpl.java:43)
at java.base/java.lang.reflect.Method.invoke(Method.java:568)
at org.testng.internal.invokers.MethodInvocationHelper.invokeMethod(MethodInvocationHelper.java:139)
at org.testng.internal.invokers.MethodInvocationHelper.invokeMethodConsideringTimeout(MethodInvocationHelper.java:69)
at org.testng.internal.invokers.ConfigInvoker.invokeConfigurationMethod(ConfigInvoker.java:361)
at org.testng.internal.invokers.ConfigInvoker.invokeConfigurations(ConfigInvoker.java:296)
at org.testng.SuiteRunner.privateRun(SuiteRunner.java:376)
at org.testng.SuiteRunner.run(SuiteRunner.java:330)
at org.testng.SuiteRunnerWorker.runSuite(SuiteRunnerWorker.java:52)
at org.testng.SuiteRunnerWorker.run(SuiteRunnerWorker.java:95)
at org.testng.TestNG.runSuitesSequentially(TestNG.java:1256)
at org.testng.TestNG.runSuitesLocally(TestNG.java:1176)
at org.testng.TestNG.runSuites(TestNG.java:1099)
at org.testng.TestNG.run(TestNG.java:1067)
at org.testng.remote.AbstractRemoteTestNG.run(AbstractRemoteTestNG.java:115)
at org.testng.remote.RemoteTestNG.initAndRun(RemoteTestNG.java:251)
at org.testng.remote.RemoteTestNG.main(RemoteTestNG.java:77)
Caused by: java.lang.ClassNotFoundException: com.aventstack.extentreports.observer.ReportObserver
at java.base/jdk.internal.loader.BuiltinClassLoader.loadClass(BuiltinClassLoader.java:641)
at java.base/jdk.internal.loader.ClassLoaders$AppClassLoader.loadClass(ClassLoaders.java:188)
at java.base/java.lang.ClassLoader.loadClass(ClassLoader.java:520)
... 29 more
]]>
            </full-stacktrace>
          </exception> <!-- java.lang.NoClassDefFoundError -->
          <reporter-output>
          </reporter-output>
        </test-method> <!-- RafflouxRestApiValidations -->
        <test-method is-config="true" signature="beforeMethod()[pri:0, instance:com.Raffloux.ApiTest.LoginApiPN@67c27493]" started-at="2023-06-05T11:43:14 IST" name="beforeMethod" finished-at="2023-06-05T11:43:14 IST" duration-ms="0" status="SKIP">
          <reporter-output>
          </reporter-output>
        </test-method> <!-- beforeMethod -->
        <test-method is-config="true" signature="afterMethod()[pri:0, instance:com.Raffloux.ApiTest.LoginApiPN@67c27493]" started-at="2023-06-05T11:43:14 IST" name="afterMethod" finished-at="2023-06-05T11:43:14 IST" duration-ms="0" status="SKIP">
          <reporter-output>
          </reporter-output>
        </test-method> <!-- afterMethod -->
        <test-method is-config="true" signature="beforeMethod()[pri:0, instance:com.Raffloux.ApiTest.LoginApiPN@67c27493]" started-at="2023-06-05T11:43:14 IST" name="beforeMethod" finished-at="2023-06-05T11:43:14 IST" duration-ms="0" status="SKIP">
          <reporter-output>
          </reporter-output>
        </test-method> <!-- beforeMethod -->
        <test-method signature="RafflouxRestApiValidations(java.lang.String,java.lang.String,java.lang.String,java.lang.String,java.lang.String,double,java.lang.String)[pri:0, instance:com.Raffloux.ApiTest.LoginApiPN@67c27493]" started-at="2023-06-05T11:43:14 IST" name="RafflouxRestApiValidations" data-provider="LoginSheet" finished-at="2023-06-05T11:43:14 IST" duration-ms="0" status="SKIP">
          <params>
            <param index="0">
              <value>
                <![CDATA[ROW:7]]>
              </value>
            </param>
            <param index="1">
              <value>
                <![CDATA[ SignIn by null value]]>
              </value>
            </param>
            <param index="2">
              <value>
                <![CDATA[POST]]>
              </value>
            </param>
            <param index="3">
              <value>
                <![CDATA[/v2/signIn]]>
              </value>
            </param>
            <param index="4">
              <value>
                <![CDATA[{
    "email":"",
    "password": ""
}]]>
              </value>
            </param>
            <param index="5">
              <value>
                <![CDATA[403.0]]>
              </value>
            </param>
            <param index="6">
              <value>
                <![CDATA[{"message":"Missing Authentication Token"}]]>
              </value>
            </param>
          </params>
          <exception class="java.lang.NoClassDefFoundError">
            <message>
              <![CDATA[com/aventstack/extentreports/observer/ReportObserver]]>
            </message>
            <full-stacktrace>
              <![CDATA[java.lang.NoClassDefFoundError: com/aventstack/extentreports/observer/ReportObserver
at java.base/java.lang.ClassLoader.defineClass1(Native Method)
at java.base/java.lang.ClassLoader.defineClass(ClassLoader.java:1012)
at java.base/java.security.SecureClassLoader.defineClass(SecureClassLoader.java:150)
at java.base/jdk.internal.loader.BuiltinClassLoader.defineClass(BuiltinClassLoader.java:862)
at java.base/jdk.internal.loader.BuiltinClassLoader.findClassOnClassPathOrNull(BuiltinClassLoader.java:760)
at java.base/jdk.internal.loader.BuiltinClassLoader.loadClassOrNull(BuiltinClassLoader.java:681)
at java.base/jdk.internal.loader.BuiltinClassLoader.loadClass(BuiltinClassLoader.java:639)
at java.base/jdk.internal.loader.ClassLoaders$AppClassLoader.loadClass(ClassLoaders.java:188)
at java.base/java.lang.ClassLoader.loadClass(ClassLoader.java:520)
at com.Raffloux.ApiTest.LoginApiPN.setUp(LoginApiPN.java:32)
at java.base/jdk.internal.reflect.NativeMethodAccessorImpl.invoke0(Native Method)
at java.base/jdk.internal.reflect.NativeMethodAccessorImpl.invoke(NativeMethodAccessorImpl.java:77)
at java.base/jdk.internal.reflect.DelegatingMethodAccessorImpl.invoke(DelegatingMethodAccessorImpl.java:43)
at java.base/java.lang.reflect.Method.invoke(Method.java:568)
at org.testng.internal.invokers.MethodInvocationHelper.invokeMethod(MethodInvocationHelper.java:139)
at org.testng.internal.invokers.MethodInvocationHelper.invokeMethodConsideringTimeout(MethodInvocationHelper.java:69)
at org.testng.internal.invokers.ConfigInvoker.invokeConfigurationMethod(ConfigInvoker.java:361)
at org.testng.internal.invokers.ConfigInvoker.invokeConfigurations(ConfigInvoker.java:296)
at org.testng.SuiteRunner.privateRun(SuiteRunner.java:376)
at org.testng.SuiteRunner.run(SuiteRunner.java:330)
at org.testng.SuiteRunnerWorker.runSuite(SuiteRunnerWorker.java:52)
at org.testng.SuiteRunnerWorker.run(SuiteRunnerWorker.java:95)
at org.testng.TestNG.runSuitesSequentially(TestNG.java:1256)
at org.testng.TestNG.runSuitesLocally(TestNG.java:1176)
at org.testng.TestNG.runSuites(TestNG.java:1099)
at org.testng.TestNG.run(TestNG.java:1067)
at org.testng.remote.AbstractRemoteTestNG.run(AbstractRemoteTestNG.java:115)
at org.testng.remote.RemoteTestNG.initAndRun(RemoteTestNG.java:251)
at org.testng.remote.RemoteTestNG.main(RemoteTestNG.java:77)
Caused by: java.lang.ClassNotFoundException: com.aventstack.extentreports.observer.ReportObserver
at java.base/jdk.internal.loader.BuiltinClassLoader.loadClass(BuiltinClassLoader.java:641)
at java.base/jdk.internal.loader.ClassLoaders$AppClassLoader.loadClass(ClassLoaders.java:188)
at java.base/java.lang.ClassLoader.loadClass(ClassLoader.java:520)
... 29 more
]]>
            </full-stacktrace>
          </exception> <!-- java.lang.NoClassDefFoundError -->
          <reporter-output>
          </reporter-output>
        </test-method> <!-- RafflouxRestApiValidations -->
        <test-method is-config="true" signature="afterMethod()[pri:0, instance:com.Raffloux.ApiTest.LoginApiPN@67c27493]" started-at="2023-06-05T11:43:14 IST" name="afterMethod" finished-at="2023-06-05T11:43:14 IST" duration-ms="0" status="SKIP">
          <reporter-output>
          </reporter-output>
        </test-method> <!-- afterMethod -->
        <test-method is-config="true" signature="beforeMethod()[pri:0, instance:com.Raffloux.ApiTest.LoginApiPN@67c27493]" started-at="2023-06-05T11:43:14 IST" name="beforeMethod" finished-at="2023-06-05T11:43:14 IST" duration-ms="0" status="SKIP">
          <reporter-output>
          </reporter-output>
        </test-method> <!-- beforeMethod -->
        <test-method signature="RafflouxRestApiValidations(java.lang.String,java.lang.String,java.lang.String,java.lang.String,java.lang.String,double,java.lang.String)[pri:0, instance:com.Raffloux.ApiTest.LoginApiPN@67c27493]" started-at="2023-06-05T11:43:14 IST" name="RafflouxRestApiValidations" data-provider="LoginSheet" finished-at="2023-06-05T11:43:14 IST" duration-ms="0" status="SKIP">
          <params>
            <param index="0">
              <value>
                <![CDATA[ROW:8]]>
              </value>
            </param>
            <param index="1">
              <value>
                <![CDATA[ SignIn by pay load as null ]]>
              </value>
            </param>
            <param index="2">
              <value>
                <![CDATA[POST]]>
              </value>
            </param>
            <param index="3">
              <value>
                <![CDATA[/v3/signIn]]>
              </value>
            </param>
            <param index="4">
              <value>
                <![CDATA[{
 
}]]>
              </value>
            </param>
            <param index="5">
              <value>
                <![CDATA[403.0]]>
              </value>
            </param>
            <param index="6">
              <value>
                <![CDATA[{"message":"Missing Authentication Token"}]]>
              </value>
            </param>
          </params>
          <exception class="java.lang.NoClassDefFoundError">
            <message>
              <![CDATA[com/aventstack/extentreports/observer/ReportObserver]]>
            </message>
            <full-stacktrace>
              <![CDATA[java.lang.NoClassDefFoundError: com/aventstack/extentreports/observer/ReportObserver
at java.base/java.lang.ClassLoader.defineClass1(Native Method)
at java.base/java.lang.ClassLoader.defineClass(ClassLoader.java:1012)
at java.base/java.security.SecureClassLoader.defineClass(SecureClassLoader.java:150)
at java.base/jdk.internal.loader.BuiltinClassLoader.defineClass(BuiltinClassLoader.java:862)
at java.base/jdk.internal.loader.BuiltinClassLoader.findClassOnClassPathOrNull(BuiltinClassLoader.java:760)
at java.base/jdk.internal.loader.BuiltinClassLoader.loadClassOrNull(BuiltinClassLoader.java:681)
at java.base/jdk.internal.loader.BuiltinClassLoader.loadClass(BuiltinClassLoader.java:639)
at java.base/jdk.internal.loader.ClassLoaders$AppClassLoader.loadClass(ClassLoaders.java:188)
at java.base/java.lang.ClassLoader.loadClass(ClassLoader.java:520)
at com.Raffloux.ApiTest.LoginApiPN.setUp(LoginApiPN.java:32)
at java.base/jdk.internal.reflect.NativeMethodAccessorImpl.invoke0(Native Method)
at java.base/jdk.internal.reflect.NativeMethodAccessorImpl.invoke(NativeMethodAccessorImpl.java:77)
at java.base/jdk.internal.reflect.DelegatingMethodAccessorImpl.invoke(DelegatingMethodAccessorImpl.java:43)
at java.base/java.lang.reflect.Method.invoke(Method.java:568)
at org.testng.internal.invokers.MethodInvocationHelper.invokeMethod(MethodInvocationHelper.java:139)
at org.testng.internal.invokers.MethodInvocationHelper.invokeMethodConsideringTimeout(MethodInvocationHelper.java:69)
at org.testng.internal.invokers.ConfigInvoker.invokeConfigurationMethod(ConfigInvoker.java:361)
at org.testng.internal.invokers.ConfigInvoker.invokeConfigurations(ConfigInvoker.java:296)
at org.testng.SuiteRunner.privateRun(SuiteRunner.java:376)
at org.testng.SuiteRunner.run(SuiteRunner.java:330)
at org.testng.SuiteRunnerWorker.runSuite(SuiteRunnerWorker.java:52)
at org.testng.SuiteRunnerWorker.run(SuiteRunnerWorker.java:95)
at org.testng.TestNG.runSuitesSequentially(TestNG.java:1256)
at org.testng.TestNG.runSuitesLocally(TestNG.java:1176)
at org.testng.TestNG.runSuites(TestNG.java:1099)
at org.testng.TestNG.run(TestNG.java:1067)
at org.testng.remote.AbstractRemoteTestNG.run(AbstractRemoteTestNG.java:115)
at org.testng.remote.RemoteTestNG.initAndRun(RemoteTestNG.java:251)
at org.testng.remote.RemoteTestNG.main(RemoteTestNG.java:77)
Caused by: java.lang.ClassNotFoundException: com.aventstack.extentreports.observer.ReportObserver
at java.base/jdk.internal.loader.BuiltinClassLoader.loadClass(BuiltinClassLoader.java:641)
at java.base/jdk.internal.loader.ClassLoaders$AppClassLoader.loadClass(ClassLoaders.java:188)
at java.base/java.lang.ClassLoader.loadClass(ClassLoader.java:520)
... 29 more
]]>
            </full-stacktrace>
          </exception> <!-- java.lang.NoClassDefFoundError -->
          <reporter-output>
          </reporter-output>
        </test-method> <!-- RafflouxRestApiValidations -->
        <test-method is-config="true" signature="afterMethod()[pri:0, instance:com.Raffloux.ApiTest.LoginApiPN@67c27493]" started-at="2023-06-05T11:43:14 IST" name="afterMethod" finished-at="2023-06-05T11:43:14 IST" duration-ms="0" status="SKIP">
          <reporter-output>
          </reporter-output>
        </test-method> <!-- afterMethod -->
        <test-method is-config="true" signature="tearDown()[pri:0, instance:com.Raffloux.ApiTest.LoginApiPN@67c27493]" started-at="2023-06-05T11:43:16 IST" name="tearDown" finished-at="2023-06-05T11:43:16 IST" duration-ms="0" status="SKIP">
          <reporter-output>
          </reporter-output>
        </test-method> <!-- tearDown -->
      </class> <!-- com.Raffloux.ApiTest.LoginApiPN -->
    </test> <!-- RESTAPITest -->
  </suite> <!-- Testsuite -->
</testng-results>
