<?xml version="1.0" encoding="UTF-8"?>
<!-- Generated by org.testng.reporters.JUnitXMLReporter -->
<testsuite ignored="0" hostname="DESKTOP-QJLSV9M" failures="1" tests="118" name="RESTAPITest" time="6.061" errors="0" timestamp="2023-06-05T11:43:16 IST">
  <testcase classname="com.Raffloux.ApiTest.LoginApiPN" name="@BeforeSuite setUp" time="0.025">
    <failure type="java.lang.NoClassDefFoundError" message="com/aventstack/extentreports/observer/ReportObserver">
      <![CDATA[java.lang.NoClassDefFoundError: com/aventstack/extentreports/observer/ReportObserver
at java.base/java.lang.ClassLoader.defineClass1(Native Method)
at java.base/java.lang.ClassLoader.defineClass(ClassLoader.java:1012)
at java.base/java.security.SecureClassLoader.defineClass(SecureClassLoader.java:150)
at java.base/jdk.internal.loader.BuiltinClassLoader.defineClass(BuiltinClassLoader.java:862)
at java.base/jdk.internal.loader.BuiltinClassLoader.findClassOnClassPathOrNull(BuiltinClassLoader.java:760)
at java.base/jdk.internal.loader.BuiltinClassLoader.loadClassOrNull(BuiltinClassLoader.java:681)
at java.base/jdk.internal.loader.BuiltinClassLoader.loadClass(BuiltinClassLoader.java:639)
at java.base/jdk.internal.loader.ClassLoaders$AppClassLoader.loadClass(ClassLoaders.java:188)
at java.base/java.lang.ClassLoader.loadClass(ClassLoader.java:520)
at com.Raffloux.ApiTest.LoginApiPN.setUp(LoginApiPN.java:32)
Caused by: java.lang.ClassNotFoundException: com.aventstack.extentreports.observer.ReportObserver
at java.base/jdk.internal.loader.BuiltinClassLoader.loadClass(BuiltinClassLoader.java:641)
at java.base/jdk.internal.loader.ClassLoaders$AppClassLoader.loadClass(ClassLoaders.java:188)
at java.base/java.lang.ClassLoader.loadClass(ClassLoader.java:520)
... 29 more
... Removed 19 stack frames]]>
    </failure>
  </testcase> <!-- @BeforeSuite setUp -->
  <testcase classname="com.Raffloux.ApiTest.RafflouxApiTestClass" name="@BeforeSuite setUp" time="0.0">
    <skipped/>
  </testcase> <!-- @BeforeSuite setUp -->
  <testcase classname="com.Raffloux.ApiTest.RafflouxApiTestClass" name="@BeforeMethod beforeMethod" time="0.0">
    <skipped/>
  </testcase> <!-- @BeforeMethod beforeMethod -->
  <testcase classname="com.Raffloux.ApiTest.RafflouxApiTestClass" name="@AfterMethod afterMethod" time="0.0">
    <skipped/>
  </testcase> <!-- @AfterMethod afterMethod -->
  <testcase classname="com.Raffloux.ApiTest.RafflouxApiTestClass" name="@BeforeMethod beforeMethod" time="0.0">
    <skipped/>
  </testcase> <!-- @BeforeMethod beforeMethod -->
  <testcase classname="com.Raffloux.ApiTest.RafflouxApiTestClass" name="@AfterMethod afterMethod" time="0.0">
    <skipped/>
  </testcase> <!-- @AfterMethod afterMethod -->
  <testcase classname="com.Raffloux.ApiTest.RafflouxApiTestClass" name="@BeforeMethod beforeMethod" time="0.0">
    <skipped/>
  </testcase> <!-- @BeforeMethod beforeMethod -->
  <testcase classname="com.Raffloux.ApiTest.RafflouxApiTestClass" name="@AfterMethod afterMethod" time="0.0">
    <skipped/>
  </testcase> <!-- @AfterMethod afterMethod -->
  <testcase classname="com.Raffloux.ApiTest.RafflouxApiTestClass" name="@BeforeMethod beforeMethod" time="0.0">
    <skipped/>
  </testcase> <!-- @BeforeMethod beforeMethod -->
  <testcase classname="com.Raffloux.ApiTest.RafflouxApiTestClass" name="@AfterMethod afterMethod" time="0.0">
    <skipped/>
  </testcase> <!-- @AfterMethod afterMethod -->
  <testcase classname="com.Raffloux.ApiTest.RafflouxApiTestClass" name="@BeforeMethod beforeMethod" time="0.0">
    <skipped/>
  </testcase> <!-- @BeforeMethod beforeMethod -->
  <testcase classname="com.Raffloux.ApiTest.RafflouxApiTestClass" name="@AfterMethod afterMethod" time="0.0">
    <skipped/>
  </testcase> <!-- @AfterMethod afterMethod -->
  <testcase classname="com.Raffloux.ApiTest.RafflouxApiTestClass" name="@BeforeMethod beforeMethod" time="0.0">
    <skipped/>
  </testcase> <!-- @BeforeMethod beforeMethod -->
  <testcase classname="com.Raffloux.ApiTest.RafflouxApiTestClass" name="@AfterMethod afterMethod" time="0.0">
    <skipped/>
  </testcase> <!-- @AfterMethod afterMethod -->
  <testcase classname="com.Raffloux.ApiTest.RafflouxApiTestClass" name="@BeforeMethod beforeMethod" time="0.0">
    <skipped/>
  </testcase> <!-- @BeforeMethod beforeMethod -->
  <testcase classname="com.Raffloux.ApiTest.RafflouxApiTestClass" name="@AfterMethod afterMethod" time="0.0">
    <skipped/>
  </testcase> <!-- @AfterMethod afterMethod -->
  <testcase classname="com.Raffloux.ApiTest.RafflouxApiTestClass" name="@BeforeMethod beforeMethod" time="0.0">
    <skipped/>
  </testcase> <!-- @BeforeMethod beforeMethod -->
  <testcase classname="com.Raffloux.ApiTest.RafflouxApiTestClass" name="@AfterMethod afterMethod" time="0.0">
    <skipped/>
  </testcase> <!-- @AfterMethod afterMethod -->
  <testcase classname="com.Raffloux.ApiTest.RafflouxApiTestClass" name="@BeforeMethod beforeMethod" time="0.0">
    <skipped/>
  </testcase> <!-- @BeforeMethod beforeMethod -->
  <testcase classname="com.Raffloux.ApiTest.RafflouxApiTestClass" name="@AfterMethod afterMethod" time="0.0">
    <skipped/>
  </testcase> <!-- @AfterMethod afterMethod -->
  <testcase classname="com.Raffloux.ApiTest.RafflouxApiTestClass" name="@BeforeMethod beforeMethod" time="0.0">
    <skipped/>
  </testcase> <!-- @BeforeMethod beforeMethod -->
  <testcase classname="com.Raffloux.ApiTest.RafflouxApiTestClass" name="@AfterMethod afterMethod" time="0.0">
    <skipped/>
  </testcase> <!-- @AfterMethod afterMethod -->
  <testcase classname="com.Raffloux.ApiTest.RafflouxApiTestClass" name="@BeforeMethod beforeMethod" time="0.0">
    <skipped/>
  </testcase> <!-- @BeforeMethod beforeMethod -->
  <testcase classname="com.Raffloux.ApiTest.RafflouxApiTestClass" name="@AfterMethod afterMethod" time="0.0">
    <skipped/>
  </testcase> <!-- @AfterMethod afterMethod -->
  <testcase classname="com.Raffloux.ApiTest.RafflouxApiTestClass" name="@BeforeMethod beforeMethod" time="0.0">
    <skipped/>
  </testcase> <!-- @BeforeMethod beforeMethod -->
  <testcase classname="com.Raffloux.ApiTest.RafflouxApiTestClass" name="@AfterMethod afterMethod" time="0.0">
    <skipped/>
  </testcase> <!-- @AfterMethod afterMethod -->
  <testcase classname="com.Raffloux.ApiTest.RafflouxApiTestClass" name="@BeforeMethod beforeMethod" time="0.0">
    <skipped/>
  </testcase> <!-- @BeforeMethod beforeMethod -->
  <testcase classname="com.Raffloux.ApiTest.RafflouxApiTestClass" name="@AfterMethod afterMethod" time="0.0">
    <skipped/>
  </testcase> <!-- @AfterMethod afterMethod -->
  <testcase classname="com.Raffloux.ApiTest.RafflouxApiTestClass" name="@BeforeMethod beforeMethod" time="0.0">
    <skipped/>
  </testcase> <!-- @BeforeMethod beforeMethod -->
  <testcase classname="com.Raffloux.ApiTest.RafflouxApiTestClass" name="@AfterMethod afterMethod" time="0.0">
    <skipped/>
  </testcase> <!-- @AfterMethod afterMethod -->
  <testcase classname="com.Raffloux.ApiTest.RafflouxApiTestClass" name="@BeforeMethod beforeMethod" time="0.0">
    <skipped/>
  </testcase> <!-- @BeforeMethod beforeMethod -->
  <testcase classname="com.Raffloux.ApiTest.RafflouxApiTestClass" name="@AfterMethod afterMethod" time="0.0">
    <skipped/>
  </testcase> <!-- @AfterMethod afterMethod -->
  <testcase classname="com.Raffloux.ApiTest.RafflouxApiTestClass" name="@BeforeMethod beforeMethod" time="0.0">
    <skipped/>
  </testcase> <!-- @BeforeMethod beforeMethod -->
  <testcase classname="com.Raffloux.ApiTest.RafflouxApiTestClass" name="@AfterMethod afterMethod" time="0.0">
    <skipped/>
  </testcase> <!-- @AfterMethod afterMethod -->
  <testcase classname="com.Raffloux.ApiTest.RafflouxApiTestClass" name="@BeforeMethod beforeMethod" time="0.0">
    <skipped/>
  </testcase> <!-- @BeforeMethod beforeMethod -->
  <testcase classname="com.Raffloux.ApiTest.RafflouxApiTestClass" name="@AfterMethod afterMethod" time="0.0">
    <skipped/>
  </testcase> <!-- @AfterMethod afterMethod -->
  <testcase classname="com.Raffloux.ApiTest.RafflouxApiTestClass" name="@BeforeMethod beforeMethod" time="0.0">
    <skipped/>
  </testcase> <!-- @BeforeMethod beforeMethod -->
  <testcase classname="com.Raffloux.ApiTest.RafflouxApiTestClass" name="@AfterMethod afterMethod" time="0.0">
    <skipped/>
  </testcase> <!-- @AfterMethod afterMethod -->
  <testcase classname="com.Raffloux.ApiTest.RafflouxApiTestClass" name="@BeforeMethod beforeMethod" time="0.0">
    <skipped/>
  </testcase> <!-- @BeforeMethod beforeMethod -->
  <testcase classname="com.Raffloux.ApiTest.RafflouxApiTestClass" name="@AfterMethod afterMethod" time="0.0">
    <skipped/>
  </testcase> <!-- @AfterMethod afterMethod -->
  <testcase classname="com.Raffloux.ApiTest.RafflouxApiTestClass" name="@BeforeMethod beforeMethod" time="0.0">
    <skipped/>
  </testcase> <!-- @BeforeMethod beforeMethod -->
  <testcase classname="com.Raffloux.ApiTest.RafflouxApiTestClass" name="@AfterMethod afterMethod" time="0.0">
    <skipped/>
  </testcase> <!-- @AfterMethod afterMethod -->
  <testcase classname="com.Raffloux.ApiTest.RafflouxApiTestClass" name="@BeforeMethod beforeMethod" time="0.0">
    <skipped/>
  </testcase> <!-- @BeforeMethod beforeMethod -->
  <testcase classname="com.Raffloux.ApiTest.RafflouxApiTestClass" name="@AfterMethod afterMethod" time="0.0">
    <skipped/>
  </testcase> <!-- @AfterMethod afterMethod -->
  <testcase classname="com.Raffloux.ApiTest.RafflouxApiTestClass" name="@BeforeMethod beforeMethod" time="0.0">
    <skipped/>
  </testcase> <!-- @BeforeMethod beforeMethod -->
  <testcase classname="com.Raffloux.ApiTest.RafflouxApiTestClass" name="@AfterMethod afterMethod" time="0.0">
    <skipped/>
  </testcase> <!-- @AfterMethod afterMethod -->
  <testcase classname="com.Raffloux.ApiTest.RafflouxApiTestClass" name="@BeforeMethod beforeMethod" time="0.0">
    <skipped/>
  </testcase> <!-- @BeforeMethod beforeMethod -->
  <testcase classname="com.Raffloux.ApiTest.RafflouxApiTestClass" name="@AfterMethod afterMethod" time="0.0">
    <skipped/>
  </testcase> <!-- @AfterMethod afterMethod -->
  <testcase classname="com.Raffloux.ApiTest.RafflouxApiTestClass" name="@BeforeMethod beforeMethod" time="0.0">
    <skipped/>
  </testcase> <!-- @BeforeMethod beforeMethod -->
  <testcase classname="com.Raffloux.ApiTest.RafflouxApiTestClass" name="@AfterMethod afterMethod" time="0.0">
    <skipped/>
  </testcase> <!-- @AfterMethod afterMethod -->
  <testcase classname="com.Raffloux.ApiTest.RafflouxApiTestClass" name="@BeforeMethod beforeMethod" time="0.0">
    <skipped/>
  </testcase> <!-- @BeforeMethod beforeMethod -->
  <testcase classname="com.Raffloux.ApiTest.RafflouxApiTestClass" name="@AfterMethod afterMethod" time="0.0">
    <skipped/>
  </testcase> <!-- @AfterMethod afterMethod -->
  <testcase classname="com.Raffloux.ApiTest.RafflouxApiTestClass" name="@BeforeMethod beforeMethod" time="0.0">
    <skipped/>
  </testcase> <!-- @BeforeMethod beforeMethod -->
  <testcase classname="com.Raffloux.ApiTest.RafflouxApiTestClass" name="@AfterMethod afterMethod" time="0.0">
    <skipped/>
  </testcase> <!-- @AfterMethod afterMethod -->
  <testcase classname="com.Raffloux.ApiTest.RafflouxApiTestClass" name="@BeforeMethod beforeMethod" time="0.0">
    <skipped/>
  </testcase> <!-- @BeforeMethod beforeMethod -->
  <testcase classname="com.Raffloux.ApiTest.RafflouxApiTestClass" name="@AfterMethod afterMethod" time="0.0">
    <skipped/>
  </testcase> <!-- @AfterMethod afterMethod -->
  <testcase classname="com.Raffloux.ApiTest.RafflouxApiTestClass" name="@BeforeMethod beforeMethod" time="0.0">
    <skipped/>
  </testcase> <!-- @BeforeMethod beforeMethod -->
  <testcase classname="com.Raffloux.ApiTest.RafflouxApiTestClass" name="@AfterMethod afterMethod" time="0.0">
    <skipped/>
  </testcase> <!-- @AfterMethod afterMethod -->
  <testcase classname="com.Raffloux.ApiTest.RafflouxApiTestClass" name="@BeforeMethod beforeMethod" time="0.0">
    <skipped/>
  </testcase> <!-- @BeforeMethod beforeMethod -->
  <testcase classname="com.Raffloux.ApiTest.RafflouxApiTestClass" name="@AfterMethod afterMethod" time="0.0">
    <skipped/>
  </testcase> <!-- @AfterMethod afterMethod -->
  <testcase classname="com.Raffloux.ApiTest.RafflouxApiTestClass" name="@BeforeMethod beforeMethod" time="0.0">
    <skipped/>
  </testcase> <!-- @BeforeMethod beforeMethod -->
  <testcase classname="com.Raffloux.ApiTest.RafflouxApiTestClass" name="@AfterMethod afterMethod" time="0.0">
    <skipped/>
  </testcase> <!-- @AfterMethod afterMethod -->
  <testcase classname="com.Raffloux.ApiTest.RafflouxApiTestClass" name="@BeforeMethod beforeMethod" time="0.0">
    <skipped/>
  </testcase> <!-- @BeforeMethod beforeMethod -->
  <testcase classname="com.Raffloux.ApiTest.RafflouxApiTestClass" name="@AfterMethod afterMethod" time="0.0">
    <skipped/>
  </testcase> <!-- @AfterMethod afterMethod -->
  <testcase classname="com.Raffloux.ApiTest.RafflouxApiTestClass" name="@BeforeMethod beforeMethod" time="0.0">
    <skipped/>
  </testcase> <!-- @BeforeMethod beforeMethod -->
  <testcase classname="com.Raffloux.ApiTest.RafflouxApiTestClass" name="@AfterMethod afterMethod" time="0.0">
    <skipped/>
  </testcase> <!-- @AfterMethod afterMethod -->
  <testcase classname="com.Raffloux.ApiTest.RafflouxApiTestClass" name="@BeforeMethod beforeMethod" time="0.0">
    <skipped/>
  </testcase> <!-- @BeforeMethod beforeMethod -->
  <testcase classname="com.Raffloux.ApiTest.RafflouxApiTestClass" name="@AfterMethod afterMethod" time="0.0">
    <skipped/>
  </testcase> <!-- @AfterMethod afterMethod -->
  <testcase classname="com.Raffloux.ApiTest.RafflouxApiTestClass" name="@BeforeMethod beforeMethod" time="0.0">
    <skipped/>
  </testcase> <!-- @BeforeMethod beforeMethod -->
  <testcase classname="com.Raffloux.ApiTest.RafflouxApiTestClass" name="@AfterMethod afterMethod" time="0.0">
    <skipped/>
  </testcase> <!-- @AfterMethod afterMethod -->
  <testcase classname="com.Raffloux.ApiTest.RafflouxApiTestClass" name="@BeforeMethod beforeMethod" time="0.0">
    <skipped/>
  </testcase> <!-- @BeforeMethod beforeMethod -->
  <testcase classname="com.Raffloux.ApiTest.RafflouxApiTestClass" name="@AfterMethod afterMethod" time="0.0">
    <skipped/>
  </testcase> <!-- @AfterMethod afterMethod -->
  <testcase classname="com.Raffloux.ApiTest.RafflouxApiTestClass" name="@BeforeMethod beforeMethod" time="0.0">
    <skipped/>
  </testcase> <!-- @BeforeMethod beforeMethod -->
  <testcase classname="com.Raffloux.ApiTest.RafflouxApiTestClass" name="@AfterMethod afterMethod" time="0.0">
    <skipped/>
  </testcase> <!-- @AfterMethod afterMethod -->
  <testcase classname="com.Raffloux.ApiTest.RafflouxApiTestClass" name="@BeforeMethod beforeMethod" time="0.0">
    <skipped/>
  </testcase> <!-- @BeforeMethod beforeMethod -->
  <testcase classname="com.Raffloux.ApiTest.RafflouxApiTestClass" name="@AfterMethod afterMethod" time="0.0">
    <skipped/>
  </testcase> <!-- @AfterMethod afterMethod -->
  <testcase classname="com.Raffloux.ApiTest.RafflouxApiTestClass" name="@BeforeMethod beforeMethod" time="0.0">
    <skipped/>
  </testcase> <!-- @BeforeMethod beforeMethod -->
  <testcase classname="com.Raffloux.ApiTest.RafflouxApiTestClass" name="@AfterMethod afterMethod" time="0.0">
    <skipped/>
  </testcase> <!-- @AfterMethod afterMethod -->
  <testcase classname="com.Raffloux.ApiTest.RafflouxApiTestClass" name="@BeforeMethod beforeMethod" time="0.0">
    <skipped/>
  </testcase> <!-- @BeforeMethod beforeMethod -->
  <testcase classname="com.Raffloux.ApiTest.RafflouxApiTestClass" name="@AfterMethod afterMethod" time="0.0">
    <skipped/>
  </testcase> <!-- @AfterMethod afterMethod -->
  <testcase classname="com.Raffloux.ApiTest.RafflouxApiTestClass" name="@BeforeMethod beforeMethod" time="0.0">
    <skipped/>
  </testcase> <!-- @BeforeMethod beforeMethod -->
  <testcase classname="com.Raffloux.ApiTest.RafflouxApiTestClass" name="@AfterMethod afterMethod" time="0.0">
    <skipped/>
  </testcase> <!-- @AfterMethod afterMethod -->
  <testcase classname="com.Raffloux.ApiTest.RafflouxApiTestClass" name="@BeforeMethod beforeMethod" time="0.0">
    <skipped/>
  </testcase> <!-- @BeforeMethod beforeMethod -->
  <testcase classname="com.Raffloux.ApiTest.RafflouxApiTestClass" name="@AfterMethod afterMethod" time="0.0">
    <skipped/>
  </testcase> <!-- @AfterMethod afterMethod -->
  <testcase classname="com.Raffloux.ApiTest.RafflouxApiTestClass" name="@BeforeMethod beforeMethod" time="0.0">
    <skipped/>
  </testcase> <!-- @BeforeMethod beforeMethod -->
  <testcase classname="com.Raffloux.ApiTest.RafflouxApiTestClass" name="@AfterMethod afterMethod" time="0.0">
    <skipped/>
  </testcase> <!-- @AfterMethod afterMethod -->
  <testcase classname="com.Raffloux.ApiTest.RafflouxApiTestClass" name="@BeforeMethod beforeMethod" time="0.0">
    <skipped/>
  </testcase> <!-- @BeforeMethod beforeMethod -->
  <testcase classname="com.Raffloux.ApiTest.RafflouxApiTestClass" name="@AfterMethod afterMethod" time="0.0">
    <skipped/>
  </testcase> <!-- @AfterMethod afterMethod -->
  <testcase classname="com.Raffloux.ApiTest.RafflouxApiTestClass" name="@BeforeMethod beforeMethod" time="0.0">
    <skipped/>
  </testcase> <!-- @BeforeMethod beforeMethod -->
  <testcase classname="com.Raffloux.ApiTest.RafflouxApiTestClass" name="@AfterMethod afterMethod" time="0.0">
    <skipped/>
  </testcase> <!-- @AfterMethod afterMethod -->
  <testcase classname="com.Raffloux.ApiTest.RafflouxApiTestClass" name="@BeforeMethod beforeMethod" time="0.0">
    <skipped/>
  </testcase> <!-- @BeforeMethod beforeMethod -->
  <testcase classname="com.Raffloux.ApiTest.RafflouxApiTestClass" name="@AfterMethod afterMethod" time="0.0">
    <skipped/>
  </testcase> <!-- @AfterMethod afterMethod -->
  <testcase classname="com.Raffloux.ApiTest.RafflouxApiTestClass" name="@BeforeMethod beforeMethod" time="0.0">
    <skipped/>
  </testcase> <!-- @BeforeMethod beforeMethod -->
  <testcase classname="com.Raffloux.ApiTest.RafflouxApiTestClass" name="@AfterMethod afterMethod" time="0.0">
    <skipped/>
  </testcase> <!-- @AfterMethod afterMethod -->
  <testcase classname="com.Raffloux.ApiTest.RafflouxApiTestClass" name="@BeforeMethod beforeMethod" time="0.0">
    <skipped/>
  </testcase> <!-- @BeforeMethod beforeMethod -->
  <testcase classname="com.Raffloux.ApiTest.RafflouxApiTestClass" name="@AfterMethod afterMethod" time="0.0">
    <skipped/>
  </testcase> <!-- @AfterMethod afterMethod -->
  <testcase classname="com.Raffloux.ApiTest.RafflouxApiTestClass" name="@BeforeMethod beforeMethod" time="0.0">
    <skipped/>
  </testcase> <!-- @BeforeMethod beforeMethod -->
  <testcase classname="com.Raffloux.ApiTest.RafflouxApiTestClass" name="@AfterMethod afterMethod" time="0.0">
    <skipped/>
  </testcase> <!-- @AfterMethod afterMethod -->
  <testcase classname="com.Raffloux.ApiTest.RafflouxApiTestClass" name="@BeforeMethod beforeMethod" time="0.0">
    <skipped/>
  </testcase> <!-- @BeforeMethod beforeMethod -->
  <testcase classname="com.Raffloux.ApiTest.RafflouxApiTestClass" name="@AfterMethod afterMethod" time="0.0">
    <skipped/>
  </testcase> <!-- @AfterMethod afterMethod -->
  <testcase classname="com.Raffloux.ApiTest.RafflouxApiTestClass" name="@BeforeMethod beforeMethod" time="0.0">
    <skipped/>
  </testcase> <!-- @BeforeMethod beforeMethod -->
  <testcase classname="com.Raffloux.ApiTest.RafflouxApiTestClass" name="@AfterMethod afterMethod" time="0.0">
    <skipped/>
  </testcase> <!-- @AfterMethod afterMethod -->
  <testcase classname="com.Raffloux.ApiTest.RafflouxApiTestClass" name="@BeforeMethod beforeMethod" time="0.0">
    <skipped/>
  </testcase> <!-- @BeforeMethod beforeMethod -->
  <testcase classname="com.Raffloux.ApiTest.RafflouxApiTestClass" name="@AfterMethod afterMethod" time="0.0">
    <skipped/>
  </testcase> <!-- @AfterMethod afterMethod -->
  <testcase classname="com.Raffloux.ApiTest.RafflouxApiTestClass" name="@BeforeMethod beforeMethod" time="0.0">
    <skipped/>
  </testcase> <!-- @BeforeMethod beforeMethod -->
  <testcase classname="com.Raffloux.ApiTest.RafflouxApiTestClass" name="@AfterMethod afterMethod" time="0.0">
    <skipped/>
  </testcase> <!-- @AfterMethod afterMethod -->
  <testcase classname="com.Raffloux.ApiTest.RafflouxApiTestClass" name="@BeforeMethod beforeMethod" time="0.0">
    <skipped/>
  </testcase> <!-- @BeforeMethod beforeMethod -->
  <testcase classname="com.Raffloux.ApiTest.RafflouxApiTestClass" name="@AfterMethod afterMethod" time="0.0">
    <skipped/>
  </testcase> <!-- @AfterMethod afterMethod -->
  <testcase classname="com.Raffloux.ApiTest.RafflouxApiTestClass" name="@BeforeMethod beforeMethod" time="0.0">
    <skipped/>
  </testcase> <!-- @BeforeMethod beforeMethod -->
  <testcase classname="com.Raffloux.ApiTest.RafflouxApiTestClass" name="@AfterMethod afterMethod" time="0.0">
    <skipped/>
  </testcase> <!-- @AfterMethod afterMethod -->
  <testcase classname="com.Raffloux.ApiTest.RafflouxApiTestClass" name="@BeforeMethod beforeMethod" time="0.0">
    <skipped/>
  </testcase> <!-- @BeforeMethod beforeMethod -->
  <testcase classname="com.Raffloux.ApiTest.RafflouxApiTestClass" name="@AfterMethod afterMethod" time="0.0">
    <skipped/>
  </testcase> <!-- @AfterMethod afterMethod -->
  <testcase classname="com.Raffloux.ApiTest.RafflouxApiTestClass" name="@BeforeMethod beforeMethod" time="0.0">
    <skipped/>
  </testcase> <!-- @BeforeMethod beforeMethod -->
  <testcase classname="com.Raffloux.ApiTest.RafflouxApiTestClass" name="@AfterMethod afterMethod" time="0.0">
    <skipped/>
  </testcase> <!-- @AfterMethod afterMethod -->
  <testcase classname="com.Raffloux.ApiTest.RafflouxApiTestClass" name="@BeforeMethod beforeMethod" time="0.0">
    <skipped/>
  </testcase> <!-- @BeforeMethod beforeMethod -->
  <testcase classname="com.Raffloux.ApiTest.RafflouxApiTestClass" name="@AfterMethod afterMethod" time="0.0">
    <skipped/>
  </testcase> <!-- @AfterMethod afterMethod -->
  <testcase classname="com.Raffloux.ApiTest.RafflouxApiTestClass" name="@BeforeMethod beforeMethod" time="0.0">
    <skipped/>
  </testcase> <!-- @BeforeMethod beforeMethod -->
  <testcase classname="com.Raffloux.ApiTest.RafflouxApiTestClass" name="@AfterMethod afterMethod" time="0.0">
    <skipped/>
  </testcase> <!-- @AfterMethod afterMethod -->
  <testcase classname="com.Raffloux.ApiTest.RafflouxApiTestClass" name="@BeforeMethod beforeMethod" time="0.0">
    <skipped/>
  </testcase> <!-- @BeforeMethod beforeMethod -->
  <testcase classname="com.Raffloux.ApiTest.RafflouxApiTestClass" name="@AfterMethod afterMethod" time="0.0">
    <skipped/>
  </testcase> <!-- @AfterMethod afterMethod -->
  <testcase classname="com.Raffloux.ApiTest.RafflouxApiTestClass" name="@BeforeMethod beforeMethod" time="0.0">
    <skipped/>
  </testcase> <!-- @BeforeMethod beforeMethod -->
  <testcase classname="com.Raffloux.ApiTest.RafflouxApiTestClass" name="@AfterMethod afterMethod" time="0.0">
    <skipped/>
  </testcase> <!-- @AfterMethod afterMethod -->
  <testcase classname="com.Raffloux.ApiTest.RafflouxApiTestClass" name="@BeforeMethod beforeMethod" time="0.0">
    <skipped/>
  </testcase> <!-- @BeforeMethod beforeMethod -->
  <testcase classname="com.Raffloux.ApiTest.RafflouxApiTestClass" name="@AfterMethod afterMethod" time="0.0">
    <skipped/>
  </testcase> <!-- @AfterMethod afterMethod -->
  <testcase classname="com.Raffloux.ApiTest.RafflouxApiTestClass" name="@BeforeMethod beforeMethod" time="0.0">
    <skipped/>
  </testcase> <!-- @BeforeMethod beforeMethod -->
  <testcase classname="com.Raffloux.ApiTest.RafflouxApiTestClass" name="@AfterMethod afterMethod" time="0.0">
    <skipped/>
  </testcase> <!-- @AfterMethod afterMethod -->
  <testcase classname="com.Raffloux.ApiTest.RafflouxApiTestClass" name="@BeforeMethod beforeMethod" time="0.0">
    <skipped/>
  </testcase> <!-- @BeforeMethod beforeMethod -->
  <testcase classname="com.Raffloux.ApiTest.RafflouxApiTestClass" name="@AfterMethod afterMethod" time="0.0">
    <skipped/>
  </testcase> <!-- @AfterMethod afterMethod -->
  <testcase classname="com.Raffloux.ApiTest.RafflouxApiTestClass" name="@BeforeMethod beforeMethod" time="0.0">
    <skipped/>
  </testcase> <!-- @BeforeMethod beforeMethod -->
  <testcase classname="com.Raffloux.ApiTest.RafflouxApiTestClass" name="@AfterMethod afterMethod" time="0.0">
    <skipped/>
  </testcase> <!-- @AfterMethod afterMethod -->
  <testcase classname="com.Raffloux.ApiTest.RafflouxApiTestClass" name="@BeforeMethod beforeMethod" time="0.0">
    <skipped/>
  </testcase> <!-- @BeforeMethod beforeMethod -->
  <testcase classname="com.Raffloux.ApiTest.RafflouxApiTestClass" name="@AfterMethod afterMethod" time="0.0">
    <skipped/>
  </testcase> <!-- @AfterMethod afterMethod -->
  <testcase classname="com.Raffloux.ApiTest.RafflouxApiTestClass" name="@BeforeMethod beforeMethod" time="0.0">
    <skipped/>
  </testcase> <!-- @BeforeMethod beforeMethod -->
  <testcase classname="com.Raffloux.ApiTest.RafflouxApiTestClass" name="@AfterMethod afterMethod" time="0.0">
    <skipped/>
  </testcase> <!-- @AfterMethod afterMethod -->
  <testcase classname="com.Raffloux.ApiTest.RafflouxApiTestClass" name="@BeforeMethod beforeMethod" time="0.0">
    <skipped/>
  </testcase> <!-- @BeforeMethod beforeMethod -->
  <testcase classname="com.Raffloux.ApiTest.RafflouxApiTestClass" name="@AfterMethod afterMethod" time="0.0">
    <skipped/>
  </testcase> <!-- @AfterMethod afterMethod -->
  <testcase classname="com.Raffloux.ApiTest.RafflouxApiTestClass" name="@BeforeMethod beforeMethod" time="0.0">
    <skipped/>
  </testcase> <!-- @BeforeMethod beforeMethod -->
  <testcase classname="com.Raffloux.ApiTest.RafflouxApiTestClass" name="@AfterMethod afterMethod" time="0.0">
    <skipped/>
  </testcase> <!-- @AfterMethod afterMethod -->
  <testcase classname="com.Raffloux.ApiTest.RafflouxApiTestClass" name="@BeforeMethod beforeMethod" time="0.0">
    <skipped/>
  </testcase> <!-- @BeforeMethod beforeMethod -->
  <testcase classname="com.Raffloux.ApiTest.RafflouxApiTestClass" name="@AfterMethod afterMethod" time="0.0">
    <skipped/>
  </testcase> <!-- @AfterMethod afterMethod -->
  <testcase classname="com.Raffloux.ApiTest.RafflouxApiTestClass" name="@BeforeMethod beforeMethod" time="0.0">
    <skipped/>
  </testcase> <!-- @BeforeMethod beforeMethod -->
  <testcase classname="com.Raffloux.ApiTest.RafflouxApiTestClass" name="@AfterMethod afterMethod" time="0.0">
    <skipped/>
  </testcase> <!-- @AfterMethod afterMethod -->
  <testcase classname="com.Raffloux.ApiTest.RafflouxApiTestClass" name="@BeforeMethod beforeMethod" time="0.0">
    <skipped/>
  </testcase> <!-- @BeforeMethod beforeMethod -->
  <testcase classname="com.Raffloux.ApiTest.RafflouxApiTestClass" name="@AfterMethod afterMethod" time="0.0">
    <skipped/>
  </testcase> <!-- @AfterMethod afterMethod -->
  <testcase classname="com.Raffloux.ApiTest.RafflouxApiTestClass" name="@BeforeMethod beforeMethod" time="0.0">
    <skipped/>
  </testcase> <!-- @BeforeMethod beforeMethod -->
  <testcase classname="com.Raffloux.ApiTest.RafflouxApiTestClass" name="@AfterMethod afterMethod" time="0.0">
    <skipped/>
  </testcase> <!-- @AfterMethod afterMethod -->
  <testcase classname="com.Raffloux.ApiTest.RafflouxApiTestClass" name="@BeforeMethod beforeMethod" time="0.0">
    <skipped/>
  </testcase> <!-- @BeforeMethod beforeMethod -->
  <testcase classname="com.Raffloux.ApiTest.RafflouxApiTestClass" name="@AfterMethod afterMethod" time="0.0">
    <skipped/>
  </testcase> <!-- @AfterMethod afterMethod -->
  <testcase classname="com.Raffloux.ApiTest.RafflouxApiTestClass" name="@BeforeMethod beforeMethod" time="0.0">
    <skipped/>
  </testcase> <!-- @BeforeMethod beforeMethod -->
  <testcase classname="com.Raffloux.ApiTest.RafflouxApiTestClass" name="@AfterMethod afterMethod" time="0.0">
    <skipped/>
  </testcase> <!-- @AfterMethod afterMethod -->
  <testcase classname="com.Raffloux.ApiTest.RafflouxApiTestClass" name="@BeforeMethod beforeMethod" time="0.0">
    <skipped/>
  </testcase> <!-- @BeforeMethod beforeMethod -->
  <testcase classname="com.Raffloux.ApiTest.RafflouxApiTestClass" name="@AfterMethod afterMethod" time="0.0">
    <skipped/>
  </testcase> <!-- @AfterMethod afterMethod -->
  <testcase classname="com.Raffloux.ApiTest.RafflouxApiTestClass" name="@BeforeMethod beforeMethod" time="0.0">
    <skipped/>
  </testcase> <!-- @BeforeMethod beforeMethod -->
  <testcase classname="com.Raffloux.ApiTest.RafflouxApiTestClass" name="@AfterMethod afterMethod" time="0.0">
    <skipped/>
  </testcase> <!-- @AfterMethod afterMethod -->
  <testcase classname="com.Raffloux.ApiTest.RafflouxApiTestClass" name="@BeforeMethod beforeMethod" time="0.0">
    <skipped/>
  </testcase> <!-- @BeforeMethod beforeMethod -->
  <testcase classname="com.Raffloux.ApiTest.RafflouxApiTestClass" name="@AfterMethod afterMethod" time="0.0">
    <skipped/>
  </testcase> <!-- @AfterMethod afterMethod -->
  <testcase classname="com.Raffloux.ApiTest.RafflouxApiTestClass" name="@BeforeMethod beforeMethod" time="0.0">
    <skipped/>
  </testcase> <!-- @BeforeMethod beforeMethod -->
  <testcase classname="com.Raffloux.ApiTest.RafflouxApiTestClass" name="@AfterMethod afterMethod" time="0.0">
    <skipped/>
  </testcase> <!-- @AfterMethod afterMethod -->
  <testcase classname="com.Raffloux.ApiTest.RafflouxApiTestClass" name="@BeforeMethod beforeMethod" time="0.0">
    <skipped/>
  </testcase> <!-- @BeforeMethod beforeMethod -->
  <testcase classname="com.Raffloux.ApiTest.RafflouxApiTestClass" name="@AfterMethod afterMethod" time="0.0">
    <skipped/>
  </testcase> <!-- @AfterMethod afterMethod -->
  <testcase classname="com.Raffloux.ApiTest.RafflouxApiTestClass" name="@BeforeMethod beforeMethod" time="0.0">
    <skipped/>
  </testcase> <!-- @BeforeMethod beforeMethod -->
  <testcase classname="com.Raffloux.ApiTest.RafflouxApiTestClass" name="@AfterMethod afterMethod" time="0.0">
    <skipped/>
  </testcase> <!-- @AfterMethod afterMethod -->
  <testcase classname="com.Raffloux.ApiTest.RafflouxApiTestClass" name="@BeforeMethod beforeMethod" time="0.0">
    <skipped/>
  </testcase> <!-- @BeforeMethod beforeMethod -->
  <testcase classname="com.Raffloux.ApiTest.RafflouxApiTestClass" name="@AfterMethod afterMethod" time="0.0">
    <skipped/>
  </testcase> <!-- @AfterMethod afterMethod -->
  <testcase classname="com.Raffloux.ApiTest.RafflouxApiTestClass" name="@BeforeMethod beforeMethod" time="0.0">
    <skipped/>
  </testcase> <!-- @BeforeMethod beforeMethod -->
  <testcase classname="com.Raffloux.ApiTest.RafflouxApiTestClass" name="@AfterMethod afterMethod" time="0.0">
    <skipped/>
  </testcase> <!-- @AfterMethod afterMethod -->
  <testcase classname="com.Raffloux.ApiTest.RafflouxApiTestClass" name="@BeforeMethod beforeMethod" time="0.0">
    <skipped/>
  </testcase> <!-- @BeforeMethod beforeMethod -->
  <testcase classname="com.Raffloux.ApiTest.RafflouxApiTestClass" name="@AfterMethod afterMethod" time="0.0">
    <skipped/>
  </testcase> <!-- @AfterMethod afterMethod -->
  <testcase classname="com.Raffloux.ApiTest.RafflouxApiTestClass" name="@BeforeMethod beforeMethod" time="0.0">
    <skipped/>
  </testcase> <!-- @BeforeMethod beforeMethod -->
  <testcase classname="com.Raffloux.ApiTest.RafflouxApiTestClass" name="@AfterMethod afterMethod" time="0.0">
    <skipped/>
  </testcase> <!-- @AfterMethod afterMethod -->
  <testcase classname="com.Raffloux.ApiTest.RafflouxApiTestClass" name="@BeforeMethod beforeMethod" time="0.0">
    <skipped/>
  </testcase> <!-- @BeforeMethod beforeMethod -->
  <testcase classname="com.Raffloux.ApiTest.RafflouxApiTestClass" name="@AfterMethod afterMethod" time="0.0">
    <skipped/>
  </testcase> <!-- @AfterMethod afterMethod -->
  <testcase classname="com.Raffloux.ApiTest.RafflouxApiTestClass" name="@BeforeMethod beforeMethod" time="0.0">
    <skipped/>
  </testcase> <!-- @BeforeMethod beforeMethod -->
  <testcase classname="com.Raffloux.ApiTest.RafflouxApiTestClass" name="@AfterMethod afterMethod" time="0.0">
    <skipped/>
  </testcase> <!-- @AfterMethod afterMethod -->
  <testcase classname="com.Raffloux.ApiTest.RafflouxApiTestClass" name="@BeforeMethod beforeMethod" time="0.0">
    <skipped/>
  </testcase> <!-- @BeforeMethod beforeMethod -->
  <testcase classname="com.Raffloux.ApiTest.RafflouxApiTestClass" name="@AfterMethod afterMethod" time="0.0">
    <skipped/>
  </testcase> <!-- @AfterMethod afterMethod -->
  <testcase classname="com.Raffloux.ApiTest.RafflouxApiTestClass" name="@BeforeMethod beforeMethod" time="0.0">
    <skipped/>
  </testcase> <!-- @BeforeMethod beforeMethod -->
  <testcase classname="com.Raffloux.ApiTest.RafflouxApiTestClass" name="@AfterMethod afterMethod" time="0.0">
    <skipped/>
  </testcase> <!-- @AfterMethod afterMethod -->
  <testcase classname="com.Raffloux.ApiTest.RafflouxApiTestClass" name="@BeforeMethod beforeMethod" time="0.0">
    <skipped/>
  </testcase> <!-- @BeforeMethod beforeMethod -->
  <testcase classname="com.Raffloux.ApiTest.RafflouxApiTestClass" name="@AfterMethod afterMethod" time="0.0">
    <skipped/>
  </testcase> <!-- @AfterMethod afterMethod -->
  <testcase classname="com.Raffloux.ApiTest.RafflouxApiTestClass" name="@BeforeMethod beforeMethod" time="0.0">
    <skipped/>
  </testcase> <!-- @BeforeMethod beforeMethod -->
  <testcase classname="com.Raffloux.ApiTest.RafflouxApiTestClass" name="@AfterMethod afterMethod" time="0.0">
    <skipped/>
  </testcase> <!-- @AfterMethod afterMethod -->
  <testcase classname="com.Raffloux.ApiTest.RafflouxApiTestClass" name="@BeforeMethod beforeMethod" time="0.0">
    <skipped/>
  </testcase> <!-- @BeforeMethod beforeMethod -->
  <testcase classname="com.Raffloux.ApiTest.RafflouxApiTestClass" name="@AfterMethod afterMethod" time="0.0">
    <skipped/>
  </testcase> <!-- @AfterMethod afterMethod -->
  <testcase classname="com.Raffloux.ApiTest.RafflouxApiTestClass" name="@BeforeMethod beforeMethod" time="0.0">
    <skipped/>
  </testcase> <!-- @BeforeMethod beforeMethod -->
  <testcase classname="com.Raffloux.ApiTest.RafflouxApiTestClass" name="@AfterMethod afterMethod" time="0.0">
    <skipped/>
  </testcase> <!-- @AfterMethod afterMethod -->
  <testcase classname="com.Raffloux.ApiTest.RafflouxApiTestClass" name="@BeforeMethod beforeMethod" time="0.0">
    <skipped/>
  </testcase> <!-- @BeforeMethod beforeMethod -->
  <testcase classname="com.Raffloux.ApiTest.RafflouxApiTestClass" name="@AfterMethod afterMethod" time="0.0">
    <skipped/>
  </testcase> <!-- @AfterMethod afterMethod -->
  <testcase classname="com.Raffloux.ApiTest.RafflouxApiTestClass" name="@BeforeMethod beforeMethod" time="0.0">
    <skipped/>
  </testcase> <!-- @BeforeMethod beforeMethod -->
  <testcase classname="com.Raffloux.ApiTest.RafflouxApiTestClass" name="@AfterMethod afterMethod" time="0.0">
    <skipped/>
  </testcase> <!-- @AfterMethod afterMethod -->
  <testcase classname="com.Raffloux.ApiTest.RafflouxApiTestClass" name="@BeforeMethod beforeMethod" time="0.0">
    <skipped/>
  </testcase> <!-- @BeforeMethod beforeMethod -->
  <testcase classname="com.Raffloux.ApiTest.RafflouxApiTestClass" name="@AfterMethod afterMethod" time="0.0">
    <skipped/>
  </testcase> <!-- @AfterMethod afterMethod -->
  <testcase classname="com.Raffloux.ApiTest.RafflouxApiTestClass" name="@BeforeMethod beforeMethod" time="0.0">
    <skipped/>
  </testcase> <!-- @BeforeMethod beforeMethod -->
  <testcase classname="com.Raffloux.ApiTest.RafflouxApiTestClass" name="@AfterMethod afterMethod" time="0.0">
    <skipped/>
  </testcase> <!-- @AfterMethod afterMethod -->
  <testcase classname="com.Raffloux.ApiTest.RafflouxApiTestClass" name="@BeforeMethod beforeMethod" time="0.0">
    <skipped/>
  </testcase> <!-- @BeforeMethod beforeMethod -->
  <testcase classname="com.Raffloux.ApiTest.RafflouxApiTestClass" name="@AfterMethod afterMethod" time="0.0">
    <skipped/>
  </testcase> <!-- @AfterMethod afterMethod -->
  <testcase classname="com.Raffloux.ApiTest.RafflouxApiTestClass" name="@BeforeMethod beforeMethod" time="0.0">
    <skipped/>
  </testcase> <!-- @BeforeMethod beforeMethod -->
  <testcase classname="com.Raffloux.ApiTest.RafflouxApiTestClass" name="@AfterMethod afterMethod" time="0.0">
    <skipped/>
  </testcase> <!-- @AfterMethod afterMethod -->
  <testcase classname="com.Raffloux.ApiTest.RafflouxApiTestClass" name="@BeforeMethod beforeMethod" time="0.0">
    <skipped/>
  </testcase> <!-- @BeforeMethod beforeMethod -->
  <testcase classname="com.Raffloux.ApiTest.RafflouxApiTestClass" name="@AfterMethod afterMethod" time="0.0">
    <skipped/>
  </testcase> <!-- @AfterMethod afterMethod -->
  <testcase classname="com.Raffloux.ApiTest.RafflouxApiTestClass" name="@BeforeMethod beforeMethod" time="0.0">
    <skipped/>
  </testcase> <!-- @BeforeMethod beforeMethod -->
  <testcase classname="com.Raffloux.ApiTest.RafflouxApiTestClass" name="@AfterMethod afterMethod" time="0.0">
    <skipped/>
  </testcase> <!-- @AfterMethod afterMethod -->
  <testcase classname="com.Raffloux.ApiTest.RafflouxApiTestClass" name="@BeforeMethod beforeMethod" time="0.0">
    <skipped/>
  </testcase> <!-- @BeforeMethod beforeMethod -->
  <testcase classname="com.Raffloux.ApiTest.RafflouxApiTestClass" name="@AfterMethod afterMethod" time="0.0">
    <skipped/>
  </testcase> <!-- @AfterMethod afterMethod -->
  <testcase classname="com.Raffloux.ApiTest.RafflouxApiTestClass" name="@BeforeMethod beforeMethod" time="0.0">
    <skipped/>
  </testcase> <!-- @BeforeMethod beforeMethod -->
  <testcase classname="com.Raffloux.ApiTest.RafflouxApiTestClass" name="@AfterMethod afterMethod" time="0.0">
    <skipped/>
  </testcase> <!-- @AfterMethod afterMethod -->
  <testcase classname="com.Raffloux.ApiTest.RafflouxApiTestClass" name="@BeforeMethod beforeMethod" time="0.0">
    <skipped/>
  </testcase> <!-- @BeforeMethod beforeMethod -->
  <testcase classname="com.Raffloux.ApiTest.RafflouxApiTestClass" name="@AfterMethod afterMethod" time="0.0">
    <skipped/>
  </testcase> <!-- @AfterMethod afterMethod -->
  <testcase classname="com.Raffloux.ApiTest.RafflouxApiTestClass" name="@BeforeMethod beforeMethod" time="0.0">
    <skipped/>
  </testcase> <!-- @BeforeMethod beforeMethod -->
  <testcase classname="com.Raffloux.ApiTest.RafflouxApiTestClass" name="@AfterMethod afterMethod" time="0.0">
    <skipped/>
  </testcase> <!-- @AfterMethod afterMethod -->
  <testcase classname="com.Raffloux.ApiTest.RafflouxApiTestClass" name="@BeforeMethod beforeMethod" time="0.0">
    <skipped/>
  </testcase> <!-- @BeforeMethod beforeMethod -->
  <testcase classname="com.Raffloux.ApiTest.RafflouxApiTestClass" name="@AfterMethod afterMethod" time="0.0">
    <skipped/>
  </testcase> <!-- @AfterMethod afterMethod -->
  <testcase classname="com.Raffloux.ApiTest.RafflouxApiTestClass" name="@BeforeMethod beforeMethod" time="0.0">
    <skipped/>
  </testcase> <!-- @BeforeMethod beforeMethod -->
  <testcase classname="com.Raffloux.ApiTest.RafflouxApiTestClass" name="@AfterMethod afterMethod" time="0.0">
    <skipped/>
  </testcase> <!-- @AfterMethod afterMethod -->
  <testcase classname="com.Raffloux.ApiTest.RafflouxApiTestClass" name="@BeforeMethod beforeMethod" time="0.0">
    <skipped/>
  </testcase> <!-- @BeforeMethod beforeMethod -->
  <testcase classname="com.Raffloux.ApiTest.RafflouxApiTestClass" name="@AfterMethod afterMethod" time="0.0">
    <skipped/>
  </testcase> <!-- @AfterMethod afterMethod -->
  <testcase classname="com.Raffloux.ApiTest.RafflouxApiTestClass" name="@BeforeMethod beforeMethod" time="0.0">
    <skipped/>
  </testcase> <!-- @BeforeMethod beforeMethod -->
  <testcase classname="com.Raffloux.ApiTest.RafflouxApiTestClass" name="@AfterMethod afterMethod" time="0.0">
    <skipped/>
  </testcase> <!-- @AfterMethod afterMethod -->
  <testcase classname="com.Raffloux.ApiTest.RafflouxApiTestClass" name="@BeforeMethod beforeMethod" time="0.0">
    <skipped/>
  </testcase> <!-- @BeforeMethod beforeMethod -->
  <testcase classname="com.Raffloux.ApiTest.RafflouxApiTestClass" name="@AfterMethod afterMethod" time="0.0">
    <skipped/>
  </testcase> <!-- @AfterMethod afterMethod -->
  <testcase classname="com.Raffloux.ApiTest.RafflouxApiTestClass" name="@BeforeMethod beforeMethod" time="0.0">
    <skipped/>
  </testcase> <!-- @BeforeMethod beforeMethod -->
  <testcase classname="com.Raffloux.ApiTest.RafflouxApiTestClass" name="@AfterMethod afterMethod" time="0.0">
    <skipped/>
  </testcase> <!-- @AfterMethod afterMethod -->
  <testcase classname="com.Raffloux.ApiTest.LoginApiPN" name="@BeforeMethod beforeMethod" time="0.0">
    <skipped/>
  </testcase> <!-- @BeforeMethod beforeMethod -->
  <testcase classname="com.Raffloux.ApiTest.LoginApiPN" name="@AfterMethod afterMethod" time="0.0">
    <skipped/>
  </testcase> <!-- @AfterMethod afterMethod -->
  <testcase classname="com.Raffloux.ApiTest.LoginApiPN" name="@BeforeMethod beforeMethod" time="0.0">
    <skipped/>
  </testcase> <!-- @BeforeMethod beforeMethod -->
  <testcase classname="com.Raffloux.ApiTest.LoginApiPN" name="@AfterMethod afterMethod" time="0.0">
    <skipped/>
  </testcase> <!-- @AfterMethod afterMethod -->
  <testcase classname="com.Raffloux.ApiTest.LoginApiPN" name="@BeforeMethod beforeMethod" time="0.0">
    <skipped/>
  </testcase> <!-- @BeforeMethod beforeMethod -->
  <testcase classname="com.Raffloux.ApiTest.LoginApiPN" name="@AfterMethod afterMethod" time="0.0">
    <skipped/>
  </testcase> <!-- @AfterMethod afterMethod -->
  <testcase classname="com.Raffloux.ApiTest.LoginApiPN" name="@BeforeMethod beforeMethod" time="0.0">
    <skipped/>
  </testcase> <!-- @BeforeMethod beforeMethod -->
  <testcase classname="com.Raffloux.ApiTest.LoginApiPN" name="@AfterMethod afterMethod" time="0.0">
    <skipped/>
  </testcase> <!-- @AfterMethod afterMethod -->
  <testcase classname="com.Raffloux.ApiTest.LoginApiPN" name="@BeforeMethod beforeMethod" time="0.0">
    <skipped/>
  </testcase> <!-- @BeforeMethod beforeMethod -->
  <testcase classname="com.Raffloux.ApiTest.LoginApiPN" name="@AfterMethod afterMethod" time="0.0">
    <skipped/>
  </testcase> <!-- @AfterMethod afterMethod -->
  <testcase classname="com.Raffloux.ApiTest.LoginApiPN" name="@BeforeMethod beforeMethod" time="0.0">
    <skipped/>
  </testcase> <!-- @BeforeMethod beforeMethod -->
  <testcase classname="com.Raffloux.ApiTest.LoginApiPN" name="@AfterMethod afterMethod" time="0.0">
    <skipped/>
  </testcase> <!-- @AfterMethod afterMethod -->
  <testcase classname="com.Raffloux.ApiTest.LoginApiPN" name="@BeforeMethod beforeMethod" time="0.0">
    <skipped/>
  </testcase> <!-- @BeforeMethod beforeMethod -->
  <testcase classname="com.Raffloux.ApiTest.LoginApiPN" name="@AfterMethod afterMethod" time="0.0">
    <skipped/>
  </testcase> <!-- @AfterMethod afterMethod -->
  <testcase classname="com.Raffloux.ApiTest.RafflouxApiTestClass" name="RestApiLoginValidations" time="0.0">
    <skipped/>
  </testcase> <!-- RestApiLoginValidations -->
  <testcase classname="com.Raffloux.ApiTest.RafflouxApiTestClass" name="RestApiLoginValidations" time="0.001">
    <skipped/>
  </testcase> <!-- RestApiLoginValidations -->
  <testcase classname="com.Raffloux.ApiTest.RafflouxApiTestClass" name="RestApiLoginValidations" time="0.001">
    <skipped/>
  </testcase> <!-- RestApiLoginValidations -->
  <testcase classname="com.Raffloux.ApiTest.RafflouxApiTestClass" name="RestApiLoginValidations" time="0.001">
    <skipped/>
  </testcase> <!-- RestApiLoginValidations -->
  <testcase classname="com.Raffloux.ApiTest.RafflouxApiTestClass" name="RestApiLoginValidations" time="0.0">
    <skipped/>
  </testcase> <!-- RestApiLoginValidations -->
  <testcase classname="com.Raffloux.ApiTest.RafflouxApiTestClass" name="RestApiLoginValidations" time="0.001">
    <skipped/>
  </testcase> <!-- RestApiLoginValidations -->
  <testcase classname="com.Raffloux.ApiTest.RafflouxApiTestClass" name="RestApiLoginValidations" time="0.0">
    <skipped/>
  </testcase> <!-- RestApiLoginValidations -->
  <testcase classname="com.Raffloux.ApiTest.RafflouxApiTestClass" name="RestApiLoginValidations" time="0.0">
    <skipped/>
  </testcase> <!-- RestApiLoginValidations -->
  <testcase classname="com.Raffloux.ApiTest.RafflouxApiTestClass" name="RestApiLoginValidations" time="0.0">
    <skipped/>
  </testcase> <!-- RestApiLoginValidations -->
  <testcase classname="com.Raffloux.ApiTest.RafflouxApiTestClass" name="RestApiLoginValidations" time="0.0">
    <skipped/>
  </testcase> <!-- RestApiLoginValidations -->
  <testcase classname="com.Raffloux.ApiTest.RafflouxApiTestClass" name="RestApiLoginValidations" time="0.0">
    <skipped/>
  </testcase> <!-- RestApiLoginValidations -->
  <testcase classname="com.Raffloux.ApiTest.RafflouxApiTestClass" name="RestApiLoginValidations" time="0.0">
    <skipped/>
  </testcase> <!-- RestApiLoginValidations -->
  <testcase classname="com.Raffloux.ApiTest.RafflouxApiTestClass" name="RestApiLoginValidations" time="0.0">
    <skipped/>
  </testcase> <!-- RestApiLoginValidations -->
  <testcase classname="com.Raffloux.ApiTest.RafflouxApiTestClass" name="RestApiLoginValidations" time="0.0">
    <skipped/>
  </testcase> <!-- RestApiLoginValidations -->
  <testcase classname="com.Raffloux.ApiTest.RafflouxApiTestClass" name="RestApiLoginValidations" time="0.001">
    <skipped/>
  </testcase> <!-- RestApiLoginValidations -->
  <testcase classname="com.Raffloux.ApiTest.RafflouxApiTestClass" name="RestApiLoginValidations" time="0.0">
    <skipped/>
  </testcase> <!-- RestApiLoginValidations -->
  <testcase classname="com.Raffloux.ApiTest.RafflouxApiTestClass" name="RestApiLoginValidations" time="0.0">
    <skipped/>
  </testcase> <!-- RestApiLoginValidations -->
  <testcase classname="com.Raffloux.ApiTest.RafflouxApiTestClass" name="RestApiLoginValidations" time="0.0">
    <skipped/>
  </testcase> <!-- RestApiLoginValidations -->
  <testcase classname="com.Raffloux.ApiTest.RafflouxApiTestClass" name="RestApiLoginValidations" time="0.0">
    <skipped/>
  </testcase> <!-- RestApiLoginValidations -->
  <testcase classname="com.Raffloux.ApiTest.RafflouxApiTestClass" name="RestApiLoginValidations" time="0.0">
    <skipped/>
  </testcase> <!-- RestApiLoginValidations -->
  <testcase classname="com.Raffloux.ApiTest.RafflouxApiTestClass" name="RestApiLoginValidations" time="0.0">
    <skipped/>
  </testcase> <!-- RestApiLoginValidations -->
  <testcase classname="com.Raffloux.ApiTest.RafflouxApiTestClass" name="RestApiLoginValidations" time="0.0">
    <skipped/>
  </testcase> <!-- RestApiLoginValidations -->
  <testcase classname="com.Raffloux.ApiTest.RafflouxApiTestClass" name="RestApiLoginValidations" time="0.0">
    <skipped/>
  </testcase> <!-- RestApiLoginValidations -->
  <testcase classname="com.Raffloux.ApiTest.RafflouxApiTestClass" name="RestApiLoginValidations" time="0.0">
    <skipped/>
  </testcase> <!-- RestApiLoginValidations -->
  <testcase classname="com.Raffloux.ApiTest.RafflouxApiTestClass" name="RestApiLoginValidations" time="0.0">
    <skipped/>
  </testcase> <!-- RestApiLoginValidations -->
  <testcase classname="com.Raffloux.ApiTest.RafflouxApiTestClass" name="RestApiLoginValidations" time="0.001">
    <skipped/>
  </testcase> <!-- RestApiLoginValidations -->
  <testcase classname="com.Raffloux.ApiTest.RafflouxApiTestClass" name="RestApiLoginValidations" time="0.0">
    <skipped/>
  </testcase> <!-- RestApiLoginValidations -->
  <testcase classname="com.Raffloux.ApiTest.RafflouxApiTestClass" name="RestApiLoginValidations" time="0.001">
    <skipped/>
  </testcase> <!-- RestApiLoginValidations -->
  <testcase classname="com.Raffloux.ApiTest.RafflouxApiTestClass" name="RestApiLoginValidations" time="0.0">
    <skipped/>
  </testcase> <!-- RestApiLoginValidations -->
  <testcase classname="com.Raffloux.ApiTest.RafflouxApiTestClass" name="RestApiLoginValidations" time="0.0">
    <skipped/>
  </testcase> <!-- RestApiLoginValidations -->
  <testcase classname="com.Raffloux.ApiTest.RafflouxApiTestClass" name="RestApiLoginValidations" time="0.0">
    <skipped/>
  </testcase> <!-- RestApiLoginValidations -->
  <testcase classname="com.Raffloux.ApiTest.RafflouxApiTestClass" name="RestApiLoginValidations" time="0.0">
    <skipped/>
  </testcase> <!-- RestApiLoginValidations -->
  <testcase classname="com.Raffloux.ApiTest.RafflouxApiTestClass" name="RestApiLoginValidations" time="0.0">
    <skipped/>
  </testcase> <!-- RestApiLoginValidations -->
  <testcase classname="com.Raffloux.ApiTest.RafflouxApiTestClass" name="RestApiLoginValidations" time="0.0">
    <skipped/>
  </testcase> <!-- RestApiLoginValidations -->
  <testcase classname="com.Raffloux.ApiTest.RafflouxApiTestClass" name="RestApiLoginValidations" time="0.0">
    <skipped/>
  </testcase> <!-- RestApiLoginValidations -->
  <testcase classname="com.Raffloux.ApiTest.RafflouxApiTestClass" name="RestApiLoginValidations" time="0.0">
    <skipped/>
  </testcase> <!-- RestApiLoginValidations -->
  <testcase classname="com.Raffloux.ApiTest.RafflouxApiTestClass" name="RestApiLoginValidations" time="0.0">
    <skipped/>
  </testcase> <!-- RestApiLoginValidations -->
  <testcase classname="com.Raffloux.ApiTest.RafflouxApiTestClass" name="RestApiLoginValidations" time="0.0">
    <skipped/>
  </testcase> <!-- RestApiLoginValidations -->
  <testcase classname="com.Raffloux.ApiTest.RafflouxApiTestClass" name="RestApiLoginValidations" time="0.0">
    <skipped/>
  </testcase> <!-- RestApiLoginValidations -->
  <testcase classname="com.Raffloux.ApiTest.RafflouxApiTestClass" name="RestApiLoginValidations" time="0.0">
    <skipped/>
  </testcase> <!-- RestApiLoginValidations -->
  <testcase classname="com.Raffloux.ApiTest.RafflouxApiTestClass" name="RestApiLoginValidations" time="0.0">
    <skipped/>
  </testcase> <!-- RestApiLoginValidations -->
  <testcase classname="com.Raffloux.ApiTest.RafflouxApiTestClass" name="RestApiLoginValidations" time="0.0">
    <skipped/>
  </testcase> <!-- RestApiLoginValidations -->
  <testcase classname="com.Raffloux.ApiTest.RafflouxApiTestClass" name="RestApiLoginValidations" time="0.0">
    <skipped/>
  </testcase> <!-- RestApiLoginValidations -->
  <testcase classname="com.Raffloux.ApiTest.RafflouxApiTestClass" name="RestApiLoginValidations" time="0.0">
    <skipped/>
  </testcase> <!-- RestApiLoginValidations -->
  <testcase classname="com.Raffloux.ApiTest.RafflouxApiTestClass" name="RestApiLoginValidations" time="0.001">
    <skipped/>
  </testcase> <!-- RestApiLoginValidations -->
  <testcase classname="com.Raffloux.ApiTest.RafflouxApiTestClass" name="RestApiLoginValidations" time="0.0">
    <skipped/>
  </testcase> <!-- RestApiLoginValidations -->
  <testcase classname="com.Raffloux.ApiTest.RafflouxApiTestClass" name="RestApiLoginValidations" time="0.0">
    <skipped/>
  </testcase> <!-- RestApiLoginValidations -->
  <testcase classname="com.Raffloux.ApiTest.RafflouxApiTestClass" name="RestApiLoginValidations" time="0.0">
    <skipped/>
  </testcase> <!-- RestApiLoginValidations -->
  <testcase classname="com.Raffloux.ApiTest.RafflouxApiTestClass" name="RestApiLoginValidations" time="0.0">
    <skipped/>
  </testcase> <!-- RestApiLoginValidations -->
  <testcase classname="com.Raffloux.ApiTest.RafflouxApiTestClass" name="RestApiLoginValidations" time="0.001">
    <skipped/>
  </testcase> <!-- RestApiLoginValidations -->
  <testcase classname="com.Raffloux.ApiTest.RafflouxApiTestClass" name="RestApiLoginValidations" time="0.0">
    <skipped/>
  </testcase> <!-- RestApiLoginValidations -->
  <testcase classname="com.Raffloux.ApiTest.RafflouxApiTestClass" name="RestApiLoginValidations" time="0.0">
    <skipped/>
  </testcase> <!-- RestApiLoginValidations -->
  <testcase classname="com.Raffloux.ApiTest.RafflouxApiTestClass" name="RestApiLoginValidations" time="0.001">
    <skipped/>
  </testcase> <!-- RestApiLoginValidations -->
  <testcase classname="com.Raffloux.ApiTest.RafflouxApiTestClass" name="RestApiLoginValidations" time="0.0">
    <skipped/>
  </testcase> <!-- RestApiLoginValidations -->
  <testcase classname="com.Raffloux.ApiTest.RafflouxApiTestClass" name="RestApiLoginValidations" time="0.0">
    <skipped/>
  </testcase> <!-- RestApiLoginValidations -->
  <testcase classname="com.Raffloux.ApiTest.RafflouxApiTestClass" name="RestApiLoginValidations" time="0.0">
    <skipped/>
  </testcase> <!-- RestApiLoginValidations -->
  <testcase classname="com.Raffloux.ApiTest.RafflouxApiTestClass" name="RestApiLoginValidations" time="0.0">
    <skipped/>
  </testcase> <!-- RestApiLoginValidations -->
  <testcase classname="com.Raffloux.ApiTest.RafflouxApiTestClass" name="RestApiLoginValidations" time="0.0">
    <skipped/>
  </testcase> <!-- RestApiLoginValidations -->
  <testcase classname="com.Raffloux.ApiTest.RafflouxApiTestClass" name="RestApiLoginValidations" time="0.0">
    <skipped/>
  </testcase> <!-- RestApiLoginValidations -->
  <testcase classname="com.Raffloux.ApiTest.RafflouxApiTestClass" name="RestApiLoginValidations" time="0.0">
    <skipped/>
  </testcase> <!-- RestApiLoginValidations -->
  <testcase classname="com.Raffloux.ApiTest.RafflouxApiTestClass" name="RestApiLoginValidations" time="0.0">
    <skipped/>
  </testcase> <!-- RestApiLoginValidations -->
  <testcase classname="com.Raffloux.ApiTest.RafflouxApiTestClass" name="RestApiLoginValidations" time="0.0">
    <skipped/>
  </testcase> <!-- RestApiLoginValidations -->
  <testcase classname="com.Raffloux.ApiTest.RafflouxApiTestClass" name="RestApiLoginValidations" time="0.0">
    <skipped/>
  </testcase> <!-- RestApiLoginValidations -->
  <testcase classname="com.Raffloux.ApiTest.RafflouxApiTestClass" name="RestApiLoginValidations" time="0.0">
    <skipped/>
  </testcase> <!-- RestApiLoginValidations -->
  <testcase classname="com.Raffloux.ApiTest.RafflouxApiTestClass" name="RestApiLoginValidations" time="0.0">
    <skipped/>
  </testcase> <!-- RestApiLoginValidations -->
  <testcase classname="com.Raffloux.ApiTest.RafflouxApiTestClass" name="RestApiLoginValidations" time="0.0">
    <skipped/>
  </testcase> <!-- RestApiLoginValidations -->
  <testcase classname="com.Raffloux.ApiTest.RafflouxApiTestClass" name="RestApiLoginValidations" time="0.0">
    <skipped/>
  </testcase> <!-- RestApiLoginValidations -->
  <testcase classname="com.Raffloux.ApiTest.RafflouxApiTestClass" name="RestApiLoginValidations" time="0.0">
    <skipped/>
  </testcase> <!-- RestApiLoginValidations -->
  <testcase classname="com.Raffloux.ApiTest.RafflouxApiTestClass" name="RestApiLoginValidations" time="0.0">
    <skipped/>
  </testcase> <!-- RestApiLoginValidations -->
  <testcase classname="com.Raffloux.ApiTest.RafflouxApiTestClass" name="RestApiLoginValidations" time="0.0">
    <skipped/>
  </testcase> <!-- RestApiLoginValidations -->
  <testcase classname="com.Raffloux.ApiTest.RafflouxApiTestClass" name="RestApiLoginValidations" time="0.0">
    <skipped/>
  </testcase> <!-- RestApiLoginValidations -->
  <testcase classname="com.Raffloux.ApiTest.RafflouxApiTestClass" name="RestApiLoginValidations" time="0.0">
    <skipped/>
  </testcase> <!-- RestApiLoginValidations -->
  <testcase classname="com.Raffloux.ApiTest.RafflouxApiTestClass" name="RestApiLoginValidations" time="0.0">
    <skipped/>
  </testcase> <!-- RestApiLoginValidations -->
  <testcase classname="com.Raffloux.ApiTest.RafflouxApiTestClass" name="RestApiLoginValidations" time="0.0">
    <skipped/>
  </testcase> <!-- RestApiLoginValidations -->
  <testcase classname="com.Raffloux.ApiTest.RafflouxApiTestClass" name="RestApiLoginValidations" time="0.0">
    <skipped/>
  </testcase> <!-- RestApiLoginValidations -->
  <testcase classname="com.Raffloux.ApiTest.RafflouxApiTestClass" name="RestApiLoginValidations" time="0.0">
    <skipped/>
  </testcase> <!-- RestApiLoginValidations -->
  <testcase classname="com.Raffloux.ApiTest.RafflouxApiTestClass" name="RestApiLoginValidations" time="0.0">
    <skipped/>
  </testcase> <!-- RestApiLoginValidations -->
  <testcase classname="com.Raffloux.ApiTest.RafflouxApiTestClass" name="RestApiLoginValidations" time="0.0">
    <skipped/>
  </testcase> <!-- RestApiLoginValidations -->
  <testcase classname="com.Raffloux.ApiTest.RafflouxApiTestClass" name="RestApiLoginValidations" time="0.0">
    <skipped/>
  </testcase> <!-- RestApiLoginValidations -->
  <testcase classname="com.Raffloux.ApiTest.RafflouxApiTestClass" name="RestApiLoginValidations" time="0.0">
    <skipped/>
  </testcase> <!-- RestApiLoginValidations -->
  <testcase classname="com.Raffloux.ApiTest.RafflouxApiTestClass" name="RestApiLoginValidations" time="0.0">
    <skipped/>
  </testcase> <!-- RestApiLoginValidations -->
  <testcase classname="com.Raffloux.ApiTest.RafflouxApiTestClass" name="RestApiLoginValidations" time="0.0">
    <skipped/>
  </testcase> <!-- RestApiLoginValidations -->
  <testcase classname="com.Raffloux.ApiTest.RafflouxApiTestClass" name="RestApiLoginValidations" time="0.0">
    <skipped/>
  </testcase> <!-- RestApiLoginValidations -->
  <testcase classname="com.Raffloux.ApiTest.RafflouxApiTestClass" name="RestApiLoginValidations" time="0.0">
    <skipped/>
  </testcase> <!-- RestApiLoginValidations -->
  <testcase classname="com.Raffloux.ApiTest.RafflouxApiTestClass" name="RestApiLoginValidations" time="0.0">
    <skipped/>
  </testcase> <!-- RestApiLoginValidations -->
  <testcase classname="com.Raffloux.ApiTest.RafflouxApiTestClass" name="RestApiLoginValidations" time="0.0">
    <skipped/>
  </testcase> <!-- RestApiLoginValidations -->
  <testcase classname="com.Raffloux.ApiTest.RafflouxApiTestClass" name="RestApiLoginValidations" time="0.0">
    <skipped/>
  </testcase> <!-- RestApiLoginValidations -->
  <testcase classname="com.Raffloux.ApiTest.RafflouxApiTestClass" name="RestApiLoginValidations" time="0.001">
    <skipped/>
  </testcase> <!-- RestApiLoginValidations -->
  <testcase classname="com.Raffloux.ApiTest.RafflouxApiTestClass" name="RestApiLoginValidations" time="0.0">
    <skipped/>
  </testcase> <!-- RestApiLoginValidations -->
  <testcase classname="com.Raffloux.ApiTest.RafflouxApiTestClass" name="RestApiLoginValidations" time="0.0">
    <skipped/>
  </testcase> <!-- RestApiLoginValidations -->
  <testcase classname="com.Raffloux.ApiTest.RafflouxApiTestClass" name="RestApiLoginValidations" time="0.0">
    <skipped/>
  </testcase> <!-- RestApiLoginValidations -->
  <testcase classname="com.Raffloux.ApiTest.RafflouxApiTestClass" name="RestApiLoginValidations" time="0.0">
    <skipped/>
  </testcase> <!-- RestApiLoginValidations -->
  <testcase classname="com.Raffloux.ApiTest.RafflouxApiTestClass" name="RestApiLoginValidations" time="0.0">
    <skipped/>
  </testcase> <!-- RestApiLoginValidations -->
  <testcase classname="com.Raffloux.ApiTest.RafflouxApiTestClass" name="RestApiLoginValidations" time="0.0">
    <skipped/>
  </testcase> <!-- RestApiLoginValidations -->
  <testcase classname="com.Raffloux.ApiTest.RafflouxApiTestClass" name="RestApiLoginValidations" time="0.004">
    <skipped/>
  </testcase> <!-- RestApiLoginValidations -->
  <testcase classname="com.Raffloux.ApiTest.RafflouxApiTestClass" name="RestApiLoginValidations" time="0.0">
    <skipped/>
  </testcase> <!-- RestApiLoginValidations -->
  <testcase classname="com.Raffloux.ApiTest.RafflouxApiTestClass" name="RestApiLoginValidations" time="0.0">
    <skipped/>
  </testcase> <!-- RestApiLoginValidations -->
  <testcase classname="com.Raffloux.ApiTest.RafflouxApiTestClass" name="RestApiLoginValidations" time="0.0">
    <skipped/>
  </testcase> <!-- RestApiLoginValidations -->
  <testcase classname="com.Raffloux.ApiTest.RafflouxApiTestClass" name="RestApiLoginValidations" time="0.0">
    <skipped/>
  </testcase> <!-- RestApiLoginValidations -->
  <testcase classname="com.Raffloux.ApiTest.RafflouxApiTestClass" name="RestApiLoginValidations" time="0.0">
    <skipped/>
  </testcase> <!-- RestApiLoginValidations -->
  <testcase classname="com.Raffloux.ApiTest.RafflouxApiTestClass" name="RestApiLoginValidations" time="0.0">
    <skipped/>
  </testcase> <!-- RestApiLoginValidations -->
  <testcase classname="com.Raffloux.ApiTest.RafflouxApiTestClass" name="RestApiLoginValidations" time="0.0">
    <skipped/>
  </testcase> <!-- RestApiLoginValidations -->
  <testcase classname="com.Raffloux.ApiTest.RafflouxApiTestClass" name="RestApiLoginValidations" time="0.0">
    <skipped/>
  </testcase> <!-- RestApiLoginValidations -->
  <testcase classname="com.Raffloux.ApiTest.RafflouxApiTestClass" name="RestApiLoginValidations" time="0.0">
    <skipped/>
  </testcase> <!-- RestApiLoginValidations -->
  <testcase classname="com.Raffloux.ApiTest.RafflouxApiTestClass" name="RestApiLoginValidations" time="0.0">
    <skipped/>
  </testcase> <!-- RestApiLoginValidations -->
  <testcase classname="com.Raffloux.ApiTest.RafflouxApiTestClass" name="RestApiLoginValidations" time="0.0">
    <skipped/>
  </testcase> <!-- RestApiLoginValidations -->
  <testcase classname="com.Raffloux.ApiTest.RafflouxApiTestClass" name="RestApiLoginValidations" time="0.0">
    <skipped/>
  </testcase> <!-- RestApiLoginValidations -->
  <testcase classname="com.Raffloux.ApiTest.RafflouxApiTestClass" name="RestApiLoginValidations" time="0.0">
    <skipped/>
  </testcase> <!-- RestApiLoginValidations -->
  <testcase classname="com.Raffloux.ApiTest.RafflouxApiTestClass" name="RestApiLoginValidations" time="0.0">
    <skipped/>
  </testcase> <!-- RestApiLoginValidations -->
  <testcase classname="com.Raffloux.ApiTest.RafflouxApiTestClass" name="RestApiLoginValidations" time="0.001">
    <skipped/>
  </testcase> <!-- RestApiLoginValidations -->
  <testcase classname="com.Raffloux.ApiTest.RafflouxApiTestClass" name="RestApiLoginValidations" time="4.868">
    <failure type="org.testng.internal.reflect.MethodMatcherException" message="
[public void com.Raffloux.ApiTest.RafflouxApiTestClass.RestApiLoginValidations(java.lang.String,java.lang.String,java.lang.String,java.lang.String,java.lang.String,double,java.lang.String)] has no parameters defined but was found to be using a data provider (either explicitly specified or inherited from class level annotation).
Data provider mismatch
Method: RestApiLoginValidations([java.lang.String arg0, java.lang.String arg1, java.lang.String arg2, java.lang.String arg3, java.lang.String arg4, double arg5, java.lang.String arg6])
Arguments: [null,null,null]">
      <![CDATA[org.testng.internal.reflect.MethodMatcherException: 
[public void com.Raffloux.ApiTest.RafflouxApiTestClass.RestApiLoginValidations(java.lang.String,java.lang.String,java.lang.String,java.lang.String,java.lang.String,double,java.lang.String)] has no parameters defined but was found to be using a data provider (either explicitly specified or inherited from class level annotation).
Data provider mismatch
Method: RestApiLoginValidations([java.lang.String arg0, java.lang.String arg1, java.lang.String arg2, java.lang.String arg3, java.lang.String arg4, double arg5, java.lang.String arg6])
Arguments: [null,null,null]
at java.base/java.util.ArrayList.forEach(ArrayList.java:1511)
... Removed 22 stack frames]]>
    </failure>
  </testcase> <!-- RestApiLoginValidations -->
  <testcase classname="com.Raffloux.ApiTest.LoginApiPN" name="RafflouxRestApiValidations" time="0.0">
    <skipped/>
  </testcase> <!-- RafflouxRestApiValidations -->
  <testcase classname="com.Raffloux.ApiTest.LoginApiPN" name="RafflouxRestApiValidations" time="0.0">
    <skipped/>
  </testcase> <!-- RafflouxRestApiValidations -->
  <testcase classname="com.Raffloux.ApiTest.LoginApiPN" name="RafflouxRestApiValidations" time="0.0">
    <skipped/>
  </testcase> <!-- RafflouxRestApiValidations -->
  <testcase classname="com.Raffloux.ApiTest.LoginApiPN" name="RafflouxRestApiValidations" time="0.0">
    <skipped/>
  </testcase> <!-- RafflouxRestApiValidations -->
  <testcase classname="com.Raffloux.ApiTest.LoginApiPN" name="RafflouxRestApiValidations" time="0.0">
    <skipped/>
  </testcase> <!-- RafflouxRestApiValidations -->
  <testcase classname="com.Raffloux.ApiTest.LoginApiPN" name="RafflouxRestApiValidations" time="0.0">
    <skipped/>
  </testcase> <!-- RafflouxRestApiValidations -->
  <testcase classname="com.Raffloux.ApiTest.LoginApiPN" name="RafflouxRestApiValidations" time="0.0">
    <skipped/>
  </testcase> <!-- RafflouxRestApiValidations -->
</testsuite> <!-- RESTAPITest -->
